Log file open, 09/21/23 16:41:45
LogWindows: Failed to load 'aqProf.dll' (GetLastError=126)
LogWindows: File 'aqProf.dll' does not exist
LogWindows: Failed to load 'VtuneApi.dll' (GetLastError=126)
LogWindows: File 'VtuneApi.dll' does not exist
LogWindows: Failed to load 'VtuneApi32e.dll' (GetLastError=126)
LogWindows: File 'VtuneApi32e.dll' does not exist
LogConsoleResponse: Display: Failed to find resolution value strings in scalability ini. Falling back to default.
LogInit: Display: Running engine for game: SurvivalMazeExplorer
LogPakFile: Registered encryption key '00000000000000000000000000000000': 0 pak files mounted, 0 remain pending
LogPlatformFile: Not using cached read wrapper
LogTaskGraph: Started task graph with 5 named threads and 35 total threads with 3 sets of task threads.
LogStats: Stats thread started at 0.568409
LogD3D11RHI: Loaded GFSDK_Aftermath_Lib.x64.dll
LogICUInternationalization: ICU TimeZone Detection - Raw Offset: +9:00, Platform Override: ''
LogPluginManager: Mounting plugin Paper2D
LogPluginManager: Mounting plugin AISupport
LogPluginManager: Mounting plugin LightPropagationVolume
LogPluginManager: Mounting plugin ActorLayerUtilities
LogPluginManager: Mounting plugin AnimationSharing
LogPluginManager: Mounting plugin CLionSourceCodeAccess
LogPluginManager: Mounting plugin CodeLiteSourceCodeAccess
LogPluginManager: Mounting plugin GitSourceControl
LogPluginManager: Mounting plugin KDevelopSourceCodeAccess
LogPluginManager: Mounting plugin NullSourceCodeAccess
LogPluginManager: Mounting plugin PerforceSourceControl
LogPluginManager: Mounting plugin SubversionSourceControl
LogPluginManager: Mounting plugin UObjectPlugin
LogPluginManager: Mounting plugin VisualStudioCodeSourceCodeAccess
LogPluginManager: Mounting plugin VisualStudioSourceCodeAccess
LogPluginManager: Mounting plugin XCodeSourceCodeAccess
LogPluginManager: Mounting plugin AssetManagerEditor
LogPluginManager: Mounting plugin CryptoKeys
LogPluginManager: Mounting plugin DataValidation
LogPluginManager: Mounting plugin FacialAnimation
LogPluginManager: Mounting plugin GameplayTagsEditor
LogPluginManager: Mounting plugin MacGraphicsSwitching
LogPluginManager: Mounting plugin MaterialAnalyzer
LogPluginManager: Mounting plugin MobileLauncherProfileWizard
LogPluginManager: Mounting plugin PluginBrowser
LogPluginManager: Mounting plugin SpeedTreeImporter
LogPluginManager: Mounting plugin DatasmithContent
LogPluginManager: Mounting plugin VariantManagerContent
LogPluginManager: Mounting plugin AlembicImporter
LogPluginManager: Mounting plugin AppleImageUtils
LogPluginManager: Mounting plugin AppleVision
LogPluginManager: Mounting plugin BackChannel
LogPluginManager: Mounting plugin CharacterAI
LogPluginManager: Mounting plugin GeometryCache
LogPluginManager: Mounting plugin HTML5Networking
LogPluginManager: Mounting plugin ProxyLODPlugin
LogPluginManager: Mounting plugin SkeletalReduction
LogPluginManager: Mounting plugin Niagara
LogPluginManager: Mounting plugin NiagaraExtras
LogPluginManager: Mounting plugin MagicLeap
LogPluginManager: Mounting plugin MagicLeapMedia
LogPluginManager: Mounting plugin AndroidMedia
LogPluginManager: Mounting plugin AvfMedia
LogPluginManager: Mounting plugin ImgMedia
LogPluginManager: Mounting plugin LinearTimecode
LogPluginManager: Mounting plugin MediaCompositing
LogPluginManager: Mounting plugin MediaPlayerEditor
LogPluginManager: Mounting plugin WebMMedia
LogPluginManager: Mounting plugin WmfMedia
LogPluginManager: Mounting plugin TcpMessaging
LogPluginManager: Mounting plugin UdpMessaging
LogPluginManager: Mounting plugin ActorSequence
LogPluginManager: Mounting plugin LevelSequenceEditor
LogPluginManager: Mounting plugin MatineeToLevelSequence
LogPluginManager: Mounting plugin NetcodeUnitTest
LogPluginManager: Mounting plugin NUTUnrealEngine4
LogPluginManager: Mounting plugin OnlineSubsystemGooglePlay
LogPluginManager: Mounting plugin OnlineSubsystemIOS
LogPluginManager: Mounting plugin OnlineSubsystem
LogPluginManager: Mounting plugin OnlineSubsystemNull
LogPluginManager: Mounting plugin OnlineSubsystemUtils
LogPluginManager: Mounting plugin LauncherChunkInstaller
LogPluginManager: Mounting plugin AnalyticsBlueprintLibrary
LogPluginManager: Mounting plugin FileLogging
LogPluginManager: Mounting plugin AndroidDeviceProfileSelector
LogPluginManager: Mounting plugin AndroidMoviePlayer
LogPluginManager: Mounting plugin AndroidPermission
LogPluginManager: Mounting plugin AppleMoviePlayer
LogPluginManager: Mounting plugin ArchVisCharacter
LogPluginManager: Mounting plugin AudioCapture
LogPluginManager: Mounting plugin CableComponent
LogPluginManager: Mounting plugin CustomMeshComponent
LogPluginManager: Mounting plugin EditableMesh
LogPluginManager: Mounting plugin ExampleDeviceProfileSelector
LogPluginManager: Mounting plugin Firebase
LogPluginManager: Mounting plugin GoogleCloudMessaging
LogPluginManager: Mounting plugin IOSDeviceProfileSelector
LogPluginManager: Mounting plugin LinuxDeviceProfileSelector
LogPluginManager: Mounting plugin LocationServicesBPLibrary
LogPluginManager: Mounting plugin MobilePatchingUtils
LogPluginManager: Mounting plugin OculusVR
LogPluginManager: Mounting plugin PhysXVehicles
LogPluginManager: Mounting plugin ProceduralMeshComponent
LogPluginManager: Mounting plugin RuntimePhysXCooking
LogPluginManager: Mounting plugin SignificanceManager
LogPluginManager: Mounting plugin SteamVR
LogPluginManager: Mounting plugin WebMMoviePlayer
LogPluginManager: Mounting plugin WindowsMoviePlayer
LogInit: Using libcurl 7.55.1-DEV
LogInit:  - built for x86_64-pc-win32
LogInit:  - supports SSL with OpenSSL/1.1.1
LogInit:  - supports HTTP deflate (compression) using libz 1.2.8
LogInit:  - other features:
LogInit:      CURL_VERSION_SSL
LogInit:      CURL_VERSION_LIBZ
LogInit:      CURL_VERSION_IPV6
LogInit:      CURL_VERSION_ASYNCHDNS
LogInit:      CURL_VERSION_LARGEFILE
LogInit:      CURL_VERSION_IDN
LogInit:  CurlRequestOptions (configurable via config and command line):
LogInit:  - bVerifyPeer = true  - Libcurl will verify peer certificate
LogInit:  - bUseHttpProxy = false  - Libcurl will NOT use HTTP proxy
LogInit:  - bDontReuseConnections = false  - Libcurl will reuse connections
LogInit:  - MaxHostConnections = 16  - Libcurl will limit the number of connections to a host
LogInit:  - LocalHostAddr = Default
LogInit:  - BufferSize = 65536
LogInit: WinSock: version 1.1 (2.2), MaxSocks=32767, MaxUdp=65467
LogInit: Build: ++UE4+Release-4.22-CL-7053642
LogInit: Engine Version: 4.22.3-7053642+++UE4+Release-4.22
LogInit: Compatible Engine Version: 4.22.0-5660361+++UE4+Release-4.22
LogInit: Net CL: 5660361
LogInit: OS: Windows 10 (Release 2009) (), CPU: Intel(R) Core(TM) i7-8750H CPU @ 2.20GHz, GPU: Intel(R) UHD Graphics 630
LogInit: Compiled (64-bit): Jun 18 2019 03:09:11
LogInit: Compiled with Visual C++: 19.16.27025.01
LogInit: Build Configuration: Development
LogInit: Branch Name: ++UE4+Release-4.22
LogInit: Command Line: 
LogInit: Base Directory: D:/UE_4.22/Engine/Binaries/Win64/
LogInit: Installed Engine Build: 1
LogDevObjectVersion: Number of dev versions registered: 23
LogDevObjectVersion:   Dev-Blueprints (B0D832E4-1F89-4F0D-ACCF-7EB736FD4AA2): 10
LogDevObjectVersion:   Dev-Build (E1C64328-A22C-4D53-A36C-8E866417BD8C): 0
LogDevObjectVersion:   Dev-Core (375EC13C-06E4-48FB-B500-84F0262A717E): 3
LogDevObjectVersion:   Dev-Editor (E4B068ED-F494-42E9-A231-DA0B2E46BB41): 30
LogDevObjectVersion:   Dev-Framework (CFFC743F-43B0-4480-9391-14DF171D2073): 35
LogDevObjectVersion:   Dev-Mobile (B02B49B5-BB20-44E9-A304-32B752E40360): 2
LogDevObjectVersion:   Dev-Networking (A4E4105C-59A1-49B5-A7C5-40C4547EDFEE): 0
LogDevObjectVersion:   Dev-Online (39C831C9-5AE6-47DC-9A44-9C173E1C8E7C): 0
LogDevObjectVersion:   Dev-Physics (78F01B33-EBEA-4F98-B9B4-84EACCB95AA2): 0
LogDevObjectVersion:   Dev-Platform (6631380F-2D4D-43E0-8009-CF276956A95A): 0
LogDevObjectVersion:   Dev-Rendering (12F88B9F-8875-4AFC-A67C-D90C383ABD29): 28
LogDevObjectVersion:   Dev-Sequencer (7B5AE74C-D270-4C10-A958-57980B212A5A): 11
LogDevObjectVersion:   Dev-VR (D7296918-1DD6-4BDD-9DE2-64A83CC13884): 2
LogDevObjectVersion:   Dev-LoadTimes (C2A15278-BFE7-4AFE-6C17-90FF531DF755): 1
LogDevObjectVersion:   Private-Geometry (6EACA3D4-40EC-4CC1-B786-8BED09428FC5): 3
LogDevObjectVersion:   Dev-AnimPhys (29E575DD-E0A3-4627-9D10-D276232CDCEA): 17
LogDevObjectVersion:   Dev-Anim (AF43A65D-7FD3-4947-9873-3E8ED9C1BB05): 2
LogDevObjectVersion:   Dev-ReflectionCapture (6B266CEC-1EC7-4B8F-A30B-E4D90942FC07): 1
LogDevObjectVersion:   Dev-Automation (0DF73D61-A23F-47EA-B727-89E90C41499A): 1
LogDevObjectVersion:   FortniteMain (601D1886-AC64-4F84-AA16-D3DE0DEAC7D6): 25
LogDevObjectVersion:   Dev-Enterprise (9DFFBCD6-494F-0158-E221-12823C92A888): 6
LogDevObjectVersion:   Dev-Niagara (F2AED0AC-9AFE-416F-8664-AA7FFA26D6FC): 1
LogDevObjectVersion:   Dev-Destruction (174F1F0B-B4C6-45A5-B13F-2EE8D0FB917D): 2
LogInit: Presizing for max 16777216 objects, including 0 objects not considered by GC, pre-allocating 0 bytes for permanent pool.
LogInit: Object subsystem initialized
LogConfig: Setting CVar [[con.DebugEarlyDefault:1]]
LogConfig: Setting CVar [[r.setres:1280x720]]
[2023.09.21-07.41.45:640][  0]LogConfig: Setting CVar [[r.VSync:0]]
[2023.09.21-07.41.45:640][  0]LogConfig: Setting CVar [[r.RHICmdBypass:0]]
[2023.09.21-07.41.45:640][  0]LogConfig: Applying CVar settings from Section [/Script/Engine.RendererSettings] File [D:/Learn-Unreal-s-Blueprint-Visual-Scripting/13. 게임 분석과 디버깅, 펑셔널 테스팅/Saved/Config/Windows/Engine.ini]
[2023.09.21-07.41.45:640][  0]LogConfig: Setting CVar [[r.GPUCrashDebugging:0]]
[2023.09.21-07.41.45:640][  0]LogConfig: Applying CVar settings from Section [/Script/Engine.RendererOverrideSettings] File [D:/Learn-Unreal-s-Blueprint-Visual-Scripting/13. 게임 분석과 디버깅, 펑셔널 테스팅/Saved/Config/Windows/Engine.ini]
[2023.09.21-07.41.45:640][  0]LogConfig: Applying CVar settings from Section [/Script/Engine.StreamingSettings] File [D:/Learn-Unreal-s-Blueprint-Visual-Scripting/13. 게임 분석과 디버깅, 펑셔널 테스팅/Saved/Config/Windows/Engine.ini]
[2023.09.21-07.41.45:640][  0]LogConfig: Setting CVar [[s.MinBulkDataSizeForAsyncLoading:131072]]
[2023.09.21-07.41.45:640][  0]LogConfig: Setting CVar [[s.AsyncLoadingThreadEnabled:0]]
[2023.09.21-07.41.45:640][  0]LogConfig: Setting CVar [[s.EventDrivenLoaderEnabled:1]]
[2023.09.21-07.41.45:640][  0]LogConfig: Setting CVar [[s.WarnIfTimeLimitExceeded:0]]
[2023.09.21-07.41.45:640][  0]LogConfig: Setting CVar [[s.TimeLimitExceededMultiplier:1.5]]
[2023.09.21-07.41.45:640][  0]LogConfig: Setting CVar [[s.TimeLimitExceededMinTime:0.005]]
[2023.09.21-07.41.45:641][  0]LogConfig: Setting CVar [[s.UseBackgroundLevelStreaming:1]]
[2023.09.21-07.41.45:641][  0]LogConfig: Setting CVar [[s.PriorityAsyncLoadingExtraTime:15.0]]
[2023.09.21-07.41.45:641][  0]LogConfig: Setting CVar [[s.LevelStreamingActorsUpdateTimeLimit:5.0]]
[2023.09.21-07.41.45:641][  0]LogConfig: Setting CVar [[s.PriorityLevelStreamingActorsUpdateExtraTime:5.0]]
[2023.09.21-07.41.45:641][  0]LogConfig: Setting CVar [[s.LevelStreamingComponentsRegistrationGranularity:10]]
[2023.09.21-07.41.45:641][  0]LogConfig: Setting CVar [[s.UnregisterComponentsTimeLimit:1.0]]
[2023.09.21-07.41.45:641][  0]LogConfig: Setting CVar [[s.LevelStreamingComponentsUnregistrationGranularity:5]]
[2023.09.21-07.41.45:641][  0]LogConfig: Applying CVar settings from Section [/Script/Engine.GarbageCollectionSettings] File [D:/Learn-Unreal-s-Blueprint-Visual-Scripting/13. 게임 분석과 디버깅, 펑셔널 테스팅/Saved/Config/Windows/Engine.ini]
[2023.09.21-07.41.45:641][  0]LogConfig: Setting CVar [[gc.MaxObjectsNotConsideredByGC:1]]
[2023.09.21-07.41.45:641][  0]LogConfig: Setting CVar [[gc.SizeOfPermanentObjectPool:0]]
[2023.09.21-07.41.45:641][  0]LogConfig: Setting CVar [[gc.FlushStreamingOnGC:0]]
[2023.09.21-07.41.45:641][  0]LogConfig: Setting CVar [[gc.NumRetriesBeforeForcingGC:10]]
[2023.09.21-07.41.45:641][  0]LogConfig: Setting CVar [[gc.AllowParallelGC:1]]
[2023.09.21-07.41.45:641][  0]LogConfig: Setting CVar [[gc.TimeBetweenPurgingPendingKillObjects:61.1]]
[2023.09.21-07.41.45:641][  0]LogConfig: Setting CVar [[gc.MaxObjectsInEditor:16777216]]
[2023.09.21-07.41.45:641][  0]LogConfig: Setting CVar [[gc.IncrementalBeginDestroyEnabled:1]]
[2023.09.21-07.41.45:641][  0]LogConfig: Setting CVar [[gc.CreateGCClusters:1]]
[2023.09.21-07.41.45:641][  0]LogConfig: Setting CVar [[gc.MinGCClusterSize:5]]
[2023.09.21-07.41.45:641][  0]LogConfig: Setting CVar [[gc.ActorClusteringEnabled:0]]
[2023.09.21-07.41.45:641][  0]LogConfig: Setting CVar [[gc.BlueprintClusteringEnabled:0]]
[2023.09.21-07.41.45:641][  0]LogConfig: Setting CVar [[gc.UseDisregardForGCOnDedicatedServers:0]]
[2023.09.21-07.41.45:641][  0]LogConfig: Applying CVar settings from Section [/Script/Engine.NetworkSettings] File [D:/Learn-Unreal-s-Blueprint-Visual-Scripting/13. 게임 분석과 디버깅, 펑셔널 테스팅/Saved/Config/Windows/Engine.ini]
[2023.09.21-07.41.45:641][  0]LogConfig: Applying CVar settings from Section [/Script/UnrealEd.CookerSettings] File [D:/Learn-Unreal-s-Blueprint-Visual-Scripting/13. 게임 분석과 디버깅, 펑셔널 테스팅/Saved/Config/Windows/Engine.ini]
[2023.09.21-07.41.45:643][  0]LogConfig: Applying CVar settings from Section [ViewDistanceQuality@3] File [D:/Learn-Unreal-s-Blueprint-Visual-Scripting/13. 게임 분석과 디버깅, 펑셔널 테스팅/Saved/Config/Windows/Scalability.ini]
[2023.09.21-07.41.45:643][  0]LogConfig: Setting CVar [[r.SkeletalMeshLODBias:0]]
[2023.09.21-07.41.45:643][  0]LogConfig: Setting CVar [[r.ViewDistanceScale:1.0]]
[2023.09.21-07.41.45:643][  0]LogConfig: Applying CVar settings from Section [AntiAliasingQuality@3] File [D:/Learn-Unreal-s-Blueprint-Visual-Scripting/13. 게임 분석과 디버깅, 펑셔널 테스팅/Saved/Config/Windows/Scalability.ini]
[2023.09.21-07.41.45:643][  0]LogConfig: Setting CVar [[r.PostProcessAAQuality:4]]
[2023.09.21-07.41.45:643][  0]LogConfig: Applying CVar settings from Section [ShadowQuality@3] File [D:/Learn-Unreal-s-Blueprint-Visual-Scripting/13. 게임 분석과 디버깅, 펑셔널 테스팅/Saved/Config/Windows/Scalability.ini]
[2023.09.21-07.41.45:643][  0]LogConfig: Setting CVar [[r.LightFunctionQuality:1]]
[2023.09.21-07.41.45:643][  0]LogConfig: Setting CVar [[r.ShadowQuality:5]]
[2023.09.21-07.41.45:643][  0]LogConfig: Setting CVar [[r.Shadow.CSM.MaxCascades:10]]
[2023.09.21-07.41.45:643][  0]LogConfig: Setting CVar [[r.Shadow.MaxResolution:2048]]
[2023.09.21-07.41.45:643][  0]LogConfig: Setting CVar [[r.Shadow.MaxCSMResolution:2048]]
[2023.09.21-07.41.45:643][  0]LogConfig: Setting CVar [[r.Shadow.RadiusThreshold:0.01]]
[2023.09.21-07.41.45:643][  0]LogConfig: Setting CVar [[r.Shadow.DistanceScale:1.0]]
[2023.09.21-07.41.45:643][  0]LogConfig: Setting CVar [[r.Shadow.CSM.TransitionScale:1.0]]
[2023.09.21-07.41.45:643][  0]LogConfig: Setting CVar [[r.Shadow.PreShadowResolutionFactor:1.0]]
[2023.09.21-07.41.45:644][  0]LogConfig: Setting CVar [[r.DistanceFieldShadowing:1]]
[2023.09.21-07.41.45:644][  0]LogConfig: Setting CVar [[r.DistanceFieldAO:1]]
[2023.09.21-07.41.45:644][  0]LogConfig: Setting CVar [[r.AOQuality:2]]
[2023.09.21-07.41.45:644][  0]LogConfig: Setting CVar [[r.VolumetricFog:1]]
[2023.09.21-07.41.45:644][  0]LogConfig: Setting CVar [[r.VolumetricFog.GridPixelSize:8]]
[2023.09.21-07.41.45:644][  0]LogConfig: Setting CVar [[r.VolumetricFog.GridSizeZ:128]]
[2023.09.21-07.41.45:644][  0]LogConfig: Setting CVar [[r.VolumetricFog.HistoryMissSupersampleCount:4]]
[2023.09.21-07.41.45:644][  0]LogConfig: Setting CVar [[r.LightMaxDrawDistanceScale:1]]
[2023.09.21-07.41.45:644][  0]LogConfig: Setting CVar [[r.CapsuleShadows:1]]
[2023.09.21-07.41.45:644][  0]LogConfig: Applying CVar settings from Section [PostProcessQuality@3] File [D:/Learn-Unreal-s-Blueprint-Visual-Scripting/13. 게임 분석과 디버깅, 펑셔널 테스팅/Saved/Config/Windows/Scalability.ini]
[2023.09.21-07.41.45:644][  0]LogConfig: Setting CVar [[r.MotionBlurQuality:4]]
[2023.09.21-07.41.45:644][  0]LogConfig: Setting CVar [[r.AmbientOcclusionMipLevelFactor:0.4]]
[2023.09.21-07.41.45:644][  0]LogConfig: Setting CVar [[r.AmbientOcclusionMaxQuality:100]]
[2023.09.21-07.41.45:644][  0]LogConfig: Setting CVar [[r.AmbientOcclusionLevels:-1]]
[2023.09.21-07.41.45:644][  0]LogConfig: Setting CVar [[r.AmbientOcclusionRadiusScale:1.0]]
[2023.09.21-07.41.45:644][  0]LogConfig: Setting CVar [[r.DepthOfFieldQuality:2]]
[2023.09.21-07.41.45:644][  0]LogConfig: Setting CVar [[r.RenderTargetPoolMin:400]]
[2023.09.21-07.41.45:644][  0]LogConfig: Setting CVar [[r.LensFlareQuality:2]]
[2023.09.21-07.41.45:644][  0]LogConfig: Setting CVar [[r.SceneColorFringeQuality:1]]
[2023.09.21-07.41.45:644][  0]LogConfig: Setting CVar [[r.EyeAdaptationQuality:2]]
[2023.09.21-07.41.45:644][  0]LogConfig: Setting CVar [[r.BloomQuality:5]]
[2023.09.21-07.41.45:644][  0]LogConfig: Setting CVar [[r.FastBlurThreshold:100]]
[2023.09.21-07.41.45:644][  0]LogConfig: Setting CVar [[r.Upscale.Quality:3]]
[2023.09.21-07.41.45:644][  0]LogConfig: Setting CVar [[r.Tonemapper.GrainQuantization:1]]
[2023.09.21-07.41.45:644][  0]LogConfig: Setting CVar [[r.LightShaftQuality:1]]
[2023.09.21-07.41.45:644][  0]LogConfig: Setting CVar [[r.Filter.SizeScale:1]]
[2023.09.21-07.41.45:644][  0]LogConfig: Setting CVar [[r.Tonemapper.Quality:5]]
[2023.09.21-07.41.45:644][  0]LogConfig: Setting CVar [[r.DOF.Gather.AccumulatorQuality:1        ; higher gathering accumulator quality]]
[2023.09.21-07.41.45:644][  0]LogConfig: Setting CVar [[r.DOF.Gather.PostfilterMethod:1          ; Median3x3 postfilering method]]
[2023.09.21-07.41.45:644][  0]LogConfig: Setting CVar [[r.DOF.Gather.EnableBokehSettings:0       ; no bokeh simulation when gathering]]
[2023.09.21-07.41.45:644][  0]LogConfig: Setting CVar [[r.DOF.Gather.RingCount:4                 ; medium number of samples when gathering]]
[2023.09.21-07.41.45:644][  0]LogConfig: Setting CVar [[r.DOF.Scatter.ForegroundCompositing:1    ; additive foreground scattering]]
[2023.09.21-07.41.45:644][  0]LogConfig: Setting CVar [[r.DOF.Scatter.BackgroundCompositing:2    ; additive background scattering]]
[2023.09.21-07.41.45:644][  0]LogConfig: Setting CVar [[r.DOF.Scatter.EnableBokehSettings:1      ; bokeh simulation when scattering]]
[2023.09.21-07.41.45:644][  0]LogConfig: Setting CVar [[r.DOF.Scatter.MaxSpriteRatio:0.1         ; only a maximum of 10% of scattered bokeh]]
[2023.09.21-07.41.45:644][  0]LogConfig: Setting CVar [[r.DOF.Recombine.Quality:1                ; cheap slight out of focus]]
[2023.09.21-07.41.45:644][  0]LogConfig: Setting CVar [[r.DOF.Recombine.EnableBokehSettings:0    ; no bokeh simulation on slight out of focus]]
[2023.09.21-07.41.45:644][  0]LogConfig: Setting CVar [[r.DOF.TemporalAAQuality:1                ; more stable temporal accumulation]]
[2023.09.21-07.41.45:644][  0]LogConfig: Setting CVar [[r.DOF.Kernel.MaxForegroundRadius:0.025]]
[2023.09.21-07.41.45:644][  0]LogConfig: Setting CVar [[r.DOF.Kernel.MaxBackgroundRadius:0.025]]
[2023.09.21-07.41.45:644][  0]LogConfig: Applying CVar settings from Section [TextureQuality@3] File [D:/Learn-Unreal-s-Blueprint-Visual-Scripting/13. 게임 분석과 디버깅, 펑셔널 테스팅/Saved/Config/Windows/Scalability.ini]
[2023.09.21-07.41.45:644][  0]LogConfig: Setting CVar [[r.Streaming.MipBias:0]]
[2023.09.21-07.41.45:644][  0]LogConfig: Setting CVar [[r.Streaming.AmortizeCPUToGPUCopy:0]]
[2023.09.21-07.41.45:644][  0]LogConfig: Setting CVar [[r.Streaming.MaxNumTexturesToStreamPerFrame:0]]
[2023.09.21-07.41.45:644][  0]LogConfig: Setting CVar [[r.Streaming.Boost:1]]
[2023.09.21-07.41.45:644][  0]LogConfig: Setting CVar [[r.MaxAnisotropy:8]]
[2023.09.21-07.41.45:644][  0]LogConfig: Setting CVar [[r.Streaming.LimitPoolSizeToVRAM:0]]
[2023.09.21-07.41.45:644][  0]LogConfig: Setting CVar [[r.Streaming.PoolSize:1000]]
[2023.09.21-07.41.45:644][  0]LogConfig: Setting CVar [[r.Streaming.MaxEffectiveScreenSize:0]]
[2023.09.21-07.41.45:644][  0]LogConfig: Applying CVar settings from Section [EffectsQuality@3] File [D:/Learn-Unreal-s-Blueprint-Visual-Scripting/13. 게임 분석과 디버깅, 펑셔널 테스팅/Saved/Config/Windows/Scalability.ini]
[2023.09.21-07.41.45:644][  0]LogConfig: Setting CVar [[r.TranslucencyLightingVolumeDim:64]]
[2023.09.21-07.41.45:644][  0]LogConfig: Setting CVar [[r.RefractionQuality:2]]
[2023.09.21-07.41.45:644][  0]LogConfig: Setting CVar [[r.SSR.Quality:3]]
[2023.09.21-07.41.45:644][  0]LogConfig: Setting CVar [[r.SceneColorFormat:4]]
[2023.09.21-07.41.45:644][  0]LogConfig: Setting CVar [[r.DetailMode:2]]
[2023.09.21-07.41.45:644][  0]LogConfig: Setting CVar [[r.TranslucencyVolumeBlur:1]]
[2023.09.21-07.41.45:644][  0]LogConfig: Setting CVar [[r.MaterialQualityLevel:1 ; High quality]]
[2023.09.21-07.41.45:644][  0]LogConfig: Setting CVar [[r.SSS.Scale:1]]
[2023.09.21-07.41.45:644][  0]LogConfig: Setting CVar [[r.SSS.SampleSet:2]]
[2023.09.21-07.41.45:644][  0]LogConfig: Setting CVar [[r.SSS.Quality:1]]
[2023.09.21-07.41.45:644][  0]LogConfig: Setting CVar [[r.SSS.HalfRes:1]]
[2023.09.21-07.41.45:644][  0]LogConfig: Setting CVar [[r.EmitterSpawnRateScale:1.0]]
[2023.09.21-07.41.45:644][  0]LogConfig: Setting CVar [[r.ParticleLightQuality:2]]
[2023.09.21-07.41.45:644][  0]LogConfig: Applying CVar settings from Section [FoliageQuality@3] File [D:/Learn-Unreal-s-Blueprint-Visual-Scripting/13. 게임 분석과 디버깅, 펑셔널 테스팅/Saved/Config/Windows/Scalability.ini]
[2023.09.21-07.41.45:644][  0]LogConfig: Setting CVar [[foliage.DensityScale:1.0]]
[2023.09.21-07.41.45:644][  0]LogConfig: Setting CVar [[grass.DensityScale:1.0]]
[2023.09.21-07.41.45:644][  0]LogInit: Selected Device Profile: [Windows]
[2023.09.21-07.41.45:644][  0]LogInit: Applying CVar settings loaded from the selected device profile: [Windows]
[2023.09.21-07.41.45:651][  0]LogHAL: Display: Platform has ~ 16 GB [17016332288 / 17179869184 / 16], which maps to Larger [LargestMinGB=32, LargerMinGB=12, DefaultMinGB=8, SmallerMinGB=6, SmallestMinGB=0)
[2023.09.21-07.41.45:651][  0]LogConfig: Setting CVar [[r.Vulkan.UseRealUBs:0		; Required until we fix HLR fall-out]]
[2023.09.21-07.41.45:651][  0]LogInit: Going up to parent DeviceProfile []
[2023.09.21-07.41.45:651][  0]LogConfig: Applying CVar settings from Section [ViewDistanceQuality@3] File [D:/Learn-Unreal-s-Blueprint-Visual-Scripting/13. 게임 분석과 디버깅, 펑셔널 테스팅/Saved/Config/Windows/Scalability.ini]
[2023.09.21-07.41.45:651][  0]LogConfig: Setting CVar [[r.SkeletalMeshLODBias:0]]
[2023.09.21-07.41.45:651][  0]LogConfig: Setting CVar [[r.ViewDistanceScale:1.0]]
[2023.09.21-07.41.45:652][  0]LogConfig: Applying CVar settings from Section [AntiAliasingQuality@3] File [D:/Learn-Unreal-s-Blueprint-Visual-Scripting/13. 게임 분석과 디버깅, 펑셔널 테스팅/Saved/Config/Windows/Scalability.ini]
[2023.09.21-07.41.45:652][  0]LogConfig: Setting CVar [[r.PostProcessAAQuality:4]]
[2023.09.21-07.41.45:652][  0]LogConfig: Applying CVar settings from Section [ShadowQuality@3] File [D:/Learn-Unreal-s-Blueprint-Visual-Scripting/13. 게임 분석과 디버깅, 펑셔널 테스팅/Saved/Config/Windows/Scalability.ini]
[2023.09.21-07.41.45:652][  0]LogConfig: Setting CVar [[r.LightFunctionQuality:1]]
[2023.09.21-07.41.45:652][  0]LogConfig: Setting CVar [[r.ShadowQuality:5]]
[2023.09.21-07.41.45:652][  0]LogConfig: Setting CVar [[r.Shadow.CSM.MaxCascades:10]]
[2023.09.21-07.41.45:652][  0]LogConfig: Setting CVar [[r.Shadow.MaxResolution:2048]]
[2023.09.21-07.41.45:652][  0]LogConfig: Setting CVar [[r.Shadow.MaxCSMResolution:2048]]
[2023.09.21-07.41.45:652][  0]LogConfig: Setting CVar [[r.Shadow.RadiusThreshold:0.01]]
[2023.09.21-07.41.45:652][  0]LogConfig: Setting CVar [[r.Shadow.DistanceScale:1.0]]
[2023.09.21-07.41.45:652][  0]LogConfig: Setting CVar [[r.Shadow.CSM.TransitionScale:1.0]]
[2023.09.21-07.41.45:652][  0]LogConfig: Setting CVar [[r.Shadow.PreShadowResolutionFactor:1.0]]
[2023.09.21-07.41.45:652][  0]LogConfig: Setting CVar [[r.DistanceFieldShadowing:1]]
[2023.09.21-07.41.45:652][  0]LogConfig: Setting CVar [[r.DistanceFieldAO:1]]
[2023.09.21-07.41.45:652][  0]LogConfig: Setting CVar [[r.AOQuality:2]]
[2023.09.21-07.41.45:652][  0]LogConfig: Setting CVar [[r.VolumetricFog:1]]
[2023.09.21-07.41.45:652][  0]LogConfig: Setting CVar [[r.VolumetricFog.GridPixelSize:8]]
[2023.09.21-07.41.45:652][  0]LogConfig: Setting CVar [[r.VolumetricFog.GridSizeZ:128]]
[2023.09.21-07.41.45:652][  0]LogConfig: Setting CVar [[r.VolumetricFog.HistoryMissSupersampleCount:4]]
[2023.09.21-07.41.45:652][  0]LogConfig: Setting CVar [[r.LightMaxDrawDistanceScale:1]]
[2023.09.21-07.41.45:652][  0]LogConfig: Setting CVar [[r.CapsuleShadows:1]]
[2023.09.21-07.41.45:652][  0]LogConfig: Applying CVar settings from Section [PostProcessQuality@3] File [D:/Learn-Unreal-s-Blueprint-Visual-Scripting/13. 게임 분석과 디버깅, 펑셔널 테스팅/Saved/Config/Windows/Scalability.ini]
[2023.09.21-07.41.45:652][  0]LogConfig: Setting CVar [[r.MotionBlurQuality:4]]
[2023.09.21-07.41.45:652][  0]LogConfig: Setting CVar [[r.AmbientOcclusionMipLevelFactor:0.4]]
[2023.09.21-07.41.45:652][  0]LogConfig: Setting CVar [[r.AmbientOcclusionMaxQuality:100]]
[2023.09.21-07.41.45:652][  0]LogConfig: Setting CVar [[r.AmbientOcclusionLevels:-1]]
[2023.09.21-07.41.45:652][  0]LogConfig: Setting CVar [[r.AmbientOcclusionRadiusScale:1.0]]
[2023.09.21-07.41.45:652][  0]LogConfig: Setting CVar [[r.DepthOfFieldQuality:2]]
[2023.09.21-07.41.45:652][  0]LogConfig: Setting CVar [[r.RenderTargetPoolMin:400]]
[2023.09.21-07.41.45:652][  0]LogConfig: Setting CVar [[r.LensFlareQuality:2]]
[2023.09.21-07.41.45:652][  0]LogConfig: Setting CVar [[r.SceneColorFringeQuality:1]]
[2023.09.21-07.41.45:652][  0]LogConfig: Setting CVar [[r.EyeAdaptationQuality:2]]
[2023.09.21-07.41.45:652][  0]LogConfig: Setting CVar [[r.BloomQuality:5]]
[2023.09.21-07.41.45:652][  0]LogConfig: Setting CVar [[r.FastBlurThreshold:100]]
[2023.09.21-07.41.45:652][  0]LogConfig: Setting CVar [[r.Upscale.Quality:3]]
[2023.09.21-07.41.45:652][  0]LogConfig: Setting CVar [[r.Tonemapper.GrainQuantization:1]]
[2023.09.21-07.41.45:652][  0]LogConfig: Setting CVar [[r.LightShaftQuality:1]]
[2023.09.21-07.41.45:652][  0]LogConfig: Setting CVar [[r.Filter.SizeScale:1]]
[2023.09.21-07.41.45:652][  0]LogConfig: Setting CVar [[r.Tonemapper.Quality:5]]
[2023.09.21-07.41.45:652][  0]LogConfig: Setting CVar [[r.DOF.Gather.AccumulatorQuality:1        ; higher gathering accumulator quality]]
[2023.09.21-07.41.45:652][  0]LogConfig: Setting CVar [[r.DOF.Gather.PostfilterMethod:1          ; Median3x3 postfilering method]]
[2023.09.21-07.41.45:652][  0]LogConfig: Setting CVar [[r.DOF.Gather.EnableBokehSettings:0       ; no bokeh simulation when gathering]]
[2023.09.21-07.41.45:652][  0]LogConfig: Setting CVar [[r.DOF.Gather.RingCount:4                 ; medium number of samples when gathering]]
[2023.09.21-07.41.45:652][  0]LogConfig: Setting CVar [[r.DOF.Scatter.ForegroundCompositing:1    ; additive foreground scattering]]
[2023.09.21-07.41.45:652][  0]LogConfig: Setting CVar [[r.DOF.Scatter.BackgroundCompositing:2    ; additive background scattering]]
[2023.09.21-07.41.45:652][  0]LogConfig: Setting CVar [[r.DOF.Scatter.EnableBokehSettings:1      ; bokeh simulation when scattering]]
[2023.09.21-07.41.45:652][  0]LogConfig: Setting CVar [[r.DOF.Scatter.MaxSpriteRatio:0.1         ; only a maximum of 10% of scattered bokeh]]
[2023.09.21-07.41.45:652][  0]LogConfig: Setting CVar [[r.DOF.Recombine.Quality:1                ; cheap slight out of focus]]
[2023.09.21-07.41.45:652][  0]LogConfig: Setting CVar [[r.DOF.Recombine.EnableBokehSettings:0    ; no bokeh simulation on slight out of focus]]
[2023.09.21-07.41.45:652][  0]LogConfig: Setting CVar [[r.DOF.TemporalAAQuality:1                ; more stable temporal accumulation]]
[2023.09.21-07.41.45:652][  0]LogConfig: Setting CVar [[r.DOF.Kernel.MaxForegroundRadius:0.025]]
[2023.09.21-07.41.45:652][  0]LogConfig: Setting CVar [[r.DOF.Kernel.MaxBackgroundRadius:0.025]]
[2023.09.21-07.41.45:652][  0]LogConfig: Applying CVar settings from Section [TextureQuality@3] File [D:/Learn-Unreal-s-Blueprint-Visual-Scripting/13. 게임 분석과 디버깅, 펑셔널 테스팅/Saved/Config/Windows/Scalability.ini]
[2023.09.21-07.41.45:652][  0]LogConfig: Setting CVar [[r.Streaming.MipBias:0]]
[2023.09.21-07.41.45:652][  0]LogConfig: Setting CVar [[r.Streaming.AmortizeCPUToGPUCopy:0]]
[2023.09.21-07.41.45:652][  0]LogConfig: Setting CVar [[r.Streaming.MaxNumTexturesToStreamPerFrame:0]]
[2023.09.21-07.41.45:652][  0]LogConfig: Setting CVar [[r.Streaming.Boost:1]]
[2023.09.21-07.41.45:652][  0]LogConfig: Setting CVar [[r.MaxAnisotropy:8]]
[2023.09.21-07.41.45:652][  0]LogConfig: Setting CVar [[r.Streaming.LimitPoolSizeToVRAM:0]]
[2023.09.21-07.41.45:652][  0]LogConfig: Setting CVar [[r.Streaming.PoolSize:1000]]
[2023.09.21-07.41.45:652][  0]LogConfig: Setting CVar [[r.Streaming.MaxEffectiveScreenSize:0]]
[2023.09.21-07.41.45:652][  0]LogConfig: Applying CVar settings from Section [EffectsQuality@3] File [D:/Learn-Unreal-s-Blueprint-Visual-Scripting/13. 게임 분석과 디버깅, 펑셔널 테스팅/Saved/Config/Windows/Scalability.ini]
[2023.09.21-07.41.45:652][  0]LogConfig: Setting CVar [[r.TranslucencyLightingVolumeDim:64]]
[2023.09.21-07.41.45:652][  0]LogConfig: Setting CVar [[r.RefractionQuality:2]]
[2023.09.21-07.41.45:652][  0]LogConfig: Setting CVar [[r.SSR.Quality:3]]
[2023.09.21-07.41.45:652][  0]LogConfig: Setting CVar [[r.SceneColorFormat:4]]
[2023.09.21-07.41.45:652][  0]LogConfig: Setting CVar [[r.DetailMode:2]]
[2023.09.21-07.41.45:652][  0]LogConfig: Setting CVar [[r.TranslucencyVolumeBlur:1]]
[2023.09.21-07.41.45:652][  0]LogConfig: Setting CVar [[r.MaterialQualityLevel:1 ; High quality]]
[2023.09.21-07.41.45:652][  0]LogConfig: Setting CVar [[r.SSS.Scale:1]]
[2023.09.21-07.41.45:652][  0]LogConfig: Setting CVar [[r.SSS.SampleSet:2]]
[2023.09.21-07.41.45:652][  0]LogConfig: Setting CVar [[r.SSS.Quality:1]]
[2023.09.21-07.41.45:652][  0]LogConfig: Setting CVar [[r.SSS.HalfRes:1]]
[2023.09.21-07.41.45:652][  0]LogConfig: Setting CVar [[r.EmitterSpawnRateScale:1.0]]
[2023.09.21-07.41.45:652][  0]LogConfig: Setting CVar [[r.ParticleLightQuality:2]]
[2023.09.21-07.41.45:652][  0]LogConfig: Applying CVar settings from Section [FoliageQuality@3] File [D:/Learn-Unreal-s-Blueprint-Visual-Scripting/13. 게임 분석과 디버깅, 펑셔널 테스팅/Saved/Config/Windows/Scalability.ini]
[2023.09.21-07.41.45:652][  0]LogConfig: Setting CVar [[foliage.DensityScale:1.0]]
[2023.09.21-07.41.45:652][  0]LogConfig: Setting CVar [[grass.DensityScale:1.0]]
[2023.09.21-07.41.45:652][  0]LogConfig: Applying CVar settings from Section [Startup] File [../../../Engine/Config/ConsoleVariables.ini]
[2023.09.21-07.41.45:653][  0]LogConfig: Setting CVar [[net.UseAdaptiveNetUpdateFrequency:0]]
[2023.09.21-07.41.45:653][  0]LogConfig: Setting CVar [[p.chaos.AllowCreatePhysxBodies:1]]
[2023.09.21-07.41.45:653][  0]LogConfig: Applying CVar settings from Section [ConsoleVariables] File [D:/Learn-Unreal-s-Blueprint-Visual-Scripting/13. 게임 분석과 디버깅, 펑셔널 테스팅/Saved/Config/Windows/Engine.ini]
[2023.09.21-07.41.45:653][  0]LogInit: Computer: DESKTOP-FVBURUN
[2023.09.21-07.41.45:653][  0]LogInit: User: MDC
[2023.09.21-07.41.45:653][  0]LogInit: CPU Page size=4096, Cores=6
[2023.09.21-07.41.45:653][  0]LogInit: High frequency timer resolution =10.000000 MHz
[2023.09.21-07.41.45:653][  0]LogMemory: Memory total: Physical=15.8GB (16GB approx)
[2023.09.21-07.41.45:653][  0]LogMemory: Platform Memory Stats for Windows
[2023.09.21-07.41.45:653][  0]LogMemory: Process Physical Memory: 100.05 MB used, 100.05 MB peak
[2023.09.21-07.41.45:653][  0]LogMemory: Process Virtual Memory: 93.88 MB used, 93.88 MB peak
[2023.09.21-07.41.45:653][  0]LogMemory: Physical Memory: 7717.68 MB used,  8510.36 MB free, 16228.04 MB total
[2023.09.21-07.41.45:653][  0]LogMemory: Virtual Memory: 4673.04 MB used,  134213056.00 MB free, 134217728.00 MB total
[2023.09.21-07.41.45:698][  0]LogInit: Using OS detected language (ko-KR).
[2023.09.21-07.41.45:698][  0]LogInit: Using OS detected locale (ko-KR).
[2023.09.21-07.41.45:699][  0]LogTextLocalizationManager: No specific localization for 'ko-KR' exists, so the 'ko' localization will be used.
[2023.09.21-07.41.45:771][  0]LogInit: Setting process to per monitor DPI aware
[2023.09.21-07.41.45:794][  0]LogSlate: New Slate User Created.  User Index 0, Is Virtual User: 0
[2023.09.21-07.41.45:794][  0]LogSlate: Slate User Registered.  User Index 0, Is Virtual User: 0
[2023.09.21-07.41.46:015][  0]LogHMD: Failed to initialize OpenVR with code 110
[2023.09.21-07.41.46:015][  0]LogD3D11RHI: D3D11 adapters:
[2023.09.21-07.41.46:153][  0]LogD3D11RHI:    0. 'NVIDIA GeForce GTX 1060' (Feature Level 11_0)
[2023.09.21-07.41.46:153][  0]LogD3D11RHI:       6043/0/8114 MB DedicatedVideo/DedicatedSystem/SharedSystem, Outputs:1, VendorId:0x10de
[2023.09.21-07.41.46:182][  0]LogD3D11RHI:    1. 'Intel(R) UHD Graphics 630' (Feature Level 11_0)
[2023.09.21-07.41.46:182][  0]LogD3D11RHI:       128/0/8114 MB DedicatedVideo/DedicatedSystem/SharedSystem, Outputs:0, VendorId:0x8086
[2023.09.21-07.41.46:184][  0]LogD3D11RHI:    2. 'Microsoft Basic Render Driver' (Feature Level 11_0)
[2023.09.21-07.41.46:184][  0]LogD3D11RHI:       0/0/8114 MB DedicatedVideo/DedicatedSystem/SharedSystem, Outputs:0, VendorId:0x1414
[2023.09.21-07.41.46:184][  0]LogD3D11RHI: Chosen D3D11 Adapter: 0
[2023.09.21-07.41.46:190][  0]LogD3D11RHI: Creating new Direct3DDevice
[2023.09.21-07.41.46:190][  0]LogD3D11RHI:     GPU DeviceId: 0x1c20 (for the marketing name, search the web for "GPU Device Id")
[2023.09.21-07.41.46:190][  0]LogWindows: EnumDisplayDevices:
[2023.09.21-07.41.46:190][  0]LogWindows:    0. 'Intel(R) UHD Graphics 630' (P:1 D:1)
[2023.09.21-07.41.46:191][  0]LogWindows:    1. 'Intel(R) UHD Graphics 630' (P:0 D:0)
[2023.09.21-07.41.46:191][  0]LogWindows:    2. 'Intel(R) UHD Graphics 630' (P:0 D:0)
[2023.09.21-07.41.46:192][  0]LogWindows:    3. 'NVIDIA GeForce GTX 1060' (P:0 D:0)
[2023.09.21-07.41.46:192][  0]LogWindows:    4. 'NVIDIA GeForce GTX 1060' (P:0 D:0)
[2023.09.21-07.41.46:192][  0]LogWindows:    5. 'NVIDIA GeForce GTX 1060' (P:0 D:0)
[2023.09.21-07.41.46:192][  0]LogWindows:    6. 'NVIDIA GeForce GTX 1060' (P:0 D:0)
[2023.09.21-07.41.46:193][  0]LogWindows: DebugString: PrimaryIsNotTheChoosenAdapter PrimaryIsNotTheChoosenAdapter PrimaryIsNotTheChoosenAdapter FoundDriverCount:4 
[2023.09.21-07.41.46:193][  0]LogD3D11RHI:     Adapter Name: NVIDIA GeForce GTX 1060
[2023.09.21-07.41.46:193][  0]LogD3D11RHI:   Driver Version: 536.99 (internal:31.0.15.3699, unified:536.99)
[2023.09.21-07.41.46:193][  0]LogD3D11RHI:      Driver Date: 8-4-2023
[2023.09.21-07.41.46:193][  0]LogRHI: Texture pool is 4230 MB (70% of 6043 MB)
[2023.09.21-07.41.46:257][  0]LogD3D11RHI: Async texture creation enabled
[2023.09.21-07.41.46:264][  0]LogRendererCore: FGlobalReadBuffer::InitRHI
[2023.09.21-07.41.46:265][  0]LogRendererCore: FGlobalReadBuffer::InitRHI
[2023.09.21-07.41.46:265][  0]LogRendererCore: FGlobalReadBuffer::InitRHI
[2023.09.21-07.41.46:274][  0]LogD3D11RHI: GPU Timing Frequency: 1000.000000 (Debug: 2 1)
[2023.09.21-07.41.46:573][  0]LogTemp: Display: Module 'AllDesktopTargetPlatform' loaded TargetPlatform 'AllDesktop'
[2023.09.21-07.41.46:583][  0]LogTemp: Display: Module 'MacClientTargetPlatform' loaded TargetPlatform 'MacClient'
[2023.09.21-07.41.46:595][  0]LogTemp: Display: Module 'MacNoEditorTargetPlatform' loaded TargetPlatform 'MacNoEditor'
[2023.09.21-07.41.46:607][  0]LogTemp: Display: Module 'MacServerTargetPlatform' loaded TargetPlatform 'MacServer'
[2023.09.21-07.41.46:619][  0]LogTemp: Display: Module 'MacTargetPlatform' loaded TargetPlatform 'Mac'
[2023.09.21-07.41.46:631][  0]LogTemp: Display: Module 'WindowsClientTargetPlatform' loaded TargetPlatform 'WindowsClient'
[2023.09.21-07.41.46:642][  0]LogTemp: Display: Module 'WindowsNoEditorTargetPlatform' loaded TargetPlatform 'WindowsNoEditor'
[2023.09.21-07.41.46:655][  0]LogTemp: Display: Module 'WindowsServerTargetPlatform' loaded TargetPlatform 'WindowsServer'
[2023.09.21-07.41.46:660][  0]LogTemp: Display: Module 'WindowsTargetPlatform' loaded TargetPlatform 'Windows'
[2023.09.21-07.41.46:734][  0]LogTemp: Display: Module 'AndroidTargetPlatform' loaded TargetPlatform 'Android'
[2023.09.21-07.41.46:734][  0]LogTemp: Display: Module 'AndroidTargetPlatform' loaded TargetPlatform 'Android_ASTC'
[2023.09.21-07.41.46:734][  0]LogTemp: Display: Module 'AndroidTargetPlatform' loaded TargetPlatform 'Android_ATC'
[2023.09.21-07.41.46:734][  0]LogTemp: Display: Module 'AndroidTargetPlatform' loaded TargetPlatform 'Android_DXT'
[2023.09.21-07.41.46:734][  0]LogTemp: Display: Module 'AndroidTargetPlatform' loaded TargetPlatform 'Android_ETC1'
[2023.09.21-07.41.46:734][  0]LogTemp: Display: Module 'AndroidTargetPlatform' loaded TargetPlatform 'Android_ETC1a'
[2023.09.21-07.41.46:734][  0]LogTemp: Display: Module 'AndroidTargetPlatform' loaded TargetPlatform 'Android_ETC2'
[2023.09.21-07.41.46:734][  0]LogTemp: Display: Module 'AndroidTargetPlatform' loaded TargetPlatform 'Android_PVRTC'
[2023.09.21-07.41.46:734][  0]LogTemp: Display: Module 'AndroidTargetPlatform' loaded TargetPlatform 'AndroidClient'
[2023.09.21-07.41.46:734][  0]LogTemp: Display: Module 'AndroidTargetPlatform' loaded TargetPlatform 'Android_ASTCClient'
[2023.09.21-07.41.46:734][  0]LogTemp: Display: Module 'AndroidTargetPlatform' loaded TargetPlatform 'Android_ATCClient'
[2023.09.21-07.41.46:734][  0]LogTemp: Display: Module 'AndroidTargetPlatform' loaded TargetPlatform 'Android_DXTClient'
[2023.09.21-07.41.46:734][  0]LogTemp: Display: Module 'AndroidTargetPlatform' loaded TargetPlatform 'Android_ETC1Client'
[2023.09.21-07.41.46:734][  0]LogTemp: Display: Module 'AndroidTargetPlatform' loaded TargetPlatform 'Android_ETC1aClient'
[2023.09.21-07.41.46:734][  0]LogTemp: Display: Module 'AndroidTargetPlatform' loaded TargetPlatform 'Android_ETC2Client'
[2023.09.21-07.41.46:734][  0]LogTemp: Display: Module 'AndroidTargetPlatform' loaded TargetPlatform 'Android_PVRTCClient'
[2023.09.21-07.41.46:734][  0]LogTemp: Display: Module 'AndroidTargetPlatform' loaded TargetPlatform 'Android_Multi'
[2023.09.21-07.41.46:734][  0]LogTemp: Display: Module 'AndroidTargetPlatform' loaded TargetPlatform 'Android_MultiClient'
[2023.09.21-07.41.46:735][  0]LogTemp: Display: Module 'HTML5TargetPlatform' loaded TargetPlatform 'HTML5'
[2023.09.21-07.41.46:781][  0]LogTemp: Display: Module 'IOSTargetPlatform' loaded TargetPlatform 'IOSClient'
[2023.09.21-07.41.46:782][  0]LogTemp: Display: Module 'IOSTargetPlatform' loaded TargetPlatform 'IOS'
[2023.09.21-07.41.46:804][  0]LogTemp: Display: Module 'TVOSTargetPlatform' loaded TargetPlatform 'TVOSClient'
[2023.09.21-07.41.46:804][  0]LogTemp: Display: Module 'TVOSTargetPlatform' loaded TargetPlatform 'TVOS'
[2023.09.21-07.41.46:815][  0]LogTemp: Display: Module 'LinuxClientTargetPlatform' loaded TargetPlatform 'LinuxClient'
[2023.09.21-07.41.46:827][  0]LogTemp: Display: Module 'LinuxNoEditorTargetPlatform' loaded TargetPlatform 'LinuxNoEditor'
[2023.09.21-07.41.46:837][  0]LogTemp: Display: Module 'LinuxServerTargetPlatform' loaded TargetPlatform 'LinuxServer'
[2023.09.21-07.41.46:849][  0]LogTemp: Display: Module 'LinuxTargetPlatform' loaded TargetPlatform 'Linux'
[2023.09.21-07.41.46:888][  0]LogTemp: Display: Module 'LuminTargetPlatform' loaded TargetPlatform 'Lumin'
[2023.09.21-07.41.46:888][  0]LogTemp: Display: Module 'LuminTargetPlatform' loaded TargetPlatform 'LuminClient'
[2023.09.21-07.41.46:888][  0]LogTargetPlatformManager: Display: Building Assets For Windows
[2023.09.21-07.41.46:894][  0]LogAudioDebug: Display: Lib vorbis DLL was dynamically loaded.
[2023.09.21-07.41.46:927][  0]LogShaderCompilers: Guid format shader working directory is -34 characters bigger than the processId version (../../../../Learn-Unreal-s-Blueprint-Visual-Scripting/13. 게임 분석과 디버깅, 펑셔널 테스팅/Intermediate/Shaders/WorkingDirectory/18628/).
[2023.09.21-07.41.46:927][  0]LogShaderCompilers: Cleaned the shader compiler working directory 'C:/Users/MDC/AppData/Local/Temp/UnrealShaderWorkingDir/3D56FABE4CD343FC2B3FE9B450217402/'.
[2023.09.21-07.41.46:928][  0]LogXGEController: Cleaning working directory: C:/Users/MDC/AppData/Local/Temp/UnrealXGEWorkingDir/
[2023.09.21-07.41.46:928][  0]LogXGEController: Cannot use XGE Controller as Incredibuild is not installed on this machine.
[2023.09.21-07.41.46:928][  0]LogShaderCompilers: Cannot use XGE Shader Compiler as Incredibuild is not installed on this machine.
[2023.09.21-07.41.46:928][  0]LogShaderCompilers: Display: Using Local Shader Compiler.
[2023.09.21-07.41.47:449][  0]LogDerivedDataCache: Display: Max Cache Size: 512 MB
[2023.09.21-07.41.47:507][  0]LogDerivedDataCache: Loaded boot cache 0.06s 79MB C:/Users/MDC/AppData/Local/UnrealEngine/4.22/DerivedDataCache/Boot.ddc.
[2023.09.21-07.41.47:507][  0]LogDerivedDataCache: Display: Loaded Boot cache: C:/Users/MDC/AppData/Local/UnrealEngine/4.22/DerivedDataCache/Boot.ddc
[2023.09.21-07.41.47:508][  0]LogDerivedDataCache: FDerivedDataBackendGraph:  Pak pak cache file ../../../../Learn-Unreal-s-Blueprint-Visual-Scripting/13. 게임 분석과 디버깅, 펑셔널 테스팅/DerivedDataCache/DDC.ddp not found, will not use a pak cache.
[2023.09.21-07.41.47:508][  0]LogDerivedDataCache: Unable to find inner node Pak for hierarchical cache Hierarchy.
[2023.09.21-07.41.47:508][  0]LogDerivedDataCache: FDerivedDataBackendGraph:  CompressedPak pak cache file ../../../../Learn-Unreal-s-Blueprint-Visual-Scripting/13. 게임 분석과 디버깅, 펑셔널 테스팅/DerivedDataCache/Compressed.ddp not found, will not use a pak cache.
[2023.09.21-07.41.47:508][  0]LogDerivedDataCache: Unable to find inner node CompressedPak for hierarchical cache Hierarchy.
[2023.09.21-07.41.47:520][  0]LogDerivedDataCache: Display: Pak cache opened for reading ../../../Engine/DerivedDataCache/Compressed.ddp.
[2023.09.21-07.41.47:520][  0]LogDerivedDataCache: FDerivedDataBackendGraph:  EnterprisePak pak cache file ../../../Enterprise/DerivedDataCache/Compressed.ddp not found, will not use a pak cache.
[2023.09.21-07.41.47:520][  0]LogDerivedDataCache: Unable to find inner node EnterprisePak for hierarchical cache Hierarchy.
[2023.09.21-07.41.47:531][  0]LogDerivedDataCache: Using Local data cache path C:/Users/MDC/AppData/Local/UnrealEngine/Common/DerivedDataCache: Writable
[2023.09.21-07.41.47:531][  0]LogDerivedDataCache: Shared data cache path not found in *engine.ini, will not use an Shared cache.
[2023.09.21-07.41.47:531][  0]LogDerivedDataCache: Unable to find inner node Shared for hierarchical cache Hierarchy.
[2023.09.21-07.41.47:555][  0]LogMaterial: Verifying Global Shaders for PCD3D_SM5
[2023.09.21-07.41.47:556][  0]LogSlate: Using FreeType 2.6.0
[2023.09.21-07.41.47:557][  0]LogSlate: SlateFontServices - WITH_FREETYPE: 1, WITH_HARFBUZZ: 1
[2023.09.21-07.41.47:634][  0]LogAssetRegistry: FAssetRegistry took 0.0323 seconds to start up
[2023.09.21-07.41.48:048][  0]LogPackageName: Warning: Asset path "S_ClothTarps_03.SM.Mesh.S_ClothTarps_03" is in short form, which is unsupported and -- even if valid -- resolving it will be really slow.
[2023.09.21-07.41.48:048][  0]LogPackageName: Warning: Please consider resaving package in order to speed-up loading.
[2023.09.21-07.41.48:048][  0]LogPackageName: SearchForPackageOnDisk took   0.079s, but failed to resolve S_ClothTarps_03.
[2023.09.21-07.41.48:048][  0]LogPackageName: Warning: Asset path "S_ClothTarps_03.SM.Mesh.S_ClothTarps_03" could not be resolved.
[2023.09.21-07.41.48:048][  0]LogInit: Selected Device Profile: [Windows]
[2023.09.21-07.41.48:216][  0]LogMeshReduction: Using QuadricMeshReduction for automatic static mesh reduction
[2023.09.21-07.41.48:216][  0]LogMeshReduction: Using SimplygonMeshReduction for automatic skeletal mesh reduction
[2023.09.21-07.41.48:216][  0]LogMeshReduction: Using ProxyLODMeshReduction for automatic mesh merging
[2023.09.21-07.41.48:216][  0]LogMeshReduction: No distributed automatic mesh merging module available
[2023.09.21-07.41.48:216][  0]LogMeshMerging: No distributed automatic mesh merging module available
[2023.09.21-07.41.48:228][  0]LogNetVersion: SurvivalMazeExplorer 1.0.0, NetCL: 5660361, EngineNetVer: 10, GameNetVer: 0 (Checksum: 2621776053)
[2023.09.21-07.41.48:667][  0]LogPackageLocalizationCache: Processed 12 localized package path(s) for 1 prioritized culture(s) in 0.030215 seconds
[2023.09.21-07.41.48:673][  0]LogUObjectArray: 42218 objects as part of root set at end of initial load.
[2023.09.21-07.41.48:673][  0]LogUObjectAllocator: 7328024 out of 0 bytes used by permanent object pool.
[2023.09.21-07.41.48:673][  0]LogUObjectArray: CloseDisregardForGC: 0/0 objects in disregard for GC pool
[2023.09.21-07.41.49:394][  0]LogTcpMessaging: Initializing TcpMessaging bridge
[2023.09.21-07.41.49:408][  0]LogUdpMessaging: Initializing bridge on interface 0.0.0.0:0 to multicast group 230.0.0.1:6666.
[2023.09.21-07.41.49:510][  0]SourceControl: 소스 컨트롤이 꺼져 있습니다.
[2023.09.21-07.41.49:511][  0]SourceControl: 소스 컨트롤이 꺼져 있습니다.
[2023.09.21-07.41.49:511][  0]SourceControl: 소스 컨트롤이 꺼져 있습니다.
[2023.09.21-07.41.49:512][  0]SourceControl: 소스 컨트롤이 꺼져 있습니다.
[2023.09.21-07.41.49:595][  0]LogAndroidPermission: UAndroidPermissionCallbackProxy::GetInstance
[2023.09.21-07.41.49:669][  0]LogOcInput: OculusInput pre-init called
[2023.09.21-07.41.50:268][  0]LogEngine: Initializing Engine...
[2023.09.21-07.41.50:269][  0]LogHMD: Failed to initialize OpenVR with code 110
[2023.09.21-07.41.50:270][  0]LogStats: UGameplayTagsManager::InitializeManager -  0.000 s
[2023.09.21-07.41.50:489][  0]LogInit: Initializing FReadOnlyCVARCache
[2023.09.21-07.41.50:498][  0]LogAIModule: Creating AISystem for world Untitled
[2023.09.21-07.41.50:531][  0]LogInit: XAudio2 using '헤드폰(Galaxy Buds+ (6D4C))' : 2 channels at 48 kHz using 16 bits per sample (channel mask 0x3)
[2023.09.21-07.41.50:547][  0]LogInit: FAudioDevice initialized.
[2023.09.21-07.41.50:547][  0]LogNetVersion: Set ProjectVersion to 1.0.0.0. Version Checksum will be recalculated on next use.
[2023.09.21-07.41.50:733][  0]LogDerivedDataCache: Saved boot cache 0.19s 79MB C:/Users/MDC/AppData/Local/UnrealEngine/4.22/DerivedDataCache/Boot.ddc.
[2023.09.21-07.41.50:738][  0]LogInit: Texture streaming: Enabled
[2023.09.21-07.41.50:750][  0]LogEngineSessionManager: EngineSessionManager initialized
[2023.09.21-07.41.50:767][  0]LogInit: Transaction tracking system initialized
[2023.09.21-07.41.50:787][  0]BlueprintLog: New page: 에디터 로드
[2023.09.21-07.41.50:851][  0]LocalizationService: 현지화 서비스가 비활성화되었습니다.
[2023.09.21-07.41.51:103][  0]LogCook: Display: Max memory allowance for cook 16384mb min free memory 0mb
[2023.09.21-07.41.51:103][  0]LogCook: Display: Mobile HDR setting 1
[2023.09.21-07.41.51:237][  0]LogFileCache: Scanning file cache for directory 'D:/Learn-Unreal-s-Blueprint-Visual-Scripting/13. 게임 분석과 디버깅, 펑셔널 테스팅/Content/' took 0.02s
[2023.09.21-07.41.51:237][  0]SourceControl: 소스 컨트롤이 꺼져 있습니다.
[2023.09.21-07.41.51:237][  0]Cmd: MAP LOAD FILE="../../../../Learn-Unreal-s-Blueprint-Visual-Scripting/13. 게임 분석과 디버깅, 펑셔널 테스팅/Content/FirstPersonBP/Maps/MazeSurvivalMap.umap" TEMPLATE=0 SHOWPROGRESS=1 FEATURELEVEL=3
[2023.09.21-07.41.51:237][  0]LightingResults: New page: 라이팅 빌드
[2023.09.21-07.41.51:239][  0]MapCheck: New page: 맵 체크
[2023.09.21-07.41.51:239][  0]LightingResults: New page: 라이팅 빌드
[2023.09.21-07.41.51:266][  0]LogUObjectHash: Compacting FUObjectHashTables data took   1.46ms
[2023.09.21-07.41.51:760][  0]LogAIModule: Creating AISystem for world MazeSurvivalMap
[2023.09.21-07.41.51:777][  0]LogEditorServer: Finished looking for orphan Actors (0.000 secs)
[2023.09.21-07.41.51:808][  0]LogUObjectHash: Compacting FUObjectHashTables data took   2.14ms
[2023.09.21-07.41.51:808][  0]Cmd: MAP CHECKDEP NOCLEARLOG
[2023.09.21-07.41.51:808][  0]MapCheck: 맵 체크 완료: 오류 0 회, 경고 0 회, 소요 시간 0.079ms.
[2023.09.21-07.41.51:808][  0]LogFileHelpers: Loading map 'MazeSurvivalMap' took 0.571
[2023.09.21-07.41.52:876][  0]LogSlate: Only BGRA pngs, bmps or icos are supported in by External Image Picker
[2023.09.21-07.41.52:928][  0]LogSlate: Updating window title bar state: overlay mode, drag disabled, window buttons hidden, title bar hidden
[2023.09.21-07.41.52:937][  0]LogSlate: Updating window title bar state: overlay mode, drag disabled, window buttons hidden, title bar hidden
[2023.09.21-07.41.52:944][  0]LogSlate: Updating window title bar state: overlay mode, drag disabled, window buttons hidden, title bar hidden
[2023.09.21-07.41.52:951][  0]LogSlate: Updating window title bar state: overlay mode, drag disabled, window buttons hidden, title bar hidden
[2023.09.21-07.41.52:954][  0]LogCollectionManager: Loaded 0 collections in 0.000739 seconds
[2023.09.21-07.41.52:993][  0]LogFileCache: Scanning file cache for directory 'D:/Learn-Unreal-s-Blueprint-Visual-Scripting/13. 게임 분석과 디버깅, 펑셔널 테스팅/Saved/Collections/' took 0.01s
[2023.09.21-07.41.52:993][  0]LogFileCache: Scanning file cache for directory 'D:/Learn-Unreal-s-Blueprint-Visual-Scripting/13. 게임 분석과 디버깅, 펑셔널 테스팅/Content/Developers/MDC/Collections/' took 0.01s
[2023.09.21-07.41.52:993][  0]LogFileCache: Scanning file cache for directory 'D:/Learn-Unreal-s-Blueprint-Visual-Scripting/13. 게임 분석과 디버깅, 펑셔널 테스팅/Content/Collections/' took 0.01s
[2023.09.21-07.41.52:993][  0]LogCollectionManager: Rebuilt the GUID cache for 0 collections in 0.000000 seconds
[2023.09.21-07.41.53:001][  0]LogContentBrowser: Native class hierarchy populated in 0.0079 seconds. Added 2854 classes and 678 folders.
[2023.09.21-07.41.53:007][  0]LogContentBrowser: Native class hierarchy updated for 'WidgetCarousel' in 0.0002 seconds. Added 0 classes and 0 folders.
[2023.09.21-07.41.53:008][  0]LogPakFile: Registered encryption key '00000000000000000000000000000000': 0 pak files mounted, 0 remain pending
[2023.09.21-07.41.53:009][  0]LogPakFile: Registered encryption key '00000000000000000000000000000000': 0 pak files mounted, 0 remain pending
[2023.09.21-07.41.53:009][  0]LogPakFile: Registered encryption key '00000000000000000000000000000000': 0 pak files mounted, 0 remain pending
[2023.09.21-07.41.53:009][  0]LogPakFile: Registered encryption key '00000000000000000000000000000000': 0 pak files mounted, 0 remain pending
[2023.09.21-07.41.53:010][  0]LogPakFile: Registered encryption key '00000000000000000000000000000000': 0 pak files mounted, 0 remain pending
[2023.09.21-07.41.53:010][  0]LogPakFile: Registered encryption key '00000000000000000000000000000000': 0 pak files mounted, 0 remain pending
[2023.09.21-07.41.53:010][  0]LogPakFile: Registered encryption key '00000000000000000000000000000000': 0 pak files mounted, 0 remain pending
[2023.09.21-07.41.53:011][  0]LogPakFile: Registered encryption key '00000000000000000000000000000000': 0 pak files mounted, 0 remain pending
[2023.09.21-07.41.53:011][  0]LogPakFile: Registered encryption key '00000000000000000000000000000000': 0 pak files mounted, 0 remain pending
[2023.09.21-07.41.53:011][  0]LogPakFile: Registered encryption key '00000000000000000000000000000000': 0 pak files mounted, 0 remain pending
[2023.09.21-07.41.53:011][  0]LogPakFile: Registered encryption key '00000000000000000000000000000000': 0 pak files mounted, 0 remain pending
[2023.09.21-07.41.53:012][  0]LogPakFile: Registered encryption key '00000000000000000000000000000000': 0 pak files mounted, 0 remain pending
[2023.09.21-07.41.53:012][  0]LogPakFile: Registered encryption key '00000000000000000000000000000000': 0 pak files mounted, 0 remain pending
[2023.09.21-07.41.53:012][  0]LogPakFile: Registered encryption key '00000000000000000000000000000000': 0 pak files mounted, 0 remain pending
[2023.09.21-07.41.53:013][  0]LogPakFile: Registered encryption key '00000000000000000000000000000000': 0 pak files mounted, 0 remain pending
[2023.09.21-07.41.53:013][  0]LogPakFile: Registered encryption key '00000000000000000000000000000000': 0 pak files mounted, 0 remain pending
[2023.09.21-07.41.53:013][  0]LogPakFile: Registered encryption key '00000000000000000000000000000000': 0 pak files mounted, 0 remain pending
[2023.09.21-07.41.53:014][  0]LogPakFile: Registered encryption key '00000000000000000000000000000000': 0 pak files mounted, 0 remain pending
[2023.09.21-07.41.53:014][  0]LogPakFile: Registered encryption key '00000000000000000000000000000000': 0 pak files mounted, 0 remain pending
[2023.09.21-07.41.53:014][  0]LogPakFile: Registered encryption key '00000000000000000000000000000000': 0 pak files mounted, 0 remain pending
[2023.09.21-07.41.53:015][  0]LogPakFile: Registered encryption key '00000000000000000000000000000000': 0 pak files mounted, 0 remain pending
[2023.09.21-07.41.53:015][  0]LogPakFile: Registered encryption key '00000000000000000000000000000000': 0 pak files mounted, 0 remain pending
[2023.09.21-07.41.53:015][  0]LogPakFile: Registered encryption key '00000000000000000000000000000000': 0 pak files mounted, 0 remain pending
[2023.09.21-07.41.53:016][  0]LogPakFile: Registered encryption key '00000000000000000000000000000000': 0 pak files mounted, 0 remain pending
[2023.09.21-07.41.53:016][  0]LogPakFile: Registered encryption key '00000000000000000000000000000000': 0 pak files mounted, 0 remain pending
[2023.09.21-07.41.53:017][  0]LogPakFile: Registered encryption key '00000000000000000000000000000000': 0 pak files mounted, 0 remain pending
[2023.09.21-07.41.53:033][  0]LogContentBrowser: Native class hierarchy updated for 'AddContentDialog' in 0.0002 seconds. Added 0 classes and 0 folders.
[2023.09.21-07.41.53:038][  0]LogContentBrowser: Native class hierarchy updated for 'SceneOutliner' in 0.0002 seconds. Added 1 classes and 2 folders.
[2023.09.21-07.41.53:111][  0]LogSlate: Took 0.000152 seconds to synchronously load lazily loaded font '../../../Engine/Content/Slate/Fonts/Roboto-Regular.ttf' (155K)
[2023.09.21-07.41.53:117][  0]LogSlate: Took 0.003802 seconds to synchronously load lazily loaded font '../../../Engine/Content/Editor/Slate/Fonts/NanumGothic.ttf' (4243K)
[2023.09.21-07.41.53:123][  0]LogSlate: Took 0.003169 seconds to synchronously load lazily loaded font '../../../Engine/Content/Editor/Slate/Fonts/NanumGothicBold.ttf' (4188K)
[2023.09.21-07.41.53:124][  0]LogSlate: Took 0.000817 seconds to synchronously load lazily loaded font '../../../Engine/Content/Slate/Fonts/Roboto-Bold.ttf' (160K)
[2023.09.21-07.41.53:128][  0]LogSlate: Took 0.000130 seconds to synchronously load lazily loaded font '../../../Engine/Content/Editor/Slate/Fonts/FontAwesome.ttf' (139K)
[2023.09.21-07.41.53:193][  0]LogRenderer: Reallocating scene render targets to support 1208x568 Format 10 NumSamples 1 (Frame:1).
[2023.09.21-07.41.53:368][  0]LogContentBrowser: Native class hierarchy updated for 'HierarchicalLODOutliner' in 0.0002 seconds. Added 0 classes and 0 folders.
[2023.09.21-07.41.53:368][  0]LogLoad: (Engine Initialization) Total time: 9.55 seconds
[2023.09.21-07.41.53:368][  0]LogLoad: (Engine Initialization) Total Blueprint compile time: 0.00 seconds
[2023.09.21-07.41.53:447][  0]LogAssetRegistry: Asset discovery search completed in 5.8349 seconds
[2023.09.21-07.41.53:449][  0]LogCollectionManager: Rebuilt the object cache for 0 collections in 0.000000 seconds (found 0 objects)
[2023.09.21-07.41.53:449][  0]LogCollectionManager: Fixed up redirectors for 0 collections in 0.000043 seconds (updated 0 objects)
[2023.09.21-07.41.53:450][  0]LogContentStreaming: Texture pool size now 1000 MB
[2023.09.21-07.41.53:490][  0]LogSlate: Took 0.000094 seconds to synchronously load lazily loaded font '../../../Engine/Content/Slate/Fonts/Roboto-Light.ttf' (167K)
[2023.09.21-07.42.58:944][335]LogSlate: FSceneViewport::OnFocusLost() reason 0
[2023.09.21-07.42.59:083][343]LogSlate: Took 0.000141 seconds to synchronously load lazily loaded font '../../../Engine/Content/Slate/Fonts/Roboto-Light.ttf' (167K)
[2023.09.21-07.42.59:115][343]LogAIModule: Creating AISystem for world FTEST_FallingOff
[2023.09.21-07.42.59:124][343]LogAssetEditorManager: Opening Asset editor for World /Game/Maps/FTEST_FallingOff.FTEST_FallingOff
[2023.09.21-07.42.59:149][343]LogUObjectHash: Compacting FUObjectHashTables data took   1.91ms
[2023.09.21-07.42.59:149][343]Cmd: MAP LOAD FILE="../../../../Learn-Unreal-s-Blueprint-Visual-Scripting/13. 게임 분석과 디버깅, 펑셔널 테스팅/Content/Maps/FTEST_FallingOff.umap" TEMPLATE=0 SHOWPROGRESS=1 FEATURELEVEL=3
[2023.09.21-07.42.59:149][343]LightingResults: New page: 라이팅 빌드
[2023.09.21-07.42.59:149][343]LoadErrors: New page: 맵 로드중: FTEST_FallingOff.umap
[2023.09.21-07.42.59:151][343]MapCheck: New page: 맵 체크
[2023.09.21-07.42.59:151][343]LightingResults: New page: 라이팅 빌드
[2023.09.21-07.42.59:181][343]LogUObjectHash: Compacting FUObjectHashTables data took   1.82ms
[2023.09.21-07.42.59:227][343]LogEditorServer: Finished looking for orphan Actors (0.000 secs)
[2023.09.21-07.42.59:253][343]LogUObjectHash: Compacting FUObjectHashTables data took   1.37ms
[2023.09.21-07.42.59:268][343]Cmd: MAP CHECKDEP NOCLEARLOG
[2023.09.21-07.42.59:269][343]MapCheck: 맵 체크 완료: 오류 0 회, 경고 0 회, 소요 시간 0.078ms.
[2023.09.21-07.42.59:269][343]LogFileHelpers: Loading map 'FTEST_FallingOff' took 0.120
[2023.09.21-07.43.04:455][630]LogWindowsTextInputMethodSystem: Display: IME system now activated using TSF (Microsoft 입력기).
[2023.09.21-07.43.12:927][ 46]LogAIModule: Creating AISystem for world MazeSurvivalMap
[2023.09.21-07.43.12:927][ 46]LogMaterial: Warning: Material /Game/InfinityBladeGrassLands/Environments/Earth/Materials/M_LeavesPile.M_LeavesPile needed to have new flag set bUsedWithInstancedStaticMeshes !
[2023.09.21-07.43.12:933][ 46]LogMaterial: Display: Missing cached shader map for material M_LeavesPile, compiling. 
[2023.09.21-07.43.13:031][ 46]MapCheck: Warning: M_LeavesPile /Game/InfinityBladeGrassLands/Environments/Earth/Materials/M_LeavesPile.M_LeavesPile 머티리얼이 bUsedWithInstancedStaticMeshes 사용 플래그에 빠져있었습니다. 머티리얼 애셋이 재저장되지 않은 경우, 에디터 밖에서 실행시 제대로 렌더링되지 않을 수 있습니다. 픽스
[2023.09.21-07.43.13:046][ 46]LogMaterial: Warning: Material /Game/InfinityBladeGrassLands/Environments/Plains/Env_Plains_Flora/Materials/M_Plains_Tree_Stump01.M_Plains_Tree_Stump01 needed to have new flag set bUsedWithInstancedStaticMeshes !
[2023.09.21-07.43.13:050][ 46]LogMaterial: Display: Missing cached shader map for material M_Plains_Tree_Stump01, compiling. 
[2023.09.21-07.43.13:097][ 46]MapCheck: Warning: M_Plains_Tree_Stump01 /Game/InfinityBladeGrassLands/Environments/Plains/Env_Plains_Flora/Materials/M_Plains_Tree_Stump01.M_Plains_Tree_Stump01 머티리얼이 bUsedWithInstancedStaticMeshes 사용 플래그에 빠져있었습니다. 머티리얼 애셋이 재저장되지 않은 경우, 에디터 밖에서 실행시 제대로 렌더링되지 않을 수 있습니다. 픽스
[2023.09.21-07.43.13:098][ 46]LogMaterial: Warning: Material /Game/InfinityBladeGrassLands/Environments/Plains/Env_Plains_Flora/Materials/M_PLains_Fern01.M_PLains_Fern01 needed to have new flag set bUsedWithInstancedStaticMeshes !
[2023.09.21-07.43.13:102][ 46]LogMaterial: Display: Missing cached shader map for material M_PLains_Fern01, compiling. 
[2023.09.21-07.43.13:287][ 46]MapCheck: Warning: M_PLains_Fern01 /Game/InfinityBladeGrassLands/Environments/Plains/Env_Plains_Flora/Materials/M_PLains_Fern01.M_PLains_Fern01 머티리얼이 bUsedWithInstancedStaticMeshes 사용 플래그에 빠져있었습니다. 머티리얼 애셋이 재저장되지 않은 경우, 에디터 밖에서 실행시 제대로 렌더링되지 않을 수 있습니다. 픽스
[2023.09.21-07.43.13:289][ 46]LogMaterial: Warning: Material /Game/InfinityBladeGrassLands/Environments/Earth/Materials/M_GroundCover_LEafy.M_GroundCover_LEafy needed to have new flag set bUsedWithInstancedStaticMeshes !
[2023.09.21-07.43.13:295][ 46]LogMaterial: Display: Missing cached shader map for material M_GroundCover_LEafy, compiling. 
[2023.09.21-07.43.13:344][ 46]MapCheck: Warning: M_GroundCover_LEafy /Game/InfinityBladeGrassLands/Environments/Earth/Materials/M_GroundCover_LEafy.M_GroundCover_LEafy 머티리얼이 bUsedWithInstancedStaticMeshes 사용 플래그에 빠져있었습니다. 머티리얼 애셋이 재저장되지 않은 경우, 에디터 밖에서 실행시 제대로 렌더링되지 않을 수 있습니다. 픽스
[2023.09.21-07.43.13:345][ 46]LogMaterial: Warning: Material /Game/InfinityBladeGrassLands/Environments/Earth/Materials/M_Exo_Generic_Plants.M_Exo_Generic_Plants needed to have new flag set bUsedWithInstancedStaticMeshes !
[2023.09.21-07.43.13:348][ 46]LogMaterial: Display: Missing cached shader map for material M_Exo_Generic_Plants, compiling. 
[2023.09.21-07.43.13:398][ 46]MapCheck: Warning: M_Exo_Generic_Plants /Game/InfinityBladeGrassLands/Environments/Earth/Materials/M_Exo_Generic_Plants.M_Exo_Generic_Plants 머티리얼이 bUsedWithInstancedStaticMeshes 사용 플래그에 빠져있었습니다. 머티리얼 애셋이 재저장되지 않은 경우, 에디터 밖에서 실행시 제대로 렌더링되지 않을 수 있습니다. 픽스
[2023.09.21-07.43.13:399][ 46]LogMaterial: Warning: Material /Game/InfinityBladeGrassLands/Environments/Earth/Materials/M_TreeBark.M_TreeBark needed to have new flag set bUsedWithInstancedStaticMeshes !
[2023.09.21-07.43.13:403][ 46]LogMaterial: Display: Missing cached shader map for material M_TreeBark, compiling. 
[2023.09.21-07.43.13:453][ 46]MapCheck: Warning: M_TreeBark /Game/InfinityBladeGrassLands/Environments/Earth/Materials/M_TreeBark.M_TreeBark 머티리얼이 bUsedWithInstancedStaticMeshes 사용 플래그에 빠져있었습니다. 머티리얼 애셋이 재저장되지 않은 경우, 에디터 밖에서 실행시 제대로 렌더링되지 않을 수 있습니다. 픽스
[2023.09.21-07.43.13:454][ 46]LogMaterial: Warning: Material /Game/InfinityBladeGrassLands/Environments/Earth/Materials/M_Cherry_Tree.M_Cherry_Tree needed to have new flag set bUsedWithInstancedStaticMeshes !
[2023.09.21-07.43.13:459][ 46]LogMaterial: Display: Missing cached shader map for material M_Cherry_Tree, compiling. 
[2023.09.21-07.43.13:526][ 46]MapCheck: Warning: M_Cherry_Tree /Game/InfinityBladeGrassLands/Environments/Earth/Materials/M_Cherry_Tree.M_Cherry_Tree 머티리얼이 bUsedWithInstancedStaticMeshes 사용 플래그에 빠져있었습니다. 머티리얼 애셋이 재저장되지 않은 경우, 에디터 밖에서 실행시 제대로 렌더링되지 않을 수 있습니다. 픽스
[2023.09.21-07.43.13:537][ 46]LogMaterial: Warning: Material /Game/InfinityBladeGrassLands/Environments/Misc/Exo_Deco02/Materials/M_Villa_Pillar_1.M_Villa_Pillar_1 needed to have new flag set bUsedWithStaticLighting !
[2023.09.21-07.43.13:569][ 46]LogMaterial: Display: Missing cached shader map for material M_Villa_Pillar_1, compiling. 
[2023.09.21-07.43.13:596][ 46]MapCheck: Warning: M_Villa_Pillar_1 /Game/InfinityBladeGrassLands/Environments/Misc/Exo_Deco02/Materials/M_Villa_Pillar_1.M_Villa_Pillar_1 머티리얼이 bUsedWithStaticLighting 사용 플래그에 빠져있었습니다. 머티리얼 애셋이 재저장되지 않은 경우, 에디터 밖에서 실행시 제대로 렌더링되지 않을 수 있습니다. 픽스
[2023.09.21-07.43.13:606][ 46]LogMaterial: Warning: Material /Game/InfinityBladeGrassLands/Environments/Plains/Env_Plains_Statues/Materials/M_Plains_Castle_Demon.M_Plains_Castle_Demon needed to have new flag set bUsedWithStaticLighting !
[2023.09.21-07.43.13:620][ 46]LogMaterial: Display: Missing cached shader map for material M_Plains_Castle_Demon, compiling. 
[2023.09.21-07.43.13:645][ 46]MapCheck: Warning: M_Plains_Castle_Demon /Game/InfinityBladeGrassLands/Environments/Plains/Env_Plains_Statues/Materials/M_Plains_Castle_Demon.M_Plains_Castle_Demon 머티리얼이 bUsedWithStaticLighting 사용 플래그에 빠져있었습니다. 머티리얼 애셋이 재저장되지 않은 경우, 에디터 밖에서 실행시 제대로 렌더링되지 않을 수 있습니다. 픽스
[2023.09.21-07.43.13:795][ 46]LogAssetEditorManager: Opening Asset editor for World /Game/Maps/MazeSurvivalMap.MazeSurvivalMap
[2023.09.21-07.43.13:845][ 46]LogUObjectHash: Compacting FUObjectHashTables data took   4.19ms
[2023.09.21-07.43.13:848][ 46]Cmd: MAP LOAD FILE="../../../../Learn-Unreal-s-Blueprint-Visual-Scripting/13. 게임 분석과 디버깅, 펑셔널 테스팅/Content/Maps/MazeSurvivalMap.umap" TEMPLATE=0 SHOWPROGRESS=1 FEATURELEVEL=3
[2023.09.21-07.43.13:848][ 46]LightingResults: New page: 라이팅 빌드
[2023.09.21-07.43.13:849][ 46]LoadErrors: New page: 맵 로드중: MazeSurvivalMap.umap
[2023.09.21-07.43.13:849][ 46]MapCheck: New page: 맵 체크
[2023.09.21-07.43.13:849][ 46]LightingResults: New page: 라이팅 빌드
[2023.09.21-07.43.13:885][ 46]LogUObjectHash: Compacting FUObjectHashTables data took   3.95ms
[2023.09.21-07.43.14:552][ 46]LogEditorServer: Finished looking for orphan Actors (0.000 secs)
[2023.09.21-07.43.14:606][ 46]LogUObjectHash: Compacting FUObjectHashTables data took   3.28ms
[2023.09.21-07.43.14:637][ 46]Cmd: MAP CHECKDEP NOCLEARLOG
[2023.09.21-07.43.14:637][ 46]MapCheck: 맵 체크 완료: 오류 0 회, 경고 0 회, 소요 시간 0.258ms.
[2023.09.21-07.43.14:637][ 46]LogFileHelpers: Loading map 'MazeSurvivalMap' took 0.791
[2023.09.21-07.43.14:852][ 47]LogSlate: Warning: Legacy localized fallback font '../../../Engine/Content/Slate/Fonts/../../Editor/Slate/Fonts/NanumGothic.ttf' was requested. Font: '/Engine/EngineFonts/Faces/RobotoRegular.RobotoRegular', Character: '셰 (U+c170)'
Legacy localized fallback fonts were deprecated in 4.22 and will be removed in a future version!
Please update your composite fonts to use localized sub-font families: https://docs.unrealengine.com/en-US/Engine/UMG/UserGuide/Fonts/Overview
[2023.09.21-07.43.14:856][ 47]LogSlate: Took 0.003831 seconds to synchronously load lazily loaded font '../../../Engine/Content/Slate/Fonts/../../Editor/Slate/Fonts/NanumGothic.ttf' (4243K)
[2023.09.21-07.43.15:415][ 73]LogAIModule: Creating AISystem for world FTEST_FallingOff
[2023.09.21-07.43.15:424][ 73]LogAssetEditorManager: Opening Asset editor for World /Game/Maps/FTEST_FallingOff.FTEST_FallingOff
[2023.09.21-07.43.15:454][ 73]LogUObjectHash: Compacting FUObjectHashTables data took   2.99ms
[2023.09.21-07.43.15:456][ 73]Cmd: MAP LOAD FILE="../../../../Learn-Unreal-s-Blueprint-Visual-Scripting/13. 게임 분석과 디버깅, 펑셔널 테스팅/Content/Maps/FTEST_FallingOff.umap" TEMPLATE=0 SHOWPROGRESS=1 FEATURELEVEL=3
[2023.09.21-07.43.15:456][ 73]LightingResults: New page: 라이팅 빌드
[2023.09.21-07.43.15:457][ 73]LoadErrors: New page: 맵 로드중: FTEST_FallingOff.umap
[2023.09.21-07.43.15:469][ 73]MapCheck: New page: 맵 체크
[2023.09.21-07.43.15:471][ 73]LightingResults: New page: 라이팅 빌드
[2023.09.21-07.43.15:528][ 73]LogUObjectHash: Compacting FUObjectHashTables data took   4.35ms
[2023.09.21-07.43.15:749][ 73]LogEditorServer: Finished looking for orphan Actors (0.000 secs)
[2023.09.21-07.43.15:783][ 73]LogUObjectHash: Compacting FUObjectHashTables data took   3.78ms
[2023.09.21-07.43.15:815][ 73]Cmd: MAP CHECKDEP NOCLEARLOG
[2023.09.21-07.43.15:815][ 73]MapCheck: 맵 체크 완료: 오류 0 회, 경고 0 회, 소요 시간 0.169ms.
[2023.09.21-07.43.15:816][ 73]LogFileHelpers: Loading map 'FTEST_FallingOff' took 0.360
[2023.09.21-07.43.16:934][125]LogSlate: Window '메시지 로그' being destroyed
[2023.09.21-07.43.16:946][125]LogSlate: Window '메시지 로그' being destroyed
[2023.09.21-07.43.17:898][162]LogAIModule: Creating AISystem for world MazeSurvivalMap
[2023.09.21-07.43.18:051][162]LogAssetEditorManager: Opening Asset editor for World /Game/Maps/MazeSurvivalMap.MazeSurvivalMap
[2023.09.21-07.43.18:096][162]LogUObjectHash: Compacting FUObjectHashTables data took   4.35ms
[2023.09.21-07.43.18:099][162]Cmd: MAP LOAD FILE="../../../../Learn-Unreal-s-Blueprint-Visual-Scripting/13. 게임 분석과 디버깅, 펑셔널 테스팅/Content/Maps/MazeSurvivalMap.umap" TEMPLATE=0 SHOWPROGRESS=1 FEATURELEVEL=3
[2023.09.21-07.43.18:099][162]LightingResults: New page: 라이팅 빌드
[2023.09.21-07.43.18:099][162]LoadErrors: New page: 맵 로드중: MazeSurvivalMap.umap
[2023.09.21-07.43.18:100][162]MapCheck: New page: 맵 체크
[2023.09.21-07.43.18:100][162]LightingResults: New page: 라이팅 빌드
[2023.09.21-07.43.18:129][162]LogUObjectHash: Compacting FUObjectHashTables data took   3.86ms
[2023.09.21-07.43.18:986][162]LogEditorServer: Finished looking for orphan Actors (0.000 secs)
[2023.09.21-07.43.19:046][162]LogUObjectHash: Compacting FUObjectHashTables data took   4.69ms
[2023.09.21-07.43.19:081][162]Cmd: MAP CHECKDEP NOCLEARLOG
[2023.09.21-07.43.19:081][162]MapCheck: 맵 체크 완료: 오류 0 회, 경고 0 회, 소요 시간 0.308ms.
[2023.09.21-07.43.19:081][162]LogFileHelpers: Loading map 'MazeSurvivalMap' took 0.984
[2023.09.21-07.43.25:207][455]LogSlate: FSceneViewport::OnFocusLost() reason 0
[2023.09.21-07.43.25:420][464]LogAIModule: Creating AISystem for world FTEST_FallingOff
[2023.09.21-07.43.25:431][464]LogAssetEditorManager: Opening Asset editor for World /Game/Maps/FTEST_FallingOff.FTEST_FallingOff
[2023.09.21-07.43.25:464][464]LogUObjectHash: Compacting FUObjectHashTables data took   2.89ms
[2023.09.21-07.43.25:467][464]Cmd: MAP LOAD FILE="../../../../Learn-Unreal-s-Blueprint-Visual-Scripting/13. 게임 분석과 디버깅, 펑셔널 테스팅/Content/Maps/FTEST_FallingOff.umap" TEMPLATE=0 SHOWPROGRESS=1 FEATURELEVEL=3
[2023.09.21-07.43.25:467][464]LightingResults: New page: 라이팅 빌드
[2023.09.21-07.43.25:468][464]LoadErrors: New page: 맵 로드중: FTEST_FallingOff.umap
[2023.09.21-07.43.25:481][464]MapCheck: New page: 맵 체크
[2023.09.21-07.43.25:481][464]LightingResults: New page: 라이팅 빌드
[2023.09.21-07.43.25:537][464]LogUObjectHash: Compacting FUObjectHashTables data took   4.02ms
[2023.09.21-07.43.25:856][464]LogEditorServer: Finished looking for orphan Actors (0.000 secs)
[2023.09.21-07.43.25:895][464]LogUObjectHash: Compacting FUObjectHashTables data took   3.32ms
[2023.09.21-07.43.25:928][464]Cmd: MAP CHECKDEP NOCLEARLOG
[2023.09.21-07.43.25:928][464]MapCheck: 맵 체크 완료: 오류 0 회, 경고 0 회, 소요 시간 0.118ms.
[2023.09.21-07.43.25:929][464]LogFileHelpers: Loading map 'FTEST_FallingOff' took 0.463
[2023.09.21-07.43.27:556][535]LogAssetEditorManager: Opening Asset editor for LevelScriptBlueprint /Game/Maps/FTEST_FallingOff.FTEST_FallingOff:PersistentLevel.FTEST_FallingOff
[2023.09.21-07.43.28:081][535]LogContentBrowser: Native class hierarchy updated for 'BlueprintGraph' in 0.0006 seconds. Added 121 classes and 0 folders.
[2023.09.21-07.43.29:456][535]LogSlate: Took 0.000209 seconds to synchronously load lazily loaded font '../../../Engine/Content/Slate/Fonts/Roboto-BoldCondensed.ttf' (158K)
[2023.09.21-07.43.31:098][613]LogSlate: Window 'FTEST_FallingOff' being destroyed
[2023.09.21-07.43.33:346][723]LogAIModule: Creating AISystem for world MazeSurvivalMap
[2023.09.21-07.43.33:519][723]LogAssetEditorManager: Opening Asset editor for World /Game/Maps/MazeSurvivalMap.MazeSurvivalMap
[2023.09.21-07.43.33:581][723]LogUObjectHash: Compacting FUObjectHashTables data took   5.34ms
[2023.09.21-07.43.33:583][723]Cmd: MAP LOAD FILE="../../../../Learn-Unreal-s-Blueprint-Visual-Scripting/13. 게임 분석과 디버깅, 펑셔널 테스팅/Content/Maps/MazeSurvivalMap.umap" TEMPLATE=0 SHOWPROGRESS=1 FEATURELEVEL=3
[2023.09.21-07.43.33:583][723]LightingResults: New page: 라이팅 빌드
[2023.09.21-07.43.33:584][723]LoadErrors: New page: 맵 로드중: MazeSurvivalMap.umap
[2023.09.21-07.43.33:640][723]MapCheck: New page: 맵 체크
[2023.09.21-07.43.33:640][723]LightingResults: New page: 라이팅 빌드
[2023.09.21-07.43.33:689][723]LogUObjectHash: Compacting FUObjectHashTables data took   6.36ms
[2023.09.21-07.43.34:886][723]LogEditorServer: Finished looking for orphan Actors (0.000 secs)
[2023.09.21-07.43.34:956][723]LogUObjectHash: Compacting FUObjectHashTables data took   4.80ms
[2023.09.21-07.43.34:994][723]Cmd: MAP CHECKDEP NOCLEARLOG
[2023.09.21-07.43.34:994][723]MapCheck: 맵 체크 완료: 오류 0 회, 경고 0 회, 소요 시간 0.353ms.
[2023.09.21-07.43.34:994][723]LogFileHelpers: Loading map 'MazeSurvivalMap' took 1.412
[2023.09.21-07.43.36:293][766]LogAssetEditorManager: Opening Asset editor for LevelScriptBlueprint /Game/Maps/MazeSurvivalMap.MazeSurvivalMap:PersistentLevel.MazeSurvivalMap
[2023.09.21-07.43.38:874][821]LogSlate: Window 'MazeSurvivalMap' being destroyed
[2023.09.21-07.45.06:160][997]LogAssetEditorManager: Opening Asset editor for Blueprint /Game/GameplayElements/BP_CollectableItem.BP_CollectableItem
[2023.09.21-07.45.07:261][998]LogSlate: Took 0.027709 seconds to synchronously load lazily loaded font '../../../Engine/Content/Slate/Fonts/Roboto-Italic.ttf' (157K)
[2023.09.21-07.47.27:056][384]LogTemp: Repeating last play command: 선택된 뷰포트
[2023.09.21-07.47.27:628][384]LogBlueprintUserMessages: Early PlayInEditor Detection: Level '/Game/Maps/MazeSurvivalMap.MazeSurvivalMap:PersistentLevel' has LevelScriptBlueprint '/Game/Maps/MazeSurvivalMap.MazeSurvivalMap:PersistentLevel.MazeSurvivalMap' with GeneratedClass '/Game/Maps/MazeSurvivalMap.MazeSurvivalMap_C' with ClassGeneratedBy '/Game/Maps/MazeSurvivalMap.MazeSurvivalMap:PersistentLevel.MazeSurvivalMap'
[2023.09.21-07.47.27:641][384]LogPlayLevel: PlayLevel: No blueprints needed recompiling
[2023.09.21-07.47.27:679][384]PIE: New page: PIE 세션: MazeSurvivalMap (2023. 9. 22. 오전 1:47:27)
[2023.09.21-07.47.27:713][384]LogPlayLevel: Creating play world package: /Game/Maps/UEDPIE_0_MazeSurvivalMap
[2023.09.21-07.47.27:888][384]LogPlayLevel: PIE: StaticDuplicateObject took: (0.175894s)
[2023.09.21-07.47.27:889][384]LogAIModule: Creating AISystem for world MazeSurvivalMap
[2023.09.21-07.47.27:908][384]LogPlayLevel: PIE: World Init took: (0.018610s)
[2023.09.21-07.47.27:908][384]LogPlayLevel: PIE: Created PIE world by copying editor world from /Game/Maps/MazeSurvivalMap.MazeSurvivalMap to /Game/Maps/UEDPIE_0_MazeSurvivalMap.MazeSurvivalMap (0.194944s)
[2023.09.21-07.47.27:940][384]LogUObjectHash: Compacting FUObjectHashTables data took   1.86ms
[2023.09.21-07.47.28:042][384]LogInit: XAudio2 using '헤드폰(Galaxy Buds+ (6D4C))' : 2 channels at 48 kHz using 16 bits per sample (channel mask 0x3)
[2023.09.21-07.47.28:056][384]LogInit: FAudioDevice initialized.
[2023.09.21-07.47.28:176][384]LogLoad: Game class is 'FirstPersonGameMode_C'
[2023.09.21-07.47.28:279][384]LogWorld: Bringing World /Game/Maps/UEDPIE_0_MazeSurvivalMap.MazeSurvivalMap up for play (max tick rate 60) at 2023.09.21-16.47.28
[2023.09.21-07.47.28:433][384]LogWorld: Bringing up level for play took: 0.169617
[2023.09.21-07.47.28:635][384]LogBlueprintActionDatabase: Requesting refresh due to module change: Voice (loaded)
[2023.09.21-07.47.28:670][384]LogBlueprintActionDatabase: Requesting refresh due to module change: MovieSceneCapture (loaded)
[2023.09.21-07.47.28:671][384]LogContentBrowser: Native class hierarchy updated for 'MovieSceneCapture' in 0.0005 seconds. Added 20 classes and 0 folders.
[2023.09.21-07.47.28:735][384]LogBlueprintActionDatabase: Requesting refresh due to module change: Analytics (loaded)
[2023.09.21-07.47.28:737][384]LogFileLoggingAnalytics: Display: Session created file (../../../../Learn-Unreal-s-Blueprint-Visual-Scripting/13. 게임 분석과 디버깅, 펑셔널 테스팅/Saved/Analytics/ff739b8e43ec5d403d10d68f035ba25e-2023.09.21-16.47.28.analytics) for user (ff739b8e43ec5d403d10d68f035ba25e)
[2023.09.21-07.47.28:758][384]PIE: /Game/Maps/UEDPIE_0_MazeSurvivalMap 에 대한 에디터에서 플레이 시작 시간: 0.323
[2023.09.21-07.47.28:758][384]LogBlueprintUserMessages: Late PlayInEditor Detection: Level '/Game/Maps/MazeSurvivalMap.MazeSurvivalMap:PersistentLevel' has LevelScriptBlueprint '/Game/Maps/MazeSurvivalMap.MazeSurvivalMap:PersistentLevel.MazeSurvivalMap' with GeneratedClass '/Game/Maps/MazeSurvivalMap.MazeSurvivalMap_C' with ClassGeneratedBy '/Game/Maps/MazeSurvivalMap.MazeSurvivalMap:PersistentLevel.MazeSurvivalMap'
[2023.09.21-07.47.32:995][589]LogBlueprintUserMessages: [BP_FinalDoor_2] 남은개수:59
[2023.09.21-07.47.33:117][589]LogFileLoggingAnalytics: Display: Analytics event (Item Collected) written with (1) attributes
[2023.09.21-07.47.33:779][629]LogBlueprintUserMessages: [BP_FinalDoor_2] 남은개수:58
[2023.09.21-07.47.33:780][629]LogFileLoggingAnalytics: Display: Analytics event (Item Collected) written with (1) attributes
[2023.09.21-07.47.34:645][681]LogBlueprintUserMessages: [BP_FinalDoor_2] 남은개수:57
[2023.09.21-07.47.34:645][681]LogFileLoggingAnalytics: Display: Analytics event (Item Collected) written with (1) attributes
[2023.09.21-07.47.35:943][752]LogBlueprintUserMessages: [FirstPersonProjectile_C_1] 데미지:5
[2023.09.21-07.47.35:970][754]LogBlueprintUserMessages: [FirstPersonProjectile_C_2] 데미지:9
[2023.09.21-07.47.36:070][760]LogBlueprintUserMessages: [FirstPersonProjectile_C_3] 데미지:6
[2023.09.21-07.47.36:237][770]LogBlueprintUserMessages: [FirstPersonProjectile_C_4] 데미지:12
[2023.09.21-07.47.36:462][778]LogBlueprintUserMessages: [FirstPersonProjectile_C_5] 데미지:4
[2023.09.21-07.47.36:501][781]LogBlueprintUserMessages: [FirstPersonProjectile_C_6] 데미지:10
[2023.09.21-07.47.36:569][785]LogBlueprintUserMessages: [FirstPersonProjectile_C_7] 데미지:15
[2023.09.21-07.47.36:751][796]LogBlueprintUserMessages: [FirstPersonProjectile_C_8] 데미지:15
[2023.09.21-07.47.36:887][804]LogBlueprintUserMessages: [FirstPersonProjectile_C_9] 데미지:10
[2023.09.21-07.47.37:020][812]LogBlueprintUserMessages: [FirstPersonProjectile_C_10] 데미지:7
[2023.09.21-07.47.37:153][820]LogBlueprintUserMessages: [FirstPersonProjectile_C_11] 데미지:15
[2023.09.21-07.47.37:397][829]LogFileLoggingAnalytics: Display: Analytics event (Enemy Dies) written with (1) attributes
[2023.09.21-07.47.37:397][829]LogBlueprintUserMessages: [FirstPersonProjectile_C_12] 데미지:7
[2023.09.21-07.47.39:789][973]LogBlueprintUserMessages: [BP_FinalDoor_2] 남은개수:56
[2023.09.21-07.47.39:789][973]LogFileLoggingAnalytics: Display: Analytics event (Item Collected) written with (1) attributes
[2023.09.21-07.47.44:205][238]LogBlueprintUserMessages: [BP_FinalDoor_2] 남은개수:55
[2023.09.21-07.47.44:206][238]LogFileLoggingAnalytics: Display: Analytics event (Item Collected) written with (1) attributes
[2023.09.21-07.47.45:903][340]LogBlueprintUserMessages: [BP_FinalDoor_2] 남은개수:54
[2023.09.21-07.47.45:903][340]LogFileLoggingAnalytics: Display: Analytics event (Item Collected) written with (1) attributes
[2023.09.21-07.47.47:520][437]LogBlueprintUserMessages: [BP_FinalDoor_2] 남은개수:53
[2023.09.21-07.47.47:521][437]LogFileLoggingAnalytics: Display: Analytics event (Item Collected) written with (1) attributes
[2023.09.21-07.47.49:973][584]LogBlueprintUserMessages: [BP_FinalDoor_2] 남은개수:52
[2023.09.21-07.47.49:973][584]LogFileLoggingAnalytics: Display: Analytics event (Item Collected) written with (1) attributes
[2023.09.21-07.47.53:754][811]LogBlueprintUserMessages: [BP_FinalDoor_2] 남은개수:51
[2023.09.21-07.47.53:755][811]LogFileLoggingAnalytics: Display: Analytics event (Item Collected) written with (1) attributes
[2023.09.21-07.47.55:472][914]LogBlueprintUserMessages: [BTTask_ChasePlayer_C_0] AI 승리!!
[2023.09.21-07.47.55:472][914]LogFileLoggingAnalytics: Display: Analytics event (Player dies) written with (2) attributes
[2023.09.21-07.47.56:789][987]LogBlueprintUserMessages: [BTTask_ChasePlayer_C_0] AI 승리!!
[2023.09.21-07.47.56:789][987]LogFileLoggingAnalytics: Display: Analytics event (Player dies) written with (2) attributes
[2023.09.21-07.47.57:102][  0]LogBlueprintUserMessages: [BTTask_ChasePlayer_C_0] AI 승리!!
[2023.09.21-07.47.57:102][  0]LogFileLoggingAnalytics: Display: Analytics event (Player dies) written with (2) attributes
[2023.09.21-07.47.57:352][ 15]LogBlueprintUserMessages: [BTTask_ChasePlayer_C_0] AI 승리!!
[2023.09.21-07.47.57:352][ 15]LogFileLoggingAnalytics: Display: Analytics event (Player dies) written with (2) attributes
[2023.09.21-07.47.57:402][ 18]LogBlueprintUserMessages: [BTTask_ChasePlayer_C_0] AI 승리!!
[2023.09.21-07.47.57:402][ 18]LogFileLoggingAnalytics: Display: Analytics event (Player dies) written with (2) attributes
[2023.09.21-07.47.57:452][ 21]LogBlueprintUserMessages: [BTTask_ChasePlayer_C_0] AI 승리!!
[2023.09.21-07.47.57:452][ 21]LogFileLoggingAnalytics: Display: Analytics event (Player dies) written with (2) attributes
[2023.09.21-07.47.57:502][ 24]LogBlueprintUserMessages: [BTTask_ChasePlayer_C_0] AI 승리!!
[2023.09.21-07.47.57:502][ 24]LogFileLoggingAnalytics: Display: Analytics event (Player dies) written with (2) attributes
[2023.09.21-07.47.57:552][ 27]LogBlueprintUserMessages: [BTTask_ChasePlayer_C_0] AI 승리!!
[2023.09.21-07.47.57:552][ 27]LogFileLoggingAnalytics: Display: Analytics event (Player dies) written with (2) attributes
[2023.09.21-07.47.57:602][ 30]LogBlueprintUserMessages: [BTTask_ChasePlayer_C_0] AI 승리!!
[2023.09.21-07.47.57:602][ 30]LogFileLoggingAnalytics: Display: Analytics event (Player dies) written with (2) attributes
[2023.09.21-07.47.57:652][ 33]LogBlueprintUserMessages: [BTTask_ChasePlayer_C_0] AI 승리!!
[2023.09.21-07.47.57:652][ 33]LogFileLoggingAnalytics: Display: Analytics event (Player dies) written with (2) attributes
[2023.09.21-07.47.57:702][ 36]LogBlueprintUserMessages: [BTTask_ChasePlayer_C_0] AI 승리!!
[2023.09.21-07.47.57:702][ 36]LogFileLoggingAnalytics: Display: Analytics event (Player dies) written with (2) attributes
[2023.09.21-07.47.57:752][ 39]LogBlueprintUserMessages: [BTTask_ChasePlayer_C_0] AI 승리!!
[2023.09.21-07.47.57:752][ 39]LogFileLoggingAnalytics: Display: Analytics event (Player dies) written with (2) attributes
[2023.09.21-07.47.57:802][ 42]LogBlueprintUserMessages: [BTTask_ChasePlayer_C_0] AI 승리!!
[2023.09.21-07.47.57:802][ 42]LogFileLoggingAnalytics: Display: Analytics event (Player dies) written with (2) attributes
[2023.09.21-07.47.57:853][ 45]LogBlueprintUserMessages: [BTTask_ChasePlayer_C_0] AI 승리!!
[2023.09.21-07.47.57:853][ 45]LogFileLoggingAnalytics: Display: Analytics event (Player dies) written with (2) attributes
[2023.09.21-07.47.57:902][ 48]LogBlueprintUserMessages: [BTTask_ChasePlayer_C_0] AI 승리!!
[2023.09.21-07.47.57:902][ 48]LogFileLoggingAnalytics: Display: Analytics event (Player dies) written with (2) attributes
[2023.09.21-07.47.57:952][ 51]LogBlueprintUserMessages: [BTTask_ChasePlayer_C_0] AI 승리!!
[2023.09.21-07.47.57:952][ 51]LogFileLoggingAnalytics: Display: Analytics event (Player dies) written with (2) attributes
[2023.09.21-07.47.58:002][ 54]LogBlueprintUserMessages: [BTTask_ChasePlayer_C_0] AI 승리!!
[2023.09.21-07.47.58:003][ 54]LogFileLoggingAnalytics: Display: Analytics event (Player dies) written with (2) attributes
[2023.09.21-07.47.58:052][ 57]LogBlueprintUserMessages: [BTTask_ChasePlayer_C_0] AI 승리!!
[2023.09.21-07.47.58:052][ 57]LogFileLoggingAnalytics: Display: Analytics event (Player dies) written with (2) attributes
[2023.09.21-07.47.58:102][ 60]LogBlueprintUserMessages: [BTTask_ChasePlayer_C_0] AI 승리!!
[2023.09.21-07.47.58:102][ 60]LogFileLoggingAnalytics: Display: Analytics event (Player dies) written with (2) attributes
[2023.09.21-07.47.58:152][ 63]LogBlueprintUserMessages: [BTTask_ChasePlayer_C_0] AI 승리!!
[2023.09.21-07.47.58:152][ 63]LogFileLoggingAnalytics: Display: Analytics event (Player dies) written with (2) attributes
[2023.09.21-07.47.58:202][ 66]LogBlueprintUserMessages: [BTTask_ChasePlayer_C_0] AI 승리!!
[2023.09.21-07.47.58:202][ 66]LogFileLoggingAnalytics: Display: Analytics event (Player dies) written with (2) attributes
[2023.09.21-07.47.58:252][ 69]LogBlueprintUserMessages: [BTTask_ChasePlayer_C_0] AI 승리!!
[2023.09.21-07.47.58:252][ 69]LogFileLoggingAnalytics: Display: Analytics event (Player dies) written with (2) attributes
[2023.09.21-07.47.58:302][ 72]LogBlueprintUserMessages: [BTTask_ChasePlayer_C_0] AI 승리!!
[2023.09.21-07.47.58:302][ 72]LogFileLoggingAnalytics: Display: Analytics event (Player dies) written with (2) attributes
[2023.09.21-07.47.58:352][ 75]LogBlueprintUserMessages: [BTTask_ChasePlayer_C_0] AI 승리!!
[2023.09.21-07.47.58:352][ 75]LogFileLoggingAnalytics: Display: Analytics event (Player dies) written with (2) attributes
[2023.09.21-07.47.58:402][ 78]LogBlueprintUserMessages: [BTTask_ChasePlayer_C_0] AI 승리!!
[2023.09.21-07.47.58:402][ 78]LogFileLoggingAnalytics: Display: Analytics event (Player dies) written with (2) attributes
[2023.09.21-07.47.58:452][ 81]LogBlueprintUserMessages: [BTTask_ChasePlayer_C_0] AI 승리!!
[2023.09.21-07.47.58:452][ 81]LogFileLoggingAnalytics: Display: Analytics event (Player dies) written with (2) attributes
[2023.09.21-07.47.58:609][ 83]LogNet: Browse: /Game/Maps/MazeSurvivalMap
[2023.09.21-07.47.58:610][ 83]LogLoad: LoadMap: /Game/Maps/MazeSurvivalMap
[2023.09.21-07.47.58:612][ 83]LogFileLoggingAnalytics: Display: Analytics event (End Session) written with (1) attributes
[2023.09.21-07.47.58:648][ 83]LogFileLoggingAnalytics: Display: Session ended for user (ff739b8e43ec5d403d10d68f035ba25e) and session id (ff739b8e43ec5d403d10d68f035ba25e-2023.09.21-16.47.28)
[2023.09.21-07.47.58:715][ 83]LogUObjectHash: Compacting FUObjectHashTables data took   4.73ms
[2023.09.21-07.47.58:717][ 83]LogPlayLevel: Creating play world package: /Game/Maps/UEDPIE_0_MazeSurvivalMap
[2023.09.21-07.47.58:783][ 83]LogPlayLevel: PIE: StaticDuplicateObject took: (0.066159s)
[2023.09.21-07.47.58:784][ 83]LogAIModule: Creating AISystem for world MazeSurvivalMap
[2023.09.21-07.47.58:784][ 83]LogPlayLevel: PIE: World Init took: (0.000606s)
[2023.09.21-07.47.58:784][ 83]LogPlayLevel: PIE: Created PIE world by copying editor world from /Game/Maps/MazeSurvivalMap.MazeSurvivalMap to /Game/Maps/UEDPIE_0_MazeSurvivalMap.MazeSurvivalMap (0.067927s)
[2023.09.21-07.47.58:784][ 83]LogLoad: Game class is 'FirstPersonGameMode_C'
[2023.09.21-07.47.58:799][ 83]LogWorld: Bringing World /Game/Maps/UEDPIE_0_MazeSurvivalMap.MazeSurvivalMap up for play (max tick rate 60) at 2023.09.21-16.47.58
[2023.09.21-07.47.58:809][ 83]LogWorld: Bringing up level for play took: 0.023355
[2023.09.21-07.47.58:813][ 83]LogFileLoggingAnalytics: Display: Session created file (../../../../Learn-Unreal-s-Blueprint-Visual-Scripting/13. 게임 분석과 디버깅, 펑셔널 테스팅/Saved/Analytics/ff739b8e43ec5d403d10d68f035ba25e-2023.09.21-16.47.58.analytics) for user (ff739b8e43ec5d403d10d68f035ba25e)
[2023.09.21-07.47.58:826][ 83]LogLoad: Took 0.215744 seconds to LoadMap(/Game/Maps/UEDPIE_0_MazeSurvivalMap)
[2023.09.21-07.48.00:499][175]LogBlueprintUserMessages: Early EndPlayMap Detection: Level '/Game/Maps/MazeSurvivalMap.MazeSurvivalMap:PersistentLevel' has LevelScriptBlueprint '/Game/Maps/MazeSurvivalMap.MazeSurvivalMap:PersistentLevel.MazeSurvivalMap' with GeneratedClass '/Game/Maps/MazeSurvivalMap.MazeSurvivalMap_C' with ClassGeneratedBy '/Game/Maps/MazeSurvivalMap.MazeSurvivalMap:PersistentLevel.MazeSurvivalMap'
[2023.09.21-07.48.00:507][175]LogSlate: Updating window title bar state: overlay mode, drag disabled, window buttons hidden, title bar hidden
[2023.09.21-07.48.00:508][175]LogFileLoggingAnalytics: Display: Analytics event (End Session) written with (1) attributes
[2023.09.21-07.48.00:562][175]LogFileLoggingAnalytics: Display: Session ended for user (ff739b8e43ec5d403d10d68f035ba25e) and session id (ff739b8e43ec5d403d10d68f035ba25e-2023.09.21-16.47.58)
[2023.09.21-07.48.00:607][175]LogPlayLevel: Display: Shutting down PIE online subsystems
[2023.09.21-07.48.00:608][175]LogBlueprintUserMessages: Late EndPlayMap Detection: Level '/Game/Maps/MazeSurvivalMap.MazeSurvivalMap:PersistentLevel' has LevelScriptBlueprint '/Game/Maps/MazeSurvivalMap.MazeSurvivalMap:PersistentLevel.MazeSurvivalMap' with GeneratedClass '/Game/Maps/MazeSurvivalMap.MazeSurvivalMap_C' with ClassGeneratedBy '/Game/Maps/MazeSurvivalMap.MazeSurvivalMap:PersistentLevel.MazeSurvivalMap'
[2023.09.21-07.48.00:657][175]LogSlate: Updating window title bar state: overlay mode, drag disabled, window buttons hidden, title bar hidden
[2023.09.21-07.48.00:670][175]LogUObjectHash: Compacting FUObjectHashTables data took   3.25ms
[2023.09.21-07.48.00:743][176]LogPlayLevel: Display: Destroying online subsystem :Context_12
[2023.09.21-07.48.13:881][846]LogSlate: FSceneViewport::OnFocusLost() reason 2
[2023.09.21-07.54.36:974][ 30]LogInit: XAudio2 using '헤드폰(Galaxy Buds+ (6D4C))' : 2 channels at 48 kHz using 16 bits per sample (channel mask 0x3)
