Log file open, 09/22/23 12:37:18
LogWindows: Failed to load 'aqProf.dll' (GetLastError=126)
LogWindows: File 'aqProf.dll' does not exist
LogWindows: Failed to load 'VtuneApi.dll' (GetLastError=126)
LogWindows: File 'VtuneApi.dll' does not exist
LogWindows: Failed to load 'VtuneApi32e.dll' (GetLastError=126)
LogWindows: File 'VtuneApi32e.dll' does not exist
LogConsoleResponse: Display: Failed to find resolution value strings in scalability ini. Falling back to default.
LogInit: Display: Running engine for game: Chapter_13
LogPakFile: Registered encryption key '00000000000000000000000000000000': 0 pak files mounted, 0 remain pending
LogPlatformFile: Not using cached read wrapper
LogTaskGraph: Started task graph with 5 named threads and 35 total threads with 3 sets of task threads.
LogStats: Stats thread started at 0.554515
LogD3D11RHI: Loaded GFSDK_Aftermath_Lib.x64.dll
LogICUInternationalization: ICU TimeZone Detection - Raw Offset: +9:00, Platform Override: ''
LogPluginManager: Mounting plugin Paper2D
LogPluginManager: Mounting plugin AISupport
LogPluginManager: Mounting plugin LightPropagationVolume
LogPluginManager: Mounting plugin ActorLayerUtilities
LogPluginManager: Mounting plugin AnimationSharing
LogPluginManager: Mounting plugin CLionSourceCodeAccess
LogPluginManager: Mounting plugin CodeLiteSourceCodeAccess
LogPluginManager: Mounting plugin GitSourceControl
LogPluginManager: Mounting plugin KDevelopSourceCodeAccess
LogPluginManager: Mounting plugin NullSourceCodeAccess
LogPluginManager: Mounting plugin PerforceSourceControl
LogPluginManager: Mounting plugin SubversionSourceControl
LogPluginManager: Mounting plugin UObjectPlugin
LogPluginManager: Mounting plugin VisualStudioCodeSourceCodeAccess
LogPluginManager: Mounting plugin VisualStudioSourceCodeAccess
LogPluginManager: Mounting plugin XCodeSourceCodeAccess
LogPluginManager: Mounting plugin AssetManagerEditor
LogPluginManager: Mounting plugin CryptoKeys
LogPluginManager: Mounting plugin DataValidation
LogPluginManager: Mounting plugin FacialAnimation
LogPluginManager: Mounting plugin GameplayTagsEditor
LogPluginManager: Mounting plugin MacGraphicsSwitching
LogPluginManager: Mounting plugin MaterialAnalyzer
LogPluginManager: Mounting plugin MobileLauncherProfileWizard
LogPluginManager: Mounting plugin PluginBrowser
LogPluginManager: Mounting plugin SpeedTreeImporter
LogPluginManager: Mounting plugin DatasmithContent
LogPluginManager: Mounting plugin VariantManagerContent
LogPluginManager: Mounting plugin AlembicImporter
LogPluginManager: Mounting plugin AppleImageUtils
LogPluginManager: Mounting plugin AppleVision
LogPluginManager: Mounting plugin BackChannel
LogPluginManager: Mounting plugin CharacterAI
LogPluginManager: Mounting plugin GeometryCache
LogPluginManager: Mounting plugin HTML5Networking
LogPluginManager: Mounting plugin ProxyLODPlugin
LogPluginManager: Mounting plugin SkeletalReduction
LogPluginManager: Mounting plugin MagicLeap
LogPluginManager: Mounting plugin MagicLeapMedia
LogPluginManager: Mounting plugin AndroidMedia
LogPluginManager: Mounting plugin AvfMedia
LogPluginManager: Mounting plugin ImgMedia
LogPluginManager: Mounting plugin LinearTimecode
LogPluginManager: Mounting plugin MediaCompositing
LogPluginManager: Mounting plugin MediaPlayerEditor
LogPluginManager: Mounting plugin WebMMedia
LogPluginManager: Mounting plugin WmfMedia
LogPluginManager: Mounting plugin TcpMessaging
LogPluginManager: Mounting plugin UdpMessaging
LogPluginManager: Mounting plugin ActorSequence
LogPluginManager: Mounting plugin LevelSequenceEditor
LogPluginManager: Mounting plugin MatineeToLevelSequence
LogPluginManager: Mounting plugin NetcodeUnitTest
LogPluginManager: Mounting plugin NUTUnrealEngine4
LogPluginManager: Mounting plugin OnlineSubsystemGooglePlay
LogPluginManager: Mounting plugin OnlineSubsystemIOS
LogPluginManager: Mounting plugin OnlineSubsystem
LogPluginManager: Mounting plugin OnlineSubsystemNull
LogPluginManager: Mounting plugin OnlineSubsystemUtils
LogPluginManager: Mounting plugin LauncherChunkInstaller
LogPluginManager: Mounting plugin AndroidDeviceProfileSelector
LogPluginManager: Mounting plugin AndroidMoviePlayer
LogPluginManager: Mounting plugin AndroidPermission
LogPluginManager: Mounting plugin AppleMoviePlayer
LogPluginManager: Mounting plugin ArchVisCharacter
LogPluginManager: Mounting plugin AudioCapture
LogPluginManager: Mounting plugin CableComponent
LogPluginManager: Mounting plugin CustomMeshComponent
LogPluginManager: Mounting plugin EditableMesh
LogPluginManager: Mounting plugin ExampleDeviceProfileSelector
LogPluginManager: Mounting plugin Firebase
LogPluginManager: Mounting plugin GoogleCloudMessaging
LogPluginManager: Mounting plugin IOSDeviceProfileSelector
LogPluginManager: Mounting plugin LinuxDeviceProfileSelector
LogPluginManager: Mounting plugin LocationServicesBPLibrary
LogPluginManager: Mounting plugin MobilePatchingUtils
LogPluginManager: Mounting plugin OculusVR
LogPluginManager: Mounting plugin PhysXVehicles
LogPluginManager: Mounting plugin ProceduralMeshComponent
LogPluginManager: Mounting plugin RuntimePhysXCooking
LogPluginManager: Mounting plugin SignificanceManager
LogPluginManager: Mounting plugin SteamVR
LogPluginManager: Mounting plugin WebMMoviePlayer
LogPluginManager: Mounting plugin WindowsMoviePlayer
LogInit: Using libcurl 7.55.1-DEV
LogInit:  - built for x86_64-pc-win32
LogInit:  - supports SSL with OpenSSL/1.1.1
LogInit:  - supports HTTP deflate (compression) using libz 1.2.8
LogInit:  - other features:
LogInit:      CURL_VERSION_SSL
LogInit:      CURL_VERSION_LIBZ
LogInit:      CURL_VERSION_IPV6
LogInit:      CURL_VERSION_ASYNCHDNS
LogInit:      CURL_VERSION_LARGEFILE
LogInit:      CURL_VERSION_IDN
LogInit:  CurlRequestOptions (configurable via config and command line):
LogInit:  - bVerifyPeer = true  - Libcurl will verify peer certificate
LogInit:  - bUseHttpProxy = false  - Libcurl will NOT use HTTP proxy
LogInit:  - bDontReuseConnections = false  - Libcurl will reuse connections
LogInit:  - MaxHostConnections = 16  - Libcurl will limit the number of connections to a host
LogInit:  - LocalHostAddr = Default
LogInit:  - BufferSize = 65536
LogInit: WinSock: version 1.1 (2.2), MaxSocks=32767, MaxUdp=65467
LogInit: Build: ++UE4+Release-4.22-CL-7053642
LogInit: Engine Version: 4.22.3-7053642+++UE4+Release-4.22
LogInit: Compatible Engine Version: 4.22.0-5660361+++UE4+Release-4.22
LogInit: Net CL: 5660361
LogInit: OS: Windows 10 (Release 2009) (), CPU: Intel(R) Core(TM) i7-8750H CPU @ 2.20GHz, GPU: Intel(R) UHD Graphics 630
LogInit: Compiled (64-bit): Jun 18 2019 03:09:11
LogInit: Compiled with Visual C++: 19.16.27025.01
LogInit: Build Configuration: Development
LogInit: Branch Name: ++UE4+Release-4.22
LogInit: Command Line: 
LogInit: Base Directory: D:/UE_4.22/Engine/Binaries/Win64/
LogInit: Installed Engine Build: 1
LogDevObjectVersion: Number of dev versions registered: 23
LogDevObjectVersion:   Dev-Blueprints (B0D832E4-1F89-4F0D-ACCF-7EB736FD4AA2): 10
LogDevObjectVersion:   Dev-Build (E1C64328-A22C-4D53-A36C-8E866417BD8C): 0
LogDevObjectVersion:   Dev-Core (375EC13C-06E4-48FB-B500-84F0262A717E): 3
LogDevObjectVersion:   Dev-Editor (E4B068ED-F494-42E9-A231-DA0B2E46BB41): 30
LogDevObjectVersion:   Dev-Framework (CFFC743F-43B0-4480-9391-14DF171D2073): 35
LogDevObjectVersion:   Dev-Mobile (B02B49B5-BB20-44E9-A304-32B752E40360): 2
LogDevObjectVersion:   Dev-Networking (A4E4105C-59A1-49B5-A7C5-40C4547EDFEE): 0
LogDevObjectVersion:   Dev-Online (39C831C9-5AE6-47DC-9A44-9C173E1C8E7C): 0
LogDevObjectVersion:   Dev-Physics (78F01B33-EBEA-4F98-B9B4-84EACCB95AA2): 0
LogDevObjectVersion:   Dev-Platform (6631380F-2D4D-43E0-8009-CF276956A95A): 0
LogDevObjectVersion:   Dev-Rendering (12F88B9F-8875-4AFC-A67C-D90C383ABD29): 28
LogDevObjectVersion:   Dev-Sequencer (7B5AE74C-D270-4C10-A958-57980B212A5A): 11
LogDevObjectVersion:   Dev-VR (D7296918-1DD6-4BDD-9DE2-64A83CC13884): 2
LogDevObjectVersion:   Dev-LoadTimes (C2A15278-BFE7-4AFE-6C17-90FF531DF755): 1
LogDevObjectVersion:   Private-Geometry (6EACA3D4-40EC-4CC1-B786-8BED09428FC5): 3
LogDevObjectVersion:   Dev-AnimPhys (29E575DD-E0A3-4627-9D10-D276232CDCEA): 17
LogDevObjectVersion:   Dev-Anim (AF43A65D-7FD3-4947-9873-3E8ED9C1BB05): 2
LogDevObjectVersion:   Dev-ReflectionCapture (6B266CEC-1EC7-4B8F-A30B-E4D90942FC07): 1
LogDevObjectVersion:   Dev-Automation (0DF73D61-A23F-47EA-B727-89E90C41499A): 1
LogDevObjectVersion:   FortniteMain (601D1886-AC64-4F84-AA16-D3DE0DEAC7D6): 25
LogDevObjectVersion:   Dev-Enterprise (9DFFBCD6-494F-0158-E221-12823C92A888): 6
LogDevObjectVersion:   Dev-Niagara (F2AED0AC-9AFE-416F-8664-AA7FFA26D6FC): 1
LogDevObjectVersion:   Dev-Destruction (174F1F0B-B4C6-45A5-B13F-2EE8D0FB917D): 2
LogInit: Presizing for max 16777216 objects, including 0 objects not considered by GC, pre-allocating 0 bytes for permanent pool.
LogInit: Object subsystem initialized
LogConfig: Setting CVar [[con.DebugEarlyDefault:1]]
LogConfig: Setting CVar [[r.setres:1280x720]]
[2023.09.22-03.37.18:658][  0]LogConfig: Setting CVar [[r.VSync:0]]
[2023.09.22-03.37.18:658][  0]LogConfig: Setting CVar [[r.RHICmdBypass:0]]
[2023.09.22-03.37.18:658][  0]LogConfig: Applying CVar settings from Section [/Script/Engine.RendererSettings] File [D:/Learn-Unreal-s-Blueprint-Visual-Scripting/13. 레벨 스트리밍과 월드 컴포지션/Saved/Config/Windows/Engine.ini]
[2023.09.22-03.37.18:658][  0]LogConfig: Setting CVar [[r.GPUCrashDebugging:0]]
[2023.09.22-03.37.18:658][  0]LogConfig: Applying CVar settings from Section [/Script/Engine.RendererOverrideSettings] File [D:/Learn-Unreal-s-Blueprint-Visual-Scripting/13. 레벨 스트리밍과 월드 컴포지션/Saved/Config/Windows/Engine.ini]
[2023.09.22-03.37.18:658][  0]LogConfig: Applying CVar settings from Section [/Script/Engine.StreamingSettings] File [D:/Learn-Unreal-s-Blueprint-Visual-Scripting/13. 레벨 스트리밍과 월드 컴포지션/Saved/Config/Windows/Engine.ini]
[2023.09.22-03.37.18:658][  0]LogConfig: Setting CVar [[s.MinBulkDataSizeForAsyncLoading:131072]]
[2023.09.22-03.37.18:658][  0]LogConfig: Setting CVar [[s.AsyncLoadingThreadEnabled:0]]
[2023.09.22-03.37.18:658][  0]LogConfig: Setting CVar [[s.EventDrivenLoaderEnabled:1]]
[2023.09.22-03.37.18:658][  0]LogConfig: Setting CVar [[s.WarnIfTimeLimitExceeded:0]]
[2023.09.22-03.37.18:658][  0]LogConfig: Setting CVar [[s.TimeLimitExceededMultiplier:1.5]]
[2023.09.22-03.37.18:658][  0]LogConfig: Setting CVar [[s.TimeLimitExceededMinTime:0.005]]
[2023.09.22-03.37.18:658][  0]LogConfig: Setting CVar [[s.UseBackgroundLevelStreaming:1]]
[2023.09.22-03.37.18:658][  0]LogConfig: Setting CVar [[s.PriorityAsyncLoadingExtraTime:15.0]]
[2023.09.22-03.37.18:658][  0]LogConfig: Setting CVar [[s.LevelStreamingActorsUpdateTimeLimit:5.0]]
[2023.09.22-03.37.18:658][  0]LogConfig: Setting CVar [[s.PriorityLevelStreamingActorsUpdateExtraTime:5.0]]
[2023.09.22-03.37.18:658][  0]LogConfig: Setting CVar [[s.LevelStreamingComponentsRegistrationGranularity:10]]
[2023.09.22-03.37.18:658][  0]LogConfig: Setting CVar [[s.UnregisterComponentsTimeLimit:1.0]]
[2023.09.22-03.37.18:658][  0]LogConfig: Setting CVar [[s.LevelStreamingComponentsUnregistrationGranularity:5]]
[2023.09.22-03.37.18:658][  0]LogConfig: Applying CVar settings from Section [/Script/Engine.GarbageCollectionSettings] File [D:/Learn-Unreal-s-Blueprint-Visual-Scripting/13. 레벨 스트리밍과 월드 컴포지션/Saved/Config/Windows/Engine.ini]
[2023.09.22-03.37.18:658][  0]LogConfig: Setting CVar [[gc.MaxObjectsNotConsideredByGC:1]]
[2023.09.22-03.37.18:658][  0]LogConfig: Setting CVar [[gc.SizeOfPermanentObjectPool:0]]
[2023.09.22-03.37.18:658][  0]LogConfig: Setting CVar [[gc.FlushStreamingOnGC:0]]
[2023.09.22-03.37.18:658][  0]LogConfig: Setting CVar [[gc.NumRetriesBeforeForcingGC:10]]
[2023.09.22-03.37.18:658][  0]LogConfig: Setting CVar [[gc.AllowParallelGC:1]]
[2023.09.22-03.37.18:658][  0]LogConfig: Setting CVar [[gc.TimeBetweenPurgingPendingKillObjects:61.1]]
[2023.09.22-03.37.18:658][  0]LogConfig: Setting CVar [[gc.MaxObjectsInEditor:16777216]]
[2023.09.22-03.37.18:658][  0]LogConfig: Setting CVar [[gc.IncrementalBeginDestroyEnabled:1]]
[2023.09.22-03.37.18:658][  0]LogConfig: Setting CVar [[gc.CreateGCClusters:1]]
[2023.09.22-03.37.18:658][  0]LogConfig: Setting CVar [[gc.MinGCClusterSize:5]]
[2023.09.22-03.37.18:658][  0]LogConfig: Setting CVar [[gc.ActorClusteringEnabled:0]]
[2023.09.22-03.37.18:658][  0]LogConfig: Setting CVar [[gc.BlueprintClusteringEnabled:0]]
[2023.09.22-03.37.18:658][  0]LogConfig: Setting CVar [[gc.UseDisregardForGCOnDedicatedServers:0]]
[2023.09.22-03.37.18:658][  0]LogConfig: Applying CVar settings from Section [/Script/Engine.NetworkSettings] File [D:/Learn-Unreal-s-Blueprint-Visual-Scripting/13. 레벨 스트리밍과 월드 컴포지션/Saved/Config/Windows/Engine.ini]
[2023.09.22-03.37.18:658][  0]LogConfig: Applying CVar settings from Section [/Script/UnrealEd.CookerSettings] File [D:/Learn-Unreal-s-Blueprint-Visual-Scripting/13. 레벨 스트리밍과 월드 컴포지션/Saved/Config/Windows/Engine.ini]
[2023.09.22-03.37.18:660][  0]LogConfig: Applying CVar settings from Section [ViewDistanceQuality@3] File [D:/Learn-Unreal-s-Blueprint-Visual-Scripting/13. 레벨 스트리밍과 월드 컴포지션/Saved/Config/Windows/Scalability.ini]
[2023.09.22-03.37.18:660][  0]LogConfig: Setting CVar [[r.SkeletalMeshLODBias:0]]
[2023.09.22-03.37.18:660][  0]LogConfig: Setting CVar [[r.ViewDistanceScale:1.0]]
[2023.09.22-03.37.18:660][  0]LogConfig: Applying CVar settings from Section [AntiAliasingQuality@3] File [D:/Learn-Unreal-s-Blueprint-Visual-Scripting/13. 레벨 스트리밍과 월드 컴포지션/Saved/Config/Windows/Scalability.ini]
[2023.09.22-03.37.18:660][  0]LogConfig: Setting CVar [[r.PostProcessAAQuality:4]]
[2023.09.22-03.37.18:660][  0]LogConfig: Applying CVar settings from Section [ShadowQuality@3] File [D:/Learn-Unreal-s-Blueprint-Visual-Scripting/13. 레벨 스트리밍과 월드 컴포지션/Saved/Config/Windows/Scalability.ini]
[2023.09.22-03.37.18:660][  0]LogConfig: Setting CVar [[r.LightFunctionQuality:1]]
[2023.09.22-03.37.18:660][  0]LogConfig: Setting CVar [[r.ShadowQuality:5]]
[2023.09.22-03.37.18:660][  0]LogConfig: Setting CVar [[r.Shadow.CSM.MaxCascades:10]]
[2023.09.22-03.37.18:660][  0]LogConfig: Setting CVar [[r.Shadow.MaxResolution:2048]]
[2023.09.22-03.37.18:660][  0]LogConfig: Setting CVar [[r.Shadow.MaxCSMResolution:2048]]
[2023.09.22-03.37.18:660][  0]LogConfig: Setting CVar [[r.Shadow.RadiusThreshold:0.01]]
[2023.09.22-03.37.18:660][  0]LogConfig: Setting CVar [[r.Shadow.DistanceScale:1.0]]
[2023.09.22-03.37.18:660][  0]LogConfig: Setting CVar [[r.Shadow.CSM.TransitionScale:1.0]]
[2023.09.22-03.37.18:660][  0]LogConfig: Setting CVar [[r.Shadow.PreShadowResolutionFactor:1.0]]
[2023.09.22-03.37.18:660][  0]LogConfig: Setting CVar [[r.DistanceFieldShadowing:1]]
[2023.09.22-03.37.18:660][  0]LogConfig: Setting CVar [[r.DistanceFieldAO:1]]
[2023.09.22-03.37.18:660][  0]LogConfig: Setting CVar [[r.AOQuality:2]]
[2023.09.22-03.37.18:660][  0]LogConfig: Setting CVar [[r.VolumetricFog:1]]
[2023.09.22-03.37.18:661][  0]LogConfig: Setting CVar [[r.VolumetricFog.GridPixelSize:8]]
[2023.09.22-03.37.18:661][  0]LogConfig: Setting CVar [[r.VolumetricFog.GridSizeZ:128]]
[2023.09.22-03.37.18:661][  0]LogConfig: Setting CVar [[r.VolumetricFog.HistoryMissSupersampleCount:4]]
[2023.09.22-03.37.18:661][  0]LogConfig: Setting CVar [[r.LightMaxDrawDistanceScale:1]]
[2023.09.22-03.37.18:661][  0]LogConfig: Setting CVar [[r.CapsuleShadows:1]]
[2023.09.22-03.37.18:661][  0]LogConfig: Applying CVar settings from Section [PostProcessQuality@3] File [D:/Learn-Unreal-s-Blueprint-Visual-Scripting/13. 레벨 스트리밍과 월드 컴포지션/Saved/Config/Windows/Scalability.ini]
[2023.09.22-03.37.18:661][  0]LogConfig: Setting CVar [[r.MotionBlurQuality:4]]
[2023.09.22-03.37.18:661][  0]LogConfig: Setting CVar [[r.AmbientOcclusionMipLevelFactor:0.4]]
[2023.09.22-03.37.18:661][  0]LogConfig: Setting CVar [[r.AmbientOcclusionMaxQuality:100]]
[2023.09.22-03.37.18:661][  0]LogConfig: Setting CVar [[r.AmbientOcclusionLevels:-1]]
[2023.09.22-03.37.18:661][  0]LogConfig: Setting CVar [[r.AmbientOcclusionRadiusScale:1.0]]
[2023.09.22-03.37.18:661][  0]LogConfig: Setting CVar [[r.DepthOfFieldQuality:2]]
[2023.09.22-03.37.18:661][  0]LogConfig: Setting CVar [[r.RenderTargetPoolMin:400]]
[2023.09.22-03.37.18:661][  0]LogConfig: Setting CVar [[r.LensFlareQuality:2]]
[2023.09.22-03.37.18:661][  0]LogConfig: Setting CVar [[r.SceneColorFringeQuality:1]]
[2023.09.22-03.37.18:661][  0]LogConfig: Setting CVar [[r.EyeAdaptationQuality:2]]
[2023.09.22-03.37.18:661][  0]LogConfig: Setting CVar [[r.BloomQuality:5]]
[2023.09.22-03.37.18:661][  0]LogConfig: Setting CVar [[r.FastBlurThreshold:100]]
[2023.09.22-03.37.18:661][  0]LogConfig: Setting CVar [[r.Upscale.Quality:3]]
[2023.09.22-03.37.18:661][  0]LogConfig: Setting CVar [[r.Tonemapper.GrainQuantization:1]]
[2023.09.22-03.37.18:661][  0]LogConfig: Setting CVar [[r.LightShaftQuality:1]]
[2023.09.22-03.37.18:661][  0]LogConfig: Setting CVar [[r.Filter.SizeScale:1]]
[2023.09.22-03.37.18:661][  0]LogConfig: Setting CVar [[r.Tonemapper.Quality:5]]
[2023.09.22-03.37.18:661][  0]LogConfig: Setting CVar [[r.DOF.Gather.AccumulatorQuality:1        ; higher gathering accumulator quality]]
[2023.09.22-03.37.18:661][  0]LogConfig: Setting CVar [[r.DOF.Gather.PostfilterMethod:1          ; Median3x3 postfilering method]]
[2023.09.22-03.37.18:661][  0]LogConfig: Setting CVar [[r.DOF.Gather.EnableBokehSettings:0       ; no bokeh simulation when gathering]]
[2023.09.22-03.37.18:661][  0]LogConfig: Setting CVar [[r.DOF.Gather.RingCount:4                 ; medium number of samples when gathering]]
[2023.09.22-03.37.18:661][  0]LogConfig: Setting CVar [[r.DOF.Scatter.ForegroundCompositing:1    ; additive foreground scattering]]
[2023.09.22-03.37.18:661][  0]LogConfig: Setting CVar [[r.DOF.Scatter.BackgroundCompositing:2    ; additive background scattering]]
[2023.09.22-03.37.18:661][  0]LogConfig: Setting CVar [[r.DOF.Scatter.EnableBokehSettings:1      ; bokeh simulation when scattering]]
[2023.09.22-03.37.18:661][  0]LogConfig: Setting CVar [[r.DOF.Scatter.MaxSpriteRatio:0.1         ; only a maximum of 10% of scattered bokeh]]
[2023.09.22-03.37.18:661][  0]LogConfig: Setting CVar [[r.DOF.Recombine.Quality:1                ; cheap slight out of focus]]
[2023.09.22-03.37.18:661][  0]LogConfig: Setting CVar [[r.DOF.Recombine.EnableBokehSettings:0    ; no bokeh simulation on slight out of focus]]
[2023.09.22-03.37.18:661][  0]LogConfig: Setting CVar [[r.DOF.TemporalAAQuality:1                ; more stable temporal accumulation]]
[2023.09.22-03.37.18:661][  0]LogConfig: Setting CVar [[r.DOF.Kernel.MaxForegroundRadius:0.025]]
[2023.09.22-03.37.18:661][  0]LogConfig: Setting CVar [[r.DOF.Kernel.MaxBackgroundRadius:0.025]]
[2023.09.22-03.37.18:661][  0]LogConfig: Applying CVar settings from Section [TextureQuality@3] File [D:/Learn-Unreal-s-Blueprint-Visual-Scripting/13. 레벨 스트리밍과 월드 컴포지션/Saved/Config/Windows/Scalability.ini]
[2023.09.22-03.37.18:661][  0]LogConfig: Setting CVar [[r.Streaming.MipBias:0]]
[2023.09.22-03.37.18:661][  0]LogConfig: Setting CVar [[r.Streaming.AmortizeCPUToGPUCopy:0]]
[2023.09.22-03.37.18:661][  0]LogConfig: Setting CVar [[r.Streaming.MaxNumTexturesToStreamPerFrame:0]]
[2023.09.22-03.37.18:661][  0]LogConfig: Setting CVar [[r.Streaming.Boost:1]]
[2023.09.22-03.37.18:661][  0]LogConfig: Setting CVar [[r.MaxAnisotropy:8]]
[2023.09.22-03.37.18:661][  0]LogConfig: Setting CVar [[r.Streaming.LimitPoolSizeToVRAM:0]]
[2023.09.22-03.37.18:661][  0]LogConfig: Setting CVar [[r.Streaming.PoolSize:1000]]
[2023.09.22-03.37.18:661][  0]LogConfig: Setting CVar [[r.Streaming.MaxEffectiveScreenSize:0]]
[2023.09.22-03.37.18:661][  0]LogConfig: Applying CVar settings from Section [EffectsQuality@3] File [D:/Learn-Unreal-s-Blueprint-Visual-Scripting/13. 레벨 스트리밍과 월드 컴포지션/Saved/Config/Windows/Scalability.ini]
[2023.09.22-03.37.18:661][  0]LogConfig: Setting CVar [[r.TranslucencyLightingVolumeDim:64]]
[2023.09.22-03.37.18:661][  0]LogConfig: Setting CVar [[r.RefractionQuality:2]]
[2023.09.22-03.37.18:661][  0]LogConfig: Setting CVar [[r.SSR.Quality:3]]
[2023.09.22-03.37.18:661][  0]LogConfig: Setting CVar [[r.SceneColorFormat:4]]
[2023.09.22-03.37.18:661][  0]LogConfig: Setting CVar [[r.DetailMode:2]]
[2023.09.22-03.37.18:661][  0]LogConfig: Setting CVar [[r.TranslucencyVolumeBlur:1]]
[2023.09.22-03.37.18:661][  0]LogConfig: Setting CVar [[r.MaterialQualityLevel:1 ; High quality]]
[2023.09.22-03.37.18:661][  0]LogConfig: Setting CVar [[r.SSS.Scale:1]]
[2023.09.22-03.37.18:661][  0]LogConfig: Setting CVar [[r.SSS.SampleSet:2]]
[2023.09.22-03.37.18:661][  0]LogConfig: Setting CVar [[r.SSS.Quality:1]]
[2023.09.22-03.37.18:661][  0]LogConfig: Setting CVar [[r.SSS.HalfRes:1]]
[2023.09.22-03.37.18:661][  0]LogConfig: Setting CVar [[r.EmitterSpawnRateScale:1.0]]
[2023.09.22-03.37.18:661][  0]LogConfig: Setting CVar [[r.ParticleLightQuality:2]]
[2023.09.22-03.37.18:661][  0]LogConfig: Applying CVar settings from Section [FoliageQuality@3] File [D:/Learn-Unreal-s-Blueprint-Visual-Scripting/13. 레벨 스트리밍과 월드 컴포지션/Saved/Config/Windows/Scalability.ini]
[2023.09.22-03.37.18:661][  0]LogConfig: Setting CVar [[foliage.DensityScale:1.0]]
[2023.09.22-03.37.18:661][  0]LogConfig: Setting CVar [[grass.DensityScale:1.0]]
[2023.09.22-03.37.18:661][  0]LogInit: Selected Device Profile: [Windows]
[2023.09.22-03.37.18:661][  0]LogInit: Applying CVar settings loaded from the selected device profile: [Windows]
[2023.09.22-03.37.18:718][  0]LogHAL: Display: Platform has ~ 16 GB [17016332288 / 17179869184 / 16], which maps to Larger [LargestMinGB=32, LargerMinGB=12, DefaultMinGB=8, SmallerMinGB=6, SmallestMinGB=0)
[2023.09.22-03.37.18:718][  0]LogConfig: Setting CVar [[r.Vulkan.UseRealUBs:0		; Required until we fix HLR fall-out]]
[2023.09.22-03.37.18:718][  0]LogInit: Going up to parent DeviceProfile []
[2023.09.22-03.37.18:718][  0]LogConfig: Applying CVar settings from Section [ViewDistanceQuality@3] File [D:/Learn-Unreal-s-Blueprint-Visual-Scripting/13. 레벨 스트리밍과 월드 컴포지션/Saved/Config/Windows/Scalability.ini]
[2023.09.22-03.37.18:718][  0]LogConfig: Setting CVar [[r.SkeletalMeshLODBias:0]]
[2023.09.22-03.37.18:718][  0]LogConfig: Setting CVar [[r.ViewDistanceScale:1.0]]
[2023.09.22-03.37.18:718][  0]LogConfig: Applying CVar settings from Section [AntiAliasingQuality@3] File [D:/Learn-Unreal-s-Blueprint-Visual-Scripting/13. 레벨 스트리밍과 월드 컴포지션/Saved/Config/Windows/Scalability.ini]
[2023.09.22-03.37.18:718][  0]LogConfig: Setting CVar [[r.PostProcessAAQuality:4]]
[2023.09.22-03.37.18:718][  0]LogConfig: Applying CVar settings from Section [ShadowQuality@3] File [D:/Learn-Unreal-s-Blueprint-Visual-Scripting/13. 레벨 스트리밍과 월드 컴포지션/Saved/Config/Windows/Scalability.ini]
[2023.09.22-03.37.18:718][  0]LogConfig: Setting CVar [[r.LightFunctionQuality:1]]
[2023.09.22-03.37.18:718][  0]LogConfig: Setting CVar [[r.ShadowQuality:5]]
[2023.09.22-03.37.18:718][  0]LogConfig: Setting CVar [[r.Shadow.CSM.MaxCascades:10]]
[2023.09.22-03.37.18:718][  0]LogConfig: Setting CVar [[r.Shadow.MaxResolution:2048]]
[2023.09.22-03.37.18:718][  0]LogConfig: Setting CVar [[r.Shadow.MaxCSMResolution:2048]]
[2023.09.22-03.37.18:718][  0]LogConfig: Setting CVar [[r.Shadow.RadiusThreshold:0.01]]
[2023.09.22-03.37.18:718][  0]LogConfig: Setting CVar [[r.Shadow.DistanceScale:1.0]]
[2023.09.22-03.37.18:718][  0]LogConfig: Setting CVar [[r.Shadow.CSM.TransitionScale:1.0]]
[2023.09.22-03.37.18:718][  0]LogConfig: Setting CVar [[r.Shadow.PreShadowResolutionFactor:1.0]]
[2023.09.22-03.37.18:718][  0]LogConfig: Setting CVar [[r.DistanceFieldShadowing:1]]
[2023.09.22-03.37.18:718][  0]LogConfig: Setting CVar [[r.DistanceFieldAO:1]]
[2023.09.22-03.37.18:718][  0]LogConfig: Setting CVar [[r.AOQuality:2]]
[2023.09.22-03.37.18:718][  0]LogConfig: Setting CVar [[r.VolumetricFog:1]]
[2023.09.22-03.37.18:718][  0]LogConfig: Setting CVar [[r.VolumetricFog.GridPixelSize:8]]
[2023.09.22-03.37.18:718][  0]LogConfig: Setting CVar [[r.VolumetricFog.GridSizeZ:128]]
[2023.09.22-03.37.18:719][  0]LogConfig: Setting CVar [[r.VolumetricFog.HistoryMissSupersampleCount:4]]
[2023.09.22-03.37.18:719][  0]LogConfig: Setting CVar [[r.LightMaxDrawDistanceScale:1]]
[2023.09.22-03.37.18:719][  0]LogConfig: Setting CVar [[r.CapsuleShadows:1]]
[2023.09.22-03.37.18:719][  0]LogConfig: Applying CVar settings from Section [PostProcessQuality@3] File [D:/Learn-Unreal-s-Blueprint-Visual-Scripting/13. 레벨 스트리밍과 월드 컴포지션/Saved/Config/Windows/Scalability.ini]
[2023.09.22-03.37.18:719][  0]LogConfig: Setting CVar [[r.MotionBlurQuality:4]]
[2023.09.22-03.37.18:719][  0]LogConfig: Setting CVar [[r.AmbientOcclusionMipLevelFactor:0.4]]
[2023.09.22-03.37.18:719][  0]LogConfig: Setting CVar [[r.AmbientOcclusionMaxQuality:100]]
[2023.09.22-03.37.18:719][  0]LogConfig: Setting CVar [[r.AmbientOcclusionLevels:-1]]
[2023.09.22-03.37.18:719][  0]LogConfig: Setting CVar [[r.AmbientOcclusionRadiusScale:1.0]]
[2023.09.22-03.37.18:719][  0]LogConfig: Setting CVar [[r.DepthOfFieldQuality:2]]
[2023.09.22-03.37.18:719][  0]LogConfig: Setting CVar [[r.RenderTargetPoolMin:400]]
[2023.09.22-03.37.18:719][  0]LogConfig: Setting CVar [[r.LensFlareQuality:2]]
[2023.09.22-03.37.18:719][  0]LogConfig: Setting CVar [[r.SceneColorFringeQuality:1]]
[2023.09.22-03.37.18:719][  0]LogConfig: Setting CVar [[r.EyeAdaptationQuality:2]]
[2023.09.22-03.37.18:719][  0]LogConfig: Setting CVar [[r.BloomQuality:5]]
[2023.09.22-03.37.18:719][  0]LogConfig: Setting CVar [[r.FastBlurThreshold:100]]
[2023.09.22-03.37.18:719][  0]LogConfig: Setting CVar [[r.Upscale.Quality:3]]
[2023.09.22-03.37.18:719][  0]LogConfig: Setting CVar [[r.Tonemapper.GrainQuantization:1]]
[2023.09.22-03.37.18:719][  0]LogConfig: Setting CVar [[r.LightShaftQuality:1]]
[2023.09.22-03.37.18:719][  0]LogConfig: Setting CVar [[r.Filter.SizeScale:1]]
[2023.09.22-03.37.18:719][  0]LogConfig: Setting CVar [[r.Tonemapper.Quality:5]]
[2023.09.22-03.37.18:719][  0]LogConfig: Setting CVar [[r.DOF.Gather.AccumulatorQuality:1        ; higher gathering accumulator quality]]
[2023.09.22-03.37.18:719][  0]LogConfig: Setting CVar [[r.DOF.Gather.PostfilterMethod:1          ; Median3x3 postfilering method]]
[2023.09.22-03.37.18:719][  0]LogConfig: Setting CVar [[r.DOF.Gather.EnableBokehSettings:0       ; no bokeh simulation when gathering]]
[2023.09.22-03.37.18:719][  0]LogConfig: Setting CVar [[r.DOF.Gather.RingCount:4                 ; medium number of samples when gathering]]
[2023.09.22-03.37.18:719][  0]LogConfig: Setting CVar [[r.DOF.Scatter.ForegroundCompositing:1    ; additive foreground scattering]]
[2023.09.22-03.37.18:719][  0]LogConfig: Setting CVar [[r.DOF.Scatter.BackgroundCompositing:2    ; additive background scattering]]
[2023.09.22-03.37.18:719][  0]LogConfig: Setting CVar [[r.DOF.Scatter.EnableBokehSettings:1      ; bokeh simulation when scattering]]
[2023.09.22-03.37.18:719][  0]LogConfig: Setting CVar [[r.DOF.Scatter.MaxSpriteRatio:0.1         ; only a maximum of 10% of scattered bokeh]]
[2023.09.22-03.37.18:719][  0]LogConfig: Setting CVar [[r.DOF.Recombine.Quality:1                ; cheap slight out of focus]]
[2023.09.22-03.37.18:719][  0]LogConfig: Setting CVar [[r.DOF.Recombine.EnableBokehSettings:0    ; no bokeh simulation on slight out of focus]]
[2023.09.22-03.37.18:719][  0]LogConfig: Setting CVar [[r.DOF.TemporalAAQuality:1                ; more stable temporal accumulation]]
[2023.09.22-03.37.18:719][  0]LogConfig: Setting CVar [[r.DOF.Kernel.MaxForegroundRadius:0.025]]
[2023.09.22-03.37.18:719][  0]LogConfig: Setting CVar [[r.DOF.Kernel.MaxBackgroundRadius:0.025]]
[2023.09.22-03.37.18:719][  0]LogConfig: Applying CVar settings from Section [TextureQuality@3] File [D:/Learn-Unreal-s-Blueprint-Visual-Scripting/13. 레벨 스트리밍과 월드 컴포지션/Saved/Config/Windows/Scalability.ini]
[2023.09.22-03.37.18:719][  0]LogConfig: Setting CVar [[r.Streaming.MipBias:0]]
[2023.09.22-03.37.18:719][  0]LogConfig: Setting CVar [[r.Streaming.AmortizeCPUToGPUCopy:0]]
[2023.09.22-03.37.18:719][  0]LogConfig: Setting CVar [[r.Streaming.MaxNumTexturesToStreamPerFrame:0]]
[2023.09.22-03.37.18:719][  0]LogConfig: Setting CVar [[r.Streaming.Boost:1]]
[2023.09.22-03.37.18:719][  0]LogConfig: Setting CVar [[r.MaxAnisotropy:8]]
[2023.09.22-03.37.18:719][  0]LogConfig: Setting CVar [[r.Streaming.LimitPoolSizeToVRAM:0]]
[2023.09.22-03.37.18:719][  0]LogConfig: Setting CVar [[r.Streaming.PoolSize:1000]]
[2023.09.22-03.37.18:719][  0]LogConfig: Setting CVar [[r.Streaming.MaxEffectiveScreenSize:0]]
[2023.09.22-03.37.18:719][  0]LogConfig: Applying CVar settings from Section [EffectsQuality@3] File [D:/Learn-Unreal-s-Blueprint-Visual-Scripting/13. 레벨 스트리밍과 월드 컴포지션/Saved/Config/Windows/Scalability.ini]
[2023.09.22-03.37.18:719][  0]LogConfig: Setting CVar [[r.TranslucencyLightingVolumeDim:64]]
[2023.09.22-03.37.18:719][  0]LogConfig: Setting CVar [[r.RefractionQuality:2]]
[2023.09.22-03.37.18:719][  0]LogConfig: Setting CVar [[r.SSR.Quality:3]]
[2023.09.22-03.37.18:719][  0]LogConfig: Setting CVar [[r.SceneColorFormat:4]]
[2023.09.22-03.37.18:719][  0]LogConfig: Setting CVar [[r.DetailMode:2]]
[2023.09.22-03.37.18:719][  0]LogConfig: Setting CVar [[r.TranslucencyVolumeBlur:1]]
[2023.09.22-03.37.18:719][  0]LogConfig: Setting CVar [[r.MaterialQualityLevel:1 ; High quality]]
[2023.09.22-03.37.18:719][  0]LogConfig: Setting CVar [[r.SSS.Scale:1]]
[2023.09.22-03.37.18:719][  0]LogConfig: Setting CVar [[r.SSS.SampleSet:2]]
[2023.09.22-03.37.18:719][  0]LogConfig: Setting CVar [[r.SSS.Quality:1]]
[2023.09.22-03.37.18:719][  0]LogConfig: Setting CVar [[r.SSS.HalfRes:1]]
[2023.09.22-03.37.18:719][  0]LogConfig: Setting CVar [[r.EmitterSpawnRateScale:1.0]]
[2023.09.22-03.37.18:719][  0]LogConfig: Setting CVar [[r.ParticleLightQuality:2]]
[2023.09.22-03.37.18:719][  0]LogConfig: Applying CVar settings from Section [FoliageQuality@3] File [D:/Learn-Unreal-s-Blueprint-Visual-Scripting/13. 레벨 스트리밍과 월드 컴포지션/Saved/Config/Windows/Scalability.ini]
[2023.09.22-03.37.18:719][  0]LogConfig: Setting CVar [[foliage.DensityScale:1.0]]
[2023.09.22-03.37.18:719][  0]LogConfig: Setting CVar [[grass.DensityScale:1.0]]
[2023.09.22-03.37.18:719][  0]LogConfig: Applying CVar settings from Section [Startup] File [../../../Engine/Config/ConsoleVariables.ini]
[2023.09.22-03.37.18:719][  0]LogConfig: Setting CVar [[net.UseAdaptiveNetUpdateFrequency:0]]
[2023.09.22-03.37.18:719][  0]LogConfig: Setting CVar [[p.chaos.AllowCreatePhysxBodies:1]]
[2023.09.22-03.37.18:719][  0]LogConfig: Applying CVar settings from Section [ConsoleVariables] File [D:/Learn-Unreal-s-Blueprint-Visual-Scripting/13. 레벨 스트리밍과 월드 컴포지션/Saved/Config/Windows/Engine.ini]
[2023.09.22-03.37.18:720][  0]LogInit: Computer: DESKTOP-FVBURUN
[2023.09.22-03.37.18:720][  0]LogInit: User: MDC
[2023.09.22-03.37.18:720][  0]LogInit: CPU Page size=4096, Cores=6
[2023.09.22-03.37.18:720][  0]LogInit: High frequency timer resolution =10.000000 MHz
[2023.09.22-03.37.18:720][  0]LogMemory: Memory total: Physical=15.8GB (16GB approx)
[2023.09.22-03.37.18:720][  0]LogMemory: Platform Memory Stats for Windows
[2023.09.22-03.37.18:720][  0]LogMemory: Process Physical Memory: 99.25 MB used, 99.25 MB peak
[2023.09.22-03.37.18:720][  0]LogMemory: Process Virtual Memory: 90.16 MB used, 90.16 MB peak
[2023.09.22-03.37.18:720][  0]LogMemory: Physical Memory: 8675.13 MB used,  7552.91 MB free, 16228.04 MB total
[2023.09.22-03.37.18:720][  0]LogMemory: Virtual Memory: 4668.27 MB used,  134213056.00 MB free, 134217728.00 MB total
[2023.09.22-03.37.18:772][  0]LogInit: Using OS detected language (ko-KR).
[2023.09.22-03.37.18:772][  0]LogInit: Using OS detected locale (ko-KR).
[2023.09.22-03.37.18:772][  0]LogTextLocalizationManager: No specific localization for 'ko-KR' exists, so the 'ko' localization will be used.
[2023.09.22-03.37.18:916][  0]LogInit: Setting process to per monitor DPI aware
[2023.09.22-03.37.18:958][  0]LogSlate: New Slate User Created.  User Index 0, Is Virtual User: 0
[2023.09.22-03.37.18:958][  0]LogSlate: Slate User Registered.  User Index 0, Is Virtual User: 0
[2023.09.22-03.37.19:343][  0]LogHMD: Failed to initialize OpenVR with code 110
[2023.09.22-03.37.19:343][  0]LogD3D11RHI: D3D11 adapters:
[2023.09.22-03.37.19:509][  0]LogD3D11RHI:    0. 'NVIDIA GeForce GTX 1060' (Feature Level 11_0)
[2023.09.22-03.37.19:509][  0]LogD3D11RHI:       6043/0/8114 MB DedicatedVideo/DedicatedSystem/SharedSystem, Outputs:1, VendorId:0x10de
[2023.09.22-03.37.19:545][  0]LogD3D11RHI:    1. 'Intel(R) UHD Graphics 630' (Feature Level 11_0)
[2023.09.22-03.37.19:545][  0]LogD3D11RHI:       128/0/8114 MB DedicatedVideo/DedicatedSystem/SharedSystem, Outputs:0, VendorId:0x8086
[2023.09.22-03.37.19:548][  0]LogD3D11RHI:    2. 'Microsoft Basic Render Driver' (Feature Level 11_0)
[2023.09.22-03.37.19:548][  0]LogD3D11RHI:       0/0/8114 MB DedicatedVideo/DedicatedSystem/SharedSystem, Outputs:0, VendorId:0x1414
[2023.09.22-03.37.19:548][  0]LogD3D11RHI: Chosen D3D11 Adapter: 0
[2023.09.22-03.37.19:557][  0]LogD3D11RHI: Creating new Direct3DDevice
[2023.09.22-03.37.19:557][  0]LogD3D11RHI:     GPU DeviceId: 0x1c20 (for the marketing name, search the web for "GPU Device Id")
[2023.09.22-03.37.19:557][  0]LogWindows: EnumDisplayDevices:
[2023.09.22-03.37.19:558][  0]LogWindows:    0. 'Intel(R) UHD Graphics 630' (P:1 D:1)
[2023.09.22-03.37.19:558][  0]LogWindows:    1. 'Intel(R) UHD Graphics 630' (P:0 D:0)
[2023.09.22-03.37.19:558][  0]LogWindows:    2. 'Intel(R) UHD Graphics 630' (P:0 D:0)
[2023.09.22-03.37.19:559][  0]LogWindows:    3. 'NVIDIA GeForce GTX 1060' (P:0 D:0)
[2023.09.22-03.37.19:559][  0]LogWindows:    4. 'NVIDIA GeForce GTX 1060' (P:0 D:0)
[2023.09.22-03.37.19:559][  0]LogWindows:    5. 'NVIDIA GeForce GTX 1060' (P:0 D:0)
[2023.09.22-03.37.19:559][  0]LogWindows:    6. 'NVIDIA GeForce GTX 1060' (P:0 D:0)
[2023.09.22-03.37.19:560][  0]LogWindows: DebugString: PrimaryIsNotTheChoosenAdapter PrimaryIsNotTheChoosenAdapter PrimaryIsNotTheChoosenAdapter FoundDriverCount:4 
[2023.09.22-03.37.19:560][  0]LogD3D11RHI:     Adapter Name: NVIDIA GeForce GTX 1060
[2023.09.22-03.37.19:560][  0]LogD3D11RHI:   Driver Version: 536.99 (internal:31.0.15.3699, unified:536.99)
[2023.09.22-03.37.19:560][  0]LogD3D11RHI:      Driver Date: 8-4-2023
[2023.09.22-03.37.19:560][  0]LogRHI: Texture pool is 4230 MB (70% of 6043 MB)
[2023.09.22-03.37.19:646][  0]LogD3D11RHI: Async texture creation enabled
[2023.09.22-03.37.19:653][  0]LogRendererCore: FGlobalReadBuffer::InitRHI
[2023.09.22-03.37.19:655][  0]LogRendererCore: FGlobalReadBuffer::InitRHI
[2023.09.22-03.37.19:655][  0]LogRendererCore: FGlobalReadBuffer::InitRHI
[2023.09.22-03.37.19:667][  0]LogD3D11RHI: GPU Timing Frequency: 1000.000000 (Debug: 2 1)
[2023.09.22-03.37.20:016][  0]LogTemp: Display: Module 'AllDesktopTargetPlatform' loaded TargetPlatform 'AllDesktop'
[2023.09.22-03.37.20:028][  0]LogTemp: Display: Module 'MacClientTargetPlatform' loaded TargetPlatform 'MacClient'
[2023.09.22-03.37.20:039][  0]LogTemp: Display: Module 'MacNoEditorTargetPlatform' loaded TargetPlatform 'MacNoEditor'
[2023.09.22-03.37.20:052][  0]LogTemp: Display: Module 'MacServerTargetPlatform' loaded TargetPlatform 'MacServer'
[2023.09.22-03.37.20:066][  0]LogTemp: Display: Module 'MacTargetPlatform' loaded TargetPlatform 'Mac'
[2023.09.22-03.37.20:080][  0]LogTemp: Display: Module 'WindowsClientTargetPlatform' loaded TargetPlatform 'WindowsClient'
[2023.09.22-03.37.20:109][  0]LogTemp: Display: Module 'WindowsNoEditorTargetPlatform' loaded TargetPlatform 'WindowsNoEditor'
[2023.09.22-03.37.20:141][  0]LogTemp: Display: Module 'WindowsServerTargetPlatform' loaded TargetPlatform 'WindowsServer'
[2023.09.22-03.37.20:154][  0]LogTemp: Display: Module 'WindowsTargetPlatform' loaded TargetPlatform 'Windows'
[2023.09.22-03.37.20:285][  0]LogTemp: Display: Module 'AndroidTargetPlatform' loaded TargetPlatform 'Android'
[2023.09.22-03.37.20:285][  0]LogTemp: Display: Module 'AndroidTargetPlatform' loaded TargetPlatform 'Android_ASTC'
[2023.09.22-03.37.20:285][  0]LogTemp: Display: Module 'AndroidTargetPlatform' loaded TargetPlatform 'Android_ATC'
[2023.09.22-03.37.20:285][  0]LogTemp: Display: Module 'AndroidTargetPlatform' loaded TargetPlatform 'Android_DXT'
[2023.09.22-03.37.20:285][  0]LogTemp: Display: Module 'AndroidTargetPlatform' loaded TargetPlatform 'Android_ETC1'
[2023.09.22-03.37.20:285][  0]LogTemp: Display: Module 'AndroidTargetPlatform' loaded TargetPlatform 'Android_ETC1a'
[2023.09.22-03.37.20:285][  0]LogTemp: Display: Module 'AndroidTargetPlatform' loaded TargetPlatform 'Android_ETC2'
[2023.09.22-03.37.20:285][  0]LogTemp: Display: Module 'AndroidTargetPlatform' loaded TargetPlatform 'Android_PVRTC'
[2023.09.22-03.37.20:285][  0]LogTemp: Display: Module 'AndroidTargetPlatform' loaded TargetPlatform 'AndroidClient'
[2023.09.22-03.37.20:285][  0]LogTemp: Display: Module 'AndroidTargetPlatform' loaded TargetPlatform 'Android_ASTCClient'
[2023.09.22-03.37.20:285][  0]LogTemp: Display: Module 'AndroidTargetPlatform' loaded TargetPlatform 'Android_ATCClient'
[2023.09.22-03.37.20:285][  0]LogTemp: Display: Module 'AndroidTargetPlatform' loaded TargetPlatform 'Android_DXTClient'
[2023.09.22-03.37.20:285][  0]LogTemp: Display: Module 'AndroidTargetPlatform' loaded TargetPlatform 'Android_ETC1Client'
[2023.09.22-03.37.20:285][  0]LogTemp: Display: Module 'AndroidTargetPlatform' loaded TargetPlatform 'Android_ETC1aClient'
[2023.09.22-03.37.20:285][  0]LogTemp: Display: Module 'AndroidTargetPlatform' loaded TargetPlatform 'Android_ETC2Client'
[2023.09.22-03.37.20:285][  0]LogTemp: Display: Module 'AndroidTargetPlatform' loaded TargetPlatform 'Android_PVRTCClient'
[2023.09.22-03.37.20:285][  0]LogTemp: Display: Module 'AndroidTargetPlatform' loaded TargetPlatform 'Android_Multi'
[2023.09.22-03.37.20:285][  0]LogTemp: Display: Module 'AndroidTargetPlatform' loaded TargetPlatform 'Android_MultiClient'
[2023.09.22-03.37.20:287][  0]LogTemp: Display: Module 'HTML5TargetPlatform' loaded TargetPlatform 'HTML5'
[2023.09.22-03.37.20:346][  0]LogTemp: Display: Module 'IOSTargetPlatform' loaded TargetPlatform 'IOSClient'
[2023.09.22-03.37.20:346][  0]LogTemp: Display: Module 'IOSTargetPlatform' loaded TargetPlatform 'IOS'
[2023.09.22-03.37.20:384][  0]LogTemp: Display: Module 'TVOSTargetPlatform' loaded TargetPlatform 'TVOSClient'
[2023.09.22-03.37.20:384][  0]LogTemp: Display: Module 'TVOSTargetPlatform' loaded TargetPlatform 'TVOS'
[2023.09.22-03.37.20:402][  0]LogTemp: Display: Module 'LinuxClientTargetPlatform' loaded TargetPlatform 'LinuxClient'
[2023.09.22-03.37.20:417][  0]LogTemp: Display: Module 'LinuxNoEditorTargetPlatform' loaded TargetPlatform 'LinuxNoEditor'
[2023.09.22-03.37.20:434][  0]LogTemp: Display: Module 'LinuxServerTargetPlatform' loaded TargetPlatform 'LinuxServer'
[2023.09.22-03.37.20:449][  0]LogTemp: Display: Module 'LinuxTargetPlatform' loaded TargetPlatform 'Linux'
[2023.09.22-03.37.20:497][  0]LogTemp: Display: Module 'LuminTargetPlatform' loaded TargetPlatform 'Lumin'
[2023.09.22-03.37.20:497][  0]LogTemp: Display: Module 'LuminTargetPlatform' loaded TargetPlatform 'LuminClient'
[2023.09.22-03.37.20:497][  0]LogTargetPlatformManager: Display: Building Assets For Windows
[2023.09.22-03.37.20:503][  0]LogAudioDebug: Display: Lib vorbis DLL was dynamically loaded.
[2023.09.22-03.37.20:573][  0]LogShaderCompilers: Guid format shader working directory is -31 characters bigger than the processId version (../../../../Learn-Unreal-s-Blueprint-Visual-Scripting/13. 레벨 스트리밍과 월드 컴포지션/Intermediate/Shaders/WorkingDirectory/11516/).
[2023.09.22-03.37.20:574][  0]LogShaderCompilers: Cleaned the shader compiler working directory 'C:/Users/MDC/AppData/Local/Temp/UnrealShaderWorkingDir/3A182DF949490FA1BAADF7A66095CBEC/'.
[2023.09.22-03.37.20:576][  0]LogXGEController: Cannot use XGE Controller as Incredibuild is not installed on this machine.
[2023.09.22-03.37.20:577][  0]LogShaderCompilers: Cannot use XGE Shader Compiler as Incredibuild is not installed on this machine.
[2023.09.22-03.37.20:577][  0]LogShaderCompilers: Display: Using Local Shader Compiler.
[2023.09.22-03.37.21:143][  0]LogDerivedDataCache: Display: Max Cache Size: 512 MB
[2023.09.22-03.37.21:364][  0]LogDerivedDataCache: Loaded boot cache 0.22s 72MB C:/Users/MDC/AppData/Local/UnrealEngine/4.22/DerivedDataCache/Boot.ddc.
[2023.09.22-03.37.21:364][  0]LogDerivedDataCache: Display: Loaded Boot cache: C:/Users/MDC/AppData/Local/UnrealEngine/4.22/DerivedDataCache/Boot.ddc
[2023.09.22-03.37.21:365][  0]LogDerivedDataCache: FDerivedDataBackendGraph:  Pak pak cache file ../../../../Learn-Unreal-s-Blueprint-Visual-Scripting/13. 레벨 스트리밍과 월드 컴포지션/DerivedDataCache/DDC.ddp not found, will not use a pak cache.
[2023.09.22-03.37.21:365][  0]LogDerivedDataCache: Unable to find inner node Pak for hierarchical cache Hierarchy.
[2023.09.22-03.37.21:366][  0]LogDerivedDataCache: FDerivedDataBackendGraph:  CompressedPak pak cache file ../../../../Learn-Unreal-s-Blueprint-Visual-Scripting/13. 레벨 스트리밍과 월드 컴포지션/DerivedDataCache/Compressed.ddp not found, will not use a pak cache.
[2023.09.22-03.37.21:366][  0]LogDerivedDataCache: Unable to find inner node CompressedPak for hierarchical cache Hierarchy.
[2023.09.22-03.37.21:381][  0]LogDerivedDataCache: Display: Pak cache opened for reading ../../../Engine/DerivedDataCache/Compressed.ddp.
[2023.09.22-03.37.21:381][  0]LogDerivedDataCache: FDerivedDataBackendGraph:  EnterprisePak pak cache file ../../../Enterprise/DerivedDataCache/Compressed.ddp not found, will not use a pak cache.
[2023.09.22-03.37.21:381][  0]LogDerivedDataCache: Unable to find inner node EnterprisePak for hierarchical cache Hierarchy.
[2023.09.22-03.37.21:395][  0]LogDerivedDataCache: Using Local data cache path C:/Users/MDC/AppData/Local/UnrealEngine/Common/DerivedDataCache: Writable
[2023.09.22-03.37.21:395][  0]LogDerivedDataCache: Shared data cache path not found in *engine.ini, will not use an Shared cache.
[2023.09.22-03.37.21:395][  0]LogDerivedDataCache: Unable to find inner node Shared for hierarchical cache Hierarchy.
[2023.09.22-03.37.21:469][  0]LogMaterial: Verifying Global Shaders for PCD3D_SM5
[2023.09.22-03.37.21:470][  0]LogSlate: Using FreeType 2.6.0
[2023.09.22-03.37.21:471][  0]LogSlate: SlateFontServices - WITH_FREETYPE: 1, WITH_HARFBUZZ: 1
[2023.09.22-03.37.21:625][  0]LogAssetRegistry: FAssetRegistry took 0.0553 seconds to start up
[2023.09.22-03.37.22:289][  0]LogInit: Selected Device Profile: [Windows]
[2023.09.22-03.37.22:419][  0]LogMeshReduction: Using QuadricMeshReduction for automatic static mesh reduction
[2023.09.22-03.37.22:419][  0]LogMeshReduction: Using SimplygonMeshReduction for automatic skeletal mesh reduction
[2023.09.22-03.37.22:419][  0]LogMeshReduction: Using ProxyLODMeshReduction for automatic mesh merging
[2023.09.22-03.37.22:419][  0]LogMeshReduction: No distributed automatic mesh merging module available
[2023.09.22-03.37.22:420][  0]LogMeshMerging: No distributed automatic mesh merging module available
[2023.09.22-03.37.22:435][  0]LogNetVersion: Chapter_13 1.0.0, NetCL: 5660361, EngineNetVer: 10, GameNetVer: 0 (Checksum: 3866059586)
[2023.09.22-03.37.23:784][  0]LogPackageLocalizationCache: Processed 10 localized package path(s) for 1 prioritized culture(s) in 0.909188 seconds
[2023.09.22-03.37.23:793][  0]LogUObjectArray: 42205 objects as part of root set at end of initial load.
[2023.09.22-03.37.23:793][  0]LogUObjectAllocator: 7325032 out of 0 bytes used by permanent object pool.
[2023.09.22-03.37.23:793][  0]LogUObjectArray: CloseDisregardForGC: 0/0 objects in disregard for GC pool
[2023.09.22-03.37.52:254][  0]LogTcpMessaging: Initializing TcpMessaging bridge
[2023.09.22-03.37.52:458][  0]LogUdpMessaging: Initializing bridge on interface 0.0.0.0:0 to multicast group 230.0.0.1:6666.
[2023.09.22-03.37.54:797][  0]SourceControl: 소스 컨트롤이 꺼져 있습니다.
[2023.09.22-03.37.54:797][  0]SourceControl: 소스 컨트롤이 꺼져 있습니다.
[2023.09.22-03.37.55:208][  0]SourceControl: 소스 컨트롤이 꺼져 있습니다.
[2023.09.22-03.37.55:306][  0]SourceControl: 소스 컨트롤이 꺼져 있습니다.
[2023.09.22-03.37.59:326][  0]LogAndroidPermission: UAndroidPermissionCallbackProxy::GetInstance
[2023.09.22-03.38.01:335][  0]LogOcInput: OculusInput pre-init called
[2023.09.22-03.38.04:578][  0]LogEngine: Initializing Engine...
[2023.09.22-03.38.04:633][  0]LogHMD: Failed to initialize OpenVR with code 110
[2023.09.22-03.38.04:677][  0]LogStats: UGameplayTagsManager::InitializeManager -  0.003 s
[2023.09.22-03.38.05:351][  0]LogInit: Initializing FReadOnlyCVARCache
[2023.09.22-03.38.06:100][  0]LogAIModule: Creating AISystem for world Untitled
[2023.09.22-03.38.06:483][  0]LogInit: XAudio2 using '헤드폰(Galaxy Buds+ (6D4C))' : 2 channels at 48 kHz using 16 bits per sample (channel mask 0x3)
[2023.09.22-03.38.06:502][  0]LogInit: FAudioDevice initialized.
[2023.09.22-03.38.06:502][  0]LogNetVersion: Set ProjectVersion to 1.0.0.0. Version Checksum will be recalculated on next use.
[2023.09.22-03.38.06:510][  0]LogDerivedDataCache: Error: Could not save memory cache C:/Users/MDC/AppData/Local/UnrealEngine/4.22/DerivedDataCache/Boot.ddc.
[2023.09.22-03.38.06:516][  0]LogInit: Texture streaming: Enabled
[2023.09.22-03.38.06:814][  0]LogEngineSessionManager: EngineSessionManager initialized
[2023.09.22-03.38.07:246][  0]LogInit: Transaction tracking system initialized
[2023.09.22-03.38.08:021][  0]BlueprintLog: New page: 에디터 로드
[2023.09.22-03.38.10:247][  0]LocalizationService: 현지화 서비스가 비활성화되었습니다.
[2023.09.22-03.38.13:505][  0]LogCook: Display: Max memory allowance for cook 16384mb min free memory 0mb
[2023.09.22-03.38.13:505][  0]LogCook: Display: Mobile HDR setting 1
[2023.09.22-03.38.14:360][  0]LogFileCache: Scanning file cache for directory 'D:/Learn-Unreal-s-Blueprint-Visual-Scripting/13. 레벨 스트리밍과 월드 컴포지션/Content/' took 0.03s
[2023.09.22-03.38.17:336][  0]SourceControl: 소스 컨트롤이 꺼져 있습니다.
[2023.09.22-03.38.17:363][  0]Cmd: MAP LOAD FILE="../../../../Learn-Unreal-s-Blueprint-Visual-Scripting/13. 레벨 스트리밍과 월드 컴포지션/Content/ThirdPersonBP/Maps/ThirdPersonExampleMap.umap" TEMPLATE=0 SHOWPROGRESS=1 FEATURELEVEL=3
[2023.09.22-03.38.17:559][  0]LightingResults: New page: 라이팅 빌드
[2023.09.22-03.38.18:092][  0]MapCheck: New page: 맵 체크
[2023.09.22-03.38.18:092][  0]LightingResults: New page: 라이팅 빌드
[2023.09.22-03.38.19:307][  0]LogUObjectHash: Compacting FUObjectHashTables data took  27.96ms
[2023.09.22-03.38.24:235][  0]LogAIModule: Creating AISystem for world ThirdPersonExampleMap
[2023.09.22-03.38.25:396][  0]LogEditorServer: Finished looking for orphan Actors (0.000 secs)
[2023.09.22-03.38.25:683][  0]LogUObjectHash: Compacting FUObjectHashTables data took   2.00ms
[2023.09.22-03.38.25:683][  0]Cmd: MAP CHECKDEP NOCLEARLOG
[2023.09.22-03.38.25:684][  0]MapCheck: 맵 체크 완료: 오류 0 회, 경고 0 회, 소요 시간 0.34ms.
[2023.09.22-03.38.25:684][  0]LogFileHelpers: Loading map 'ThirdPersonExampleMap' took 8.324
[2023.09.22-03.38.26:848][  0]LogSlate: Only BGRA pngs, bmps or icos are supported in by External Image Picker
[2023.09.22-03.38.26:887][  0]LogSlate: Updating window title bar state: overlay mode, drag disabled, window buttons hidden, title bar hidden
[2023.09.22-03.38.26:893][  0]LogSlate: Updating window title bar state: overlay mode, drag disabled, window buttons hidden, title bar hidden
[2023.09.22-03.38.26:901][  0]LogSlate: Updating window title bar state: overlay mode, drag disabled, window buttons hidden, title bar hidden
[2023.09.22-03.38.26:908][  0]LogSlate: Updating window title bar state: overlay mode, drag disabled, window buttons hidden, title bar hidden
[2023.09.22-03.38.26:912][  0]LogCollectionManager: Loaded 0 collections in 0.000716 seconds
[2023.09.22-03.38.27:141][  0]LogFileCache: Scanning file cache for directory 'D:/Learn-Unreal-s-Blueprint-Visual-Scripting/13. 레벨 스트리밍과 월드 컴포지션/Saved/Collections/' took 0.01s
[2023.09.22-03.38.27:141][  0]LogFileCache: Scanning file cache for directory 'D:/Learn-Unreal-s-Blueprint-Visual-Scripting/13. 레벨 스트리밍과 월드 컴포지션/Content/Developers/MDC/Collections/' took 0.00s
[2023.09.22-03.38.27:141][  0]LogFileCache: Scanning file cache for directory 'D:/Learn-Unreal-s-Blueprint-Visual-Scripting/13. 레벨 스트리밍과 월드 컴포지션/Content/Collections/' took 0.01s
[2023.09.22-03.38.27:141][  0]LogCollectionManager: Rebuilt the GUID cache for 0 collections in 0.000001 seconds
[2023.09.22-03.38.27:201][  0]LogContentBrowser: Native class hierarchy populated in 0.0571 seconds. Added 2732 classes and 659 folders.
[2023.09.22-03.38.27:480][  0]LogContentBrowser: Native class hierarchy updated for 'WidgetCarousel' in 0.0003 seconds. Added 0 classes and 0 folders.
[2023.09.22-03.38.27:605][  0]LogPakFile: Registered encryption key '00000000000000000000000000000000': 0 pak files mounted, 0 remain pending
[2023.09.22-03.38.27:722][  0]LogPakFile: Registered encryption key '00000000000000000000000000000000': 0 pak files mounted, 0 remain pending
[2023.09.22-03.38.27:759][  0]LogPakFile: Registered encryption key '00000000000000000000000000000000': 0 pak files mounted, 0 remain pending
[2023.09.22-03.38.27:792][  0]LogPakFile: Registered encryption key '00000000000000000000000000000000': 0 pak files mounted, 0 remain pending
[2023.09.22-03.38.27:808][  0]LogPakFile: Registered encryption key '00000000000000000000000000000000': 0 pak files mounted, 0 remain pending
[2023.09.22-03.38.27:835][  0]LogPakFile: Registered encryption key '00000000000000000000000000000000': 0 pak files mounted, 0 remain pending
[2023.09.22-03.38.27:856][  0]LogPakFile: Registered encryption key '00000000000000000000000000000000': 0 pak files mounted, 0 remain pending
[2023.09.22-03.38.27:888][  0]LogPakFile: Registered encryption key '00000000000000000000000000000000': 0 pak files mounted, 0 remain pending
[2023.09.22-03.38.28:000][  0]LogPakFile: Registered encryption key '00000000000000000000000000000000': 0 pak files mounted, 0 remain pending
[2023.09.22-03.38.28:021][  0]LogPakFile: Registered encryption key '00000000000000000000000000000000': 0 pak files mounted, 0 remain pending
[2023.09.22-03.38.28:028][  0]LogPakFile: Registered encryption key '00000000000000000000000000000000': 0 pak files mounted, 0 remain pending
[2023.09.22-03.38.28:061][  0]LogPakFile: Registered encryption key '00000000000000000000000000000000': 0 pak files mounted, 0 remain pending
[2023.09.22-03.38.28:084][  0]LogPakFile: Registered encryption key '00000000000000000000000000000000': 0 pak files mounted, 0 remain pending
[2023.09.22-03.38.28:091][  0]LogPakFile: Registered encryption key '00000000000000000000000000000000': 0 pak files mounted, 0 remain pending
[2023.09.22-03.38.28:107][  0]LogPakFile: Registered encryption key '00000000000000000000000000000000': 0 pak files mounted, 0 remain pending
[2023.09.22-03.38.28:130][  0]LogPakFile: Registered encryption key '00000000000000000000000000000000': 0 pak files mounted, 0 remain pending
[2023.09.22-03.38.28:171][  0]LogPakFile: Registered encryption key '00000000000000000000000000000000': 0 pak files mounted, 0 remain pending
[2023.09.22-03.38.28:192][  0]LogPakFile: Registered encryption key '00000000000000000000000000000000': 0 pak files mounted, 0 remain pending
[2023.09.22-03.38.28:248][  0]LogPakFile: Registered encryption key '00000000000000000000000000000000': 0 pak files mounted, 0 remain pending
[2023.09.22-03.38.28:263][  0]LogPakFile: Registered encryption key '00000000000000000000000000000000': 0 pak files mounted, 0 remain pending
[2023.09.22-03.38.28:289][  0]LogPakFile: Registered encryption key '00000000000000000000000000000000': 0 pak files mounted, 0 remain pending
[2023.09.22-03.38.28:296][  0]LogPakFile: Registered encryption key '00000000000000000000000000000000': 0 pak files mounted, 0 remain pending
[2023.09.22-03.38.28:315][  0]LogPakFile: Registered encryption key '00000000000000000000000000000000': 0 pak files mounted, 0 remain pending
[2023.09.22-03.38.28:342][  0]LogPakFile: Registered encryption key '00000000000000000000000000000000': 0 pak files mounted, 0 remain pending
[2023.09.22-03.38.28:355][  0]LogPakFile: Registered encryption key '00000000000000000000000000000000': 0 pak files mounted, 0 remain pending
[2023.09.22-03.38.28:365][  0]LogPakFile: Registered encryption key '00000000000000000000000000000000': 0 pak files mounted, 0 remain pending
[2023.09.22-03.38.29:265][  0]LogContentBrowser: Native class hierarchy updated for 'AddContentDialog' in 0.0002 seconds. Added 0 classes and 0 folders.
[2023.09.22-03.38.29:359][  0]LogContentBrowser: Native class hierarchy updated for 'SceneOutliner' in 0.0002 seconds. Added 1 classes and 2 folders.
[2023.09.22-03.38.30:465][  0]LogSlate: Took 0.018870 seconds to synchronously load lazily loaded font '../../../Engine/Content/Slate/Fonts/Roboto-Regular.ttf' (155K)
[2023.09.22-03.38.30:689][  0]LogSlate: Took 0.203779 seconds to synchronously load lazily loaded font '../../../Engine/Content/Editor/Slate/Fonts/NanumGothic.ttf' (4243K)
[2023.09.22-03.38.30:913][  0]LogSlate: Took 0.105784 seconds to synchronously load lazily loaded font '../../../Engine/Content/Editor/Slate/Fonts/NanumGothicBold.ttf' (4188K)
[2023.09.22-03.38.30:936][  0]LogSlate: Took 0.022888 seconds to synchronously load lazily loaded font '../../../Engine/Content/Slate/Fonts/Roboto-Bold.ttf' (160K)
[2023.09.22-03.38.31:138][  0]LogSlate: Took 0.021622 seconds to synchronously load lazily loaded font '../../../Engine/Content/Editor/Slate/Fonts/FontAwesome.ttf' (139K)
[2023.09.22-03.38.31:918][  0]LogRenderer: Reallocating scene render targets to support 1208x568 Format 10 NumSamples 1 (Frame:1).
[2023.09.22-03.38.32:937][  0]LogContentBrowser: Native class hierarchy updated for 'HierarchicalLODOutliner' in 0.0003 seconds. Added 0 classes and 0 folders.
[2023.09.22-03.38.32:937][  0]LogLoad: (Engine Initialization) Total time: 77.29 seconds
[2023.09.22-03.38.32:937][  0]LogLoad: (Engine Initialization) Total Blueprint compile time: 0.00 seconds
[2023.09.22-03.38.33:641][  0]LogContentStreaming: Texture pool size now 1000 MB
[2023.09.22-03.38.33:990][  0]LogSlate: Took 0.060630 seconds to synchronously load lazily loaded font '../../../Engine/Content/Slate/Fonts/Roboto-Light.ttf' (167K)
[2023.09.22-03.38.34:309][  2]LogAssetRegistry: Asset discovery search completed in 72.7103 seconds
[2023.09.22-03.38.34:311][  2]LogCollectionManager: Rebuilt the object cache for 0 collections in 0.000000 seconds (found 0 objects)
[2023.09.22-03.38.34:311][  2]LogCollectionManager: Fixed up redirectors for 0 collections in 0.000056 seconds (updated 0 objects)
[2023.09.22-03.57.47:811][645]LogSlate: FSceneViewport::OnFocusLost() reason 0
[2023.09.22-03.57.48:038][649]LogSlate: Took 0.000135 seconds to synchronously load lazily loaded font '../../../Engine/Content/Slate/Fonts/Roboto-Light.ttf' (167K)
[2023.09.22-03.57.48:472][649]LogTexture: Display: 텍스처 빌드: LQ_Lightmap_0_3 (DXT1, 64X64)
[2023.09.22-03.57.48:472][649]LogTexture: Display: 텍스처 빌드: HQ_Lightmap0_3 (AutoDXT, 64X64)
[2023.09.22-03.57.48:472][649]LogTexture: Display: 텍스처 빌드: ShadowMapTexture2D_0 (G8, 256X128)
[2023.09.22-03.57.48:472][649]LogTexture: Display: 텍스처 빌드: ShadowMapTexture2D_1 (G8, 32X32)
[2023.09.22-03.57.48:472][649]LogTexture: Display: 텍스처 빌드: LQ_Lightmap_0_1 (DXT1, 256X256)
[2023.09.22-03.57.48:472][649]LogTexture: Display: 텍스처 빌드: HQ_Lightmap0_1 (AutoDXT, 256X256)
[2023.09.22-03.57.48:545][649]LogAIModule: Creating AISystem for world AWholeNewWorld
[2023.09.22-03.57.48:625][649]LogAssetEditorManager: Opening Asset editor for World /Game/AWholeNewWorld.AWholeNewWorld
[2023.09.22-03.57.48:673][649]LogUObjectHash: Compacting FUObjectHashTables data took   1.78ms
[2023.09.22-03.57.48:729][649]Cmd: MAP LOAD FILE="../../../../Learn-Unreal-s-Blueprint-Visual-Scripting/13. 레벨 스트리밍과 월드 컴포지션/Content/AWholeNewWorld.umap" TEMPLATE=0 SHOWPROGRESS=1 FEATURELEVEL=3
[2023.09.22-03.57.48:729][649]LightingResults: New page: 라이팅 빌드
[2023.09.22-03.57.48:730][649]LoadErrors: New page: 맵 로드중: AWholeNewWorld.umap
[2023.09.22-03.57.48:878][649]MapCheck: New page: 맵 체크
[2023.09.22-03.57.48:878][649]LightingResults: New page: 라이팅 빌드
[2023.09.22-03.57.48:980][649]LogUObjectHash: Compacting FUObjectHashTables data took   1.51ms
[2023.09.22-03.57.48:993][649]LogStreaming: Display: ULevelStreaming::RequestLevel(/Game/Castle) is flushing async loading
[2023.09.22-03.57.48:993][649]LogStreaming: Display: Flushing async loaders.
[2023.09.22-03.57.49:081][649]LogTexture: Display: 텍스처 빌드: ShadowMapTexture2D_0 (G8, 256X64)
[2023.09.22-03.57.49:082][649]LogTexture: Display: 텍스처 빌드: HQ_Lightmap0_2 (AutoDXT, 256X256)
[2023.09.22-03.57.49:082][649]LogTexture: Display: 텍스처 빌드: LQ_Lightmap_0_2 (DXT1, 256X256)
[2023.09.22-03.57.49:408][649]LogEditorServer: Finished looking for orphan Actors (0.000 secs)
[2023.09.22-03.57.49:438][649]LogUObjectHash: Compacting FUObjectHashTables data took   1.53ms
[2023.09.22-03.57.49:471][649]Cmd: MAP CHECKDEP NOCLEARLOG
[2023.09.22-03.57.49:485][649]MapCheck: 맵 체크 완료: 오류 0 회, 경고 0 회, 소요 시간 13.461ms.
[2023.09.22-03.57.49:485][649]LogFileHelpers: Loading map 'AWholeNewWorld' took 0.812
[2023.09.22-03.57.50:535][706]LogAssetEditorManager: Opening Asset editor for World /Game/Castle.Castle
[2023.09.22-03.57.50:558][706]LogUObjectHash: Compacting FUObjectHashTables data took   0.56ms
[2023.09.22-03.57.50:559][706]Cmd: MAP LOAD FILE="../../../../Learn-Unreal-s-Blueprint-Visual-Scripting/13. 레벨 스트리밍과 월드 컴포지션/Content/Castle.umap" TEMPLATE=0 SHOWPROGRESS=1 FEATURELEVEL=3
[2023.09.22-03.57.50:559][706]LightingResults: New page: 라이팅 빌드
[2023.09.22-03.57.50:559][706]LoadErrors: New page: 맵 로드중: Castle.umap
[2023.09.22-03.57.50:566][706]MapCheck: New page: 맵 체크
[2023.09.22-03.57.50:566][706]LightingResults: New page: 라이팅 빌드
[2023.09.22-03.57.50:592][706]LogUObjectHash: Compacting FUObjectHashTables data took   1.64ms
[2023.09.22-03.57.50:592][706]LogAIModule: Creating AISystem for world Castle
[2023.09.22-03.57.50:812][706]LogEditorServer: Finished looking for orphan Actors (0.000 secs)
[2023.09.22-03.57.50:837][706]LogUObjectHash: Compacting FUObjectHashTables data took   0.93ms
[2023.09.22-03.57.50:852][706]Cmd: MAP CHECKDEP NOCLEARLOG
[2023.09.22-03.57.50:852][706]MapCheck: 맵 체크 완료: 오류 0 회, 경고 0 회, 소요 시간 0.064ms.
[2023.09.22-03.57.50:853][706]LogFileHelpers: Loading map 'Castle' took 0.294
[2023.09.22-03.57.50:898][706]LogUObjectHash: Compacting FUObjectHashTables data took   0.56ms
[2023.09.22-03.57.53:290][844]LogAIModule: Creating AISystem for world AWholeNewWorld
[2023.09.22-03.57.53:294][844]LogAssetEditorManager: Opening Asset editor for World /Game/AWholeNewWorld.AWholeNewWorld
[2023.09.22-03.57.53:320][844]LogUObjectHash: Compacting FUObjectHashTables data took   1.16ms
[2023.09.22-03.57.53:321][844]Cmd: MAP LOAD FILE="../../../../Learn-Unreal-s-Blueprint-Visual-Scripting/13. 레벨 스트리밍과 월드 컴포지션/Content/AWholeNewWorld.umap" TEMPLATE=0 SHOWPROGRESS=1 FEATURELEVEL=3
[2023.09.22-03.57.53:321][844]LightingResults: New page: 라이팅 빌드
[2023.09.22-03.57.53:321][844]LoadErrors: New page: 맵 로드중: AWholeNewWorld.umap
[2023.09.22-03.57.53:321][844]MapCheck: New page: 맵 체크
[2023.09.22-03.57.53:322][844]LightingResults: New page: 라이팅 빌드
[2023.09.22-03.57.53:343][844]LogUObjectHash: Compacting FUObjectHashTables data took   1.63ms
[2023.09.22-03.57.53:347][844]LogStreaming: Display: ULevelStreaming::RequestLevel(/Game/Castle) is flushing async loading
[2023.09.22-03.57.53:347][844]LogStreaming: Display: Flushing async loaders.
[2023.09.22-03.57.53:423][844]LogEditorServer: Finished looking for orphan Actors (0.000 secs)
[2023.09.22-03.57.53:449][844]LogUObjectHash: Compacting FUObjectHashTables data took   1.36ms
[2023.09.22-03.57.53:464][844]Cmd: MAP CHECKDEP NOCLEARLOG
[2023.09.22-03.57.53:464][844]MapCheck: 맵 체크 완료: 오류 0 회, 경고 0 회, 소요 시간 0.09ms.
[2023.09.22-03.57.53:464][844]LogFileHelpers: Loading map 'AWholeNewWorld' took 0.144
[2023.09.22-03.57.54:137][881]LogTemp: Repeating last play command: 선택된 뷰포트
[2023.09.22-03.57.54:228][881]LogBlueprintUserMessages: Early PlayInEditor Detection: Level '/Game/AWholeNewWorld.AWholeNewWorld:PersistentLevel' has LevelScriptBlueprint '/Game/AWholeNewWorld.AWholeNewWorld:PersistentLevel.AWholeNewWorld' with GeneratedClass '/Game/AWholeNewWorld.AWholeNewWorld_C' with ClassGeneratedBy '/Game/AWholeNewWorld.AWholeNewWorld:PersistentLevel.AWholeNewWorld'
[2023.09.22-03.57.54:228][881]LogBlueprintUserMessages: Early PlayInEditor Detection: Level '/Game/Castle.Castle:PersistentLevel' has LevelScriptBlueprint '/Game/Castle.Castle:PersistentLevel.Castle' with GeneratedClass '/Game/Castle.Castle_C' with ClassGeneratedBy '/Game/Castle.Castle:PersistentLevel.Castle'
[2023.09.22-03.57.54:296][881]LogPlayLevel: PlayLevel: No blueprints needed recompiling
[2023.09.22-03.57.54:362][881]PIE: New page: PIE 세션: AWholeNewWorld (2023. 9. 22. 오후 9:57:54)
[2023.09.22-03.57.54:467][881]LogPlayLevel: Creating play world package: /Game/UEDPIE_0_AWholeNewWorld
[2023.09.22-03.57.54:592][881]LogPlayLevel: PIE: StaticDuplicateObject took: (0.123979s)
[2023.09.22-03.57.54:592][881]LogAIModule: Creating AISystem for world AWholeNewWorld
[2023.09.22-03.57.54:592][881]LogPlayLevel: PIE: World Init took: (0.000545s)
[2023.09.22-03.57.54:592][881]LogPlayLevel: PIE: Created PIE world by copying editor world from /Game/AWholeNewWorld.AWholeNewWorld to /Game/UEDPIE_0_AWholeNewWorld.AWholeNewWorld (0.124746s)
[2023.09.22-03.57.54:617][881]LogUObjectHash: Compacting FUObjectHashTables data took   1.25ms
[2023.09.22-03.57.54:722][881]LogInit: XAudio2 using '헤드폰(Galaxy Buds+ (6D4C))' : 2 channels at 48 kHz using 16 bits per sample (channel mask 0x3)
[2023.09.22-03.57.54:732][881]LogInit: FAudioDevice initialized.
[2023.09.22-03.57.54:957][881]LogLoad: Game class is 'ThirdPersonGameMode_C'
[2023.09.22-03.57.55:356][881]LogWorld: Bringing World /Game/UEDPIE_0_AWholeNewWorld.AWholeNewWorld up for play (max tick rate 60) at 2023.09.22-12.57.55
[2023.09.22-03.57.55:530][881]LogWorld: Bringing up level for play took: 0.173871
[2023.09.22-03.57.56:145][881]LogContentBrowser: Native class hierarchy updated for 'MovieSceneCapture' in 0.0006 seconds. Added 20 classes and 0 folders.
[2023.09.22-03.57.56:376][881]PIE: /Game/UEDPIE_0_AWholeNewWorld 에 대한 에디터에서 플레이 시작 시간: 1.639
[2023.09.22-03.57.56:376][881]LogBlueprintUserMessages: Late PlayInEditor Detection: Level '/Game/AWholeNewWorld.AWholeNewWorld:PersistentLevel' has LevelScriptBlueprint '/Game/AWholeNewWorld.AWholeNewWorld:PersistentLevel.AWholeNewWorld' with GeneratedClass '/Game/AWholeNewWorld.AWholeNewWorld_C' with ClassGeneratedBy '/Game/AWholeNewWorld.AWholeNewWorld:PersistentLevel.AWholeNewWorld'
[2023.09.22-03.57.56:376][881]LogBlueprintUserMessages: Late PlayInEditor Detection: Level '/Game/Castle.Castle:PersistentLevel' has LevelScriptBlueprint '/Game/Castle.Castle:PersistentLevel.Castle' with GeneratedClass '/Game/Castle.Castle_C' with ClassGeneratedBy '/Game/Castle.Castle:PersistentLevel.Castle'
[2023.09.22-03.57.57:868][939]LogLevel: ActivateLevel /Game/UEDPIE_0_Castle 1 1 1
[2023.09.22-03.58.00:650][ 90]LogLevel: ActivateLevel /Game/UEDPIE_0_Castle 0 0 0
[2023.09.22-03.58.00:691][ 91]LogUObjectHash: Compacting FUObjectHashTables data took   1.52ms
[2023.09.22-03.58.01:096][116]LogLevel: ActivateLevel /Game/UEDPIE_0_Castle 1 1 1
[2023.09.22-03.58.02:096][176]LogLevel: ActivateLevel /Game/UEDPIE_0_Castle 0 0 0
[2023.09.22-03.58.02:136][177]LogUObjectHash: Compacting FUObjectHashTables data took   0.58ms
[2023.09.22-03.58.02:659][209]LogLevel: ActivateLevel /Game/UEDPIE_0_Castle 1 1 1
[2023.09.22-03.58.03:508][260]LogLevel: ActivateLevel /Game/UEDPIE_0_Castle 0 0 0
[2023.09.22-03.58.03:547][261]LogUObjectHash: Compacting FUObjectHashTables data took   0.59ms
[2023.09.22-03.58.04:203][301]LogLevel: ActivateLevel /Game/UEDPIE_0_Castle 1 1 1
[2023.09.22-03.58.05:319][368]LogLevel: ActivateLevel /Game/UEDPIE_0_Castle 0 0 0
[2023.09.22-03.58.05:357][369]LogUObjectHash: Compacting FUObjectHashTables data took   0.54ms
[2023.09.22-03.58.05:745][393]LogLevel: ActivateLevel /Game/UEDPIE_0_Castle 1 1 1
[2023.09.22-03.58.06:712][451]LogLevel: ActivateLevel /Game/UEDPIE_0_Castle 0 0 0
[2023.09.22-03.58.06:752][452]LogUObjectHash: Compacting FUObjectHashTables data took   0.56ms
[2023.09.22-03.58.08:607][564]LogLevel: ActivateLevel /Game/UEDPIE_0_Castle 1 1 1
[2023.09.22-03.58.11:956][765]LogLevel: ActivateLevel /Game/UEDPIE_0_Castle 0 0 0
[2023.09.22-03.58.12:001][766]LogUObjectHash: Compacting FUObjectHashTables data took   0.55ms
[2023.09.22-03.58.12:922][822]LogLevel: ActivateLevel /Game/UEDPIE_0_Castle 1 1 1
[2023.09.22-03.58.20:315][243]LogLevel: ActivateLevel /Game/UEDPIE_0_Castle 0 0 0
[2023.09.22-03.58.20:355][244]LogUObjectHash: Compacting FUObjectHashTables data took   0.58ms
[2023.09.22-03.58.20:842][274]LogLevel: ActivateLevel /Game/UEDPIE_0_Castle 1 1 1
[2023.09.22-03.58.32:046][946]LogLevel: ActivateLevel /Game/UEDPIE_0_Castle 0 0 0
[2023.09.22-03.58.32:086][947]LogUObjectHash: Compacting FUObjectHashTables data took   0.59ms
[2023.09.22-03.58.32:626][980]LogBlueprintUserMessages: Early EndPlayMap Detection: Level '/Game/AWholeNewWorld.AWholeNewWorld:PersistentLevel' has LevelScriptBlueprint '/Game/AWholeNewWorld.AWholeNewWorld:PersistentLevel.AWholeNewWorld' with GeneratedClass '/Game/AWholeNewWorld.AWholeNewWorld_C' with ClassGeneratedBy '/Game/AWholeNewWorld.AWholeNewWorld:PersistentLevel.AWholeNewWorld'
[2023.09.22-03.58.32:626][980]LogBlueprintUserMessages: Early EndPlayMap Detection: Level '/Game/Castle.Castle:PersistentLevel' has LevelScriptBlueprint '/Game/Castle.Castle:PersistentLevel.Castle' with GeneratedClass '/Game/Castle.Castle_C' with ClassGeneratedBy '/Game/Castle.Castle:PersistentLevel.Castle'
[2023.09.22-03.58.32:660][980]LogSlate: Updating window title bar state: overlay mode, drag disabled, window buttons hidden, title bar hidden
[2023.09.22-03.58.32:708][980]LogPlayLevel: Display: Shutting down PIE online subsystems
[2023.09.22-03.58.32:708][980]LogBlueprintUserMessages: Late EndPlayMap Detection: Level '/Game/AWholeNewWorld.AWholeNewWorld:PersistentLevel' has LevelScriptBlueprint '/Game/AWholeNewWorld.AWholeNewWorld:PersistentLevel.AWholeNewWorld' with GeneratedClass '/Game/AWholeNewWorld.AWholeNewWorld_C' with ClassGeneratedBy '/Game/AWholeNewWorld.AWholeNewWorld:PersistentLevel.AWholeNewWorld'
[2023.09.22-03.58.32:708][980]LogBlueprintUserMessages: Late EndPlayMap Detection: Level '/Game/Castle.Castle:PersistentLevel' has LevelScriptBlueprint '/Game/Castle.Castle:PersistentLevel.Castle' with GeneratedClass '/Game/Castle.Castle_C' with ClassGeneratedBy '/Game/Castle.Castle:PersistentLevel.Castle'
[2023.09.22-03.58.32:745][980]LogSlate: Updating window title bar state: overlay mode, drag disabled, window buttons hidden, title bar hidden
[2023.09.22-03.58.32:803][980]LogUObjectHash: Compacting FUObjectHashTables data took   2.34ms
[2023.09.22-03.58.32:844][981]LogPlayLevel: Display: Destroying online subsystem :Context_2
[2023.09.22-03.58.54:526][274]LogSlate: FSceneViewport::OnFocusLost() reason 0
[2023.09.22-03.59.00:755][636]LogWindowsTextInputMethodSystem: Display: IME system now activated using TSF (Microsoft 입력기).
[2023.09.22-03.59.10:581][163]LogAssetEditorManager: Opening Asset editor for Blueprint /Game/ThirdPersonBP/BP_LevelStream.BP_LevelStream
[2023.09.22-03.59.11:772][163]LogContentBrowser: Native class hierarchy updated for 'BlueprintGraph' in 0.0006 seconds. Added 121 classes and 0 folders.
[2023.09.22-03.59.13:830][163]LogSlate: Took 0.017290 seconds to synchronously load lazily loaded font '../../../Engine/Content/Slate/Fonts/Roboto-BoldCondensed.ttf' (158K)
[2023.09.22-03.59.16:223][275]LogSlate: Window 'BP_LevelStream' being destroyed
[2023.09.22-03.59.41:613][993]LogRenderer: Reallocating scene render targets to support 1208x892 Format 10 NumSamples 1 (Frame:1).
[2023.09.22-03.59.50:498][466]LogSlate: FSceneViewport::OnFocusLost() reason 0
[2023.09.22-04.31.47:589][488]LogAudio: Warning: Current Audio Device with ID {0.0.0.00000000}.{f86954ca-1fd2-44cf-8110-db5ff9a99ac1} was removed. Shutting down audio device.
[2023.09.22-04.31.47:589][488]LogInit: XAudio2 using '스피커(Realtek(R) Audio)' : 2 channels at 48 kHz using 32 bits per sample (channel mask 0x3)
[2023.09.22-04.33.10:898][737]LogSlate: FSceneViewport::OnFocusLost() reason 2
[2023.09.22-04.33.20:887][313]LogSlate: Took 0.123175 seconds to synchronously load lazily loaded font '../../../Engine/Content/Slate/Fonts/Roboto-Italic.ttf' (157K)
[2023.09.22-04.38.02:717][107]LogD3D11RHI: Error: Failed to create shader resource view for vertex buffer: ByteWidth=4096 NumElements=1024 Format=R8G8B8A8_SNORM
[2023.09.22-04.38.03:106][107]LogD3D11RHI: Error: Direct3DDevice->CreateShaderResourceView failed 
 at D:\Build\++UE4\Sync\Engine\Source\Runtime\Windows\D3D11RHI\Private\D3D11UAV.cpp:261 
 with error DXGI_ERROR_DEVICE_REMOVED DXGI_ERROR_DEVICE_REMOVED
[2023.09.22-04.38.03:106][107]LogD3D11RHI: [Aftermath] GDynamicRHI=000001E318E540C0, GDX11NVAfterMathEnabled=0, Result=0xFFFFFFFF, bDeviceActive=0
[2023.09.22-04.38.03:363][107]LogWindows: Windows GetLastError: 작업을 완료했습니다. (0)
[2023.09.22-04.38.13:800][107]LogOutputDevice: Warning: 

Script Stack (0 frames):

[2023.09.22-04.38.13:800][107]LogWindows: Windows GetLastError: 작업을 완료했습니다. (0)
[2023.09.22-04.38.13:827][107]LogWindows: Error: === Critical error: ===
[2023.09.22-04.38.13:827][107]LogWindows: Error: 
[2023.09.22-04.38.13:827][107]LogWindows: Error: Fatal error: [File:D:\Build\++UE4\Sync\Engine\Source\Runtime\RenderCore\Private\RenderingThread.cpp] [Line: 819] 
[2023.09.22-04.38.13:827][107]LogWindows: Error: Rendering thread exception:
[2023.09.22-04.38.13:827][107]LogWindows: Error: Fatal error: [File:D:\Build\++UE4\Sync\Engine\Source\Runtime\Windows\D3D11RHI\Private\D3D11Util.cpp] [Line: 198] 
[2023.09.22-04.38.13:827][107]LogWindows: Error: Unreal Engine is exiting due to D3D device being lost. (Error: 0x887A0005 - 'REMOVED')
[2023.09.22-04.38.13:827][107]LogWindows: Error: 
[2023.09.22-04.38.13:827][107]LogWindows: Error: 
[2023.09.22-04.38.13:827][107]LogWindows: Error: Unhandled Exception: 0x00008000
[2023.09.22-04.38.13:827][107]LogWindows: Error: 
[2023.09.22-04.38.13:827][107]LogWindows: Error: [Callstack] 0x00007ffc6103531c KERNELBASE.dll!UnknownFunction []
[2023.09.22-04.38.13:828][107]LogWindows: Error: [Callstack] 0x00007ffbdb883667 UE4Editor-Core.dll!UnknownFunction []
[2023.09.22-04.38.13:828][107]LogWindows: Error: [Callstack] 0x00007ffbdb8846e0 UE4Editor-Core.dll!UnknownFunction []
[2023.09.22-04.38.13:828][107]LogWindows: Error: [Callstack] 0x00007ffbdb697d1a UE4Editor-Core.dll!UnknownFunction []
[2023.09.22-04.38.13:828][107]LogWindows: Error: [Callstack] 0x00007ffbdb61fe33 UE4Editor-Core.dll!UnknownFunction []
[2023.09.22-04.38.13:828][107]LogWindows: Error: [Callstack] 0x00007ffbdb61fd18 UE4Editor-Core.dll!UnknownFunction []
[2023.09.22-04.38.13:828][107]LogWindows: Error: [Callstack] 0x00007ffbb8692a23 UE4Editor-D3D11RHI.dll!UnknownFunction []
[2023.09.22-04.38.13:828][107]LogWindows: Error: [Callstack] 0x00007ffbb869629e UE4Editor-D3D11RHI.dll!UnknownFunction []
[2023.09.22-04.38.13:828][107]LogWindows: Error: [Callstack] 0x00007ffbb867f731 UE4Editor-D3D11RHI.dll!UnknownFunction []
[2023.09.22-04.38.13:828][107]LogWindows: Error: [Callstack] 0x00007ffbb866a55f UE4Editor-D3D11RHI.dll!UnknownFunction []
[2023.09.22-04.38.13:828][107]LogWindows: Error: [Callstack] 0x00007ffbd6fe8fc9 UE4Editor-Engine.dll!UnknownFunction []
[2023.09.22-04.38.13:828][107]LogWindows: Error: [Callstack] 0x00007ffc1c289bb5 UE4Editor-RenderCore.dll!UnknownFunction []
[2023.09.22-04.38.13:828][107]LogWindows: Error: [Callstack] 0x00007ffbd6fe990f UE4Editor-Engine.dll!UnknownFunction []
[2023.09.22-04.38.13:828][107]LogWindows: Error: [Callstack] 0x00007ffbd9644a7d UE4Editor-Renderer.dll!UnknownFunction []
[2023.09.22-04.38.13:828][107]LogWindows: Error: [Callstack] 0x00007ffbdb4a22d8 UE4Editor-Core.dll!UnknownFunction []
[2023.09.22-04.38.13:828][107]LogWindows: Error: [Callstack] 0x00007ffbdb4a2563 UE4Editor-Core.dll!UnknownFunction []
[2023.09.22-04.38.13:828][107]LogWindows: Error: [Callstack] 0x00007ffc1c3059f1 UE4Editor-RenderCore.dll!UnknownFunction []
[2023.09.22-04.38.13:828][107]LogWindows: Error: [Callstack] 0x00007ffc1c30c184 UE4Editor-RenderCore.dll!UnknownFunction []
[2023.09.22-04.38.13:828][107]LogWindows: Error: [Callstack] 0x00007ffbdb894b3f UE4Editor-Core.dll!UnknownFunction []
[2023.09.22-04.38.13:828][107]LogWindows: Error: [Callstack] 0x00007ffbdb8908a7 UE4Editor-Core.dll!UnknownFunction []
[2023.09.22-04.38.13:828][107]LogWindows: Error: [Callstack] 0x00007ffc62e0257d KERNEL32.DLL!UnknownFunction []
[2023.09.22-04.38.13:828][107]LogWindows: Error: [Callstack] 0x00007ffc6376aa68 ntdll.dll!UnknownFunction []
[2023.09.22-04.38.13:828][107]LogWindows: Error: 
[2023.09.22-04.38.13:828][107]LogWindows: Error: 
[2023.09.22-04.38.13:828][107]LogWindows: Error: 
[2023.09.22-04.38.13:828][107]LogWindows: Error: 
[2023.09.22-04.38.13:869][107]LogExit: Executing StaticShutdownAfterError
[2023.09.22-04.38.13:920][107]LogWindows: FPlatformMisc::RequestExit(1)
[2023.09.22-04.38.13:942][107]Log file closed, 09/22/23 13:38:13
