Log file open, 09/22/23 12:36:35
LogWindows: Failed to load 'aqProf.dll' (GetLastError=126)
LogWindows: File 'aqProf.dll' does not exist
LogWindows: Failed to load 'VtuneApi.dll' (GetLastError=126)
LogWindows: File 'VtuneApi.dll' does not exist
LogWindows: Failed to load 'VtuneApi32e.dll' (GetLastError=126)
LogWindows: File 'VtuneApi32e.dll' does not exist
LogConsoleResponse: Display: Failed to find resolution value strings in scalability ini. Falling back to default.
LogInit: Display: Running engine for game: MultiplayerGame
LogPakFile: Registered encryption key '00000000000000000000000000000000': 0 pak files mounted, 0 remain pending
LogPlatformFile: Not using cached read wrapper
LogTaskGraph: Started task graph with 5 named threads and 35 total threads with 3 sets of task threads.
LogStats: Stats thread started at 0.799063
LogD3D11RHI: Loaded GFSDK_Aftermath_Lib.x64.dll
LogICUInternationalization: ICU TimeZone Detection - Raw Offset: +9:00, Platform Override: ''
LogPluginManager: Mounting plugin Paper2D
LogPluginManager: Mounting plugin AISupport
LogPluginManager: Mounting plugin LightPropagationVolume
LogPluginManager: Mounting plugin ActorLayerUtilities
LogPluginManager: Mounting plugin AnimationSharing
LogPluginManager: Mounting plugin CLionSourceCodeAccess
LogPluginManager: Mounting plugin CodeLiteSourceCodeAccess
LogPluginManager: Mounting plugin GitSourceControl
LogPluginManager: Mounting plugin KDevelopSourceCodeAccess
LogPluginManager: Mounting plugin NullSourceCodeAccess
LogPluginManager: Mounting plugin PerforceSourceControl
LogPluginManager: Mounting plugin SubversionSourceControl
LogPluginManager: Mounting plugin UObjectPlugin
LogPluginManager: Mounting plugin VisualStudioCodeSourceCodeAccess
LogPluginManager: Mounting plugin VisualStudioSourceCodeAccess
LogPluginManager: Mounting plugin XCodeSourceCodeAccess
LogPluginManager: Mounting plugin AssetManagerEditor
LogPluginManager: Mounting plugin CryptoKeys
LogPluginManager: Mounting plugin DataValidation
LogPluginManager: Mounting plugin FacialAnimation
LogPluginManager: Mounting plugin GameplayTagsEditor
LogPluginManager: Mounting plugin MacGraphicsSwitching
LogPluginManager: Mounting plugin MaterialAnalyzer
LogPluginManager: Mounting plugin MobileLauncherProfileWizard
LogPluginManager: Mounting plugin PluginBrowser
LogPluginManager: Mounting plugin SpeedTreeImporter
LogPluginManager: Mounting plugin DatasmithContent
LogPluginManager: Mounting plugin VariantManagerContent
LogPluginManager: Mounting plugin AlembicImporter
LogPluginManager: Mounting plugin AppleImageUtils
LogPluginManager: Mounting plugin AppleVision
LogPluginManager: Mounting plugin BackChannel
LogPluginManager: Mounting plugin CharacterAI
LogPluginManager: Mounting plugin GeometryCache
LogPluginManager: Mounting plugin HTML5Networking
LogPluginManager: Mounting plugin ProxyLODPlugin
LogPluginManager: Mounting plugin SkeletalReduction
LogPluginManager: Mounting plugin MagicLeap
LogPluginManager: Mounting plugin MagicLeapMedia
LogPluginManager: Mounting plugin AndroidMedia
LogPluginManager: Mounting plugin AvfMedia
LogPluginManager: Mounting plugin ImgMedia
LogPluginManager: Mounting plugin LinearTimecode
LogPluginManager: Mounting plugin MediaCompositing
LogPluginManager: Mounting plugin MediaPlayerEditor
LogPluginManager: Mounting plugin WebMMedia
LogPluginManager: Mounting plugin WmfMedia
LogPluginManager: Mounting plugin TcpMessaging
LogPluginManager: Mounting plugin UdpMessaging
LogPluginManager: Mounting plugin ActorSequence
LogPluginManager: Mounting plugin LevelSequenceEditor
LogPluginManager: Mounting plugin MatineeToLevelSequence
LogPluginManager: Mounting plugin NetcodeUnitTest
LogPluginManager: Mounting plugin NUTUnrealEngine4
LogPluginManager: Mounting plugin OnlineSubsystemGooglePlay
LogPluginManager: Mounting plugin OnlineSubsystemIOS
LogPluginManager: Mounting plugin OnlineSubsystem
LogPluginManager: Mounting plugin OnlineSubsystemNull
LogPluginManager: Mounting plugin OnlineSubsystemUtils
LogPluginManager: Mounting plugin LauncherChunkInstaller
LogPluginManager: Mounting plugin AndroidDeviceProfileSelector
LogPluginManager: Mounting plugin AndroidMoviePlayer
LogPluginManager: Mounting plugin AndroidPermission
LogPluginManager: Mounting plugin AppleMoviePlayer
LogPluginManager: Mounting plugin ArchVisCharacter
LogPluginManager: Mounting plugin AudioCapture
LogPluginManager: Mounting plugin CableComponent
LogPluginManager: Mounting plugin CustomMeshComponent
LogPluginManager: Mounting plugin EditableMesh
LogPluginManager: Mounting plugin ExampleDeviceProfileSelector
LogPluginManager: Mounting plugin Firebase
LogPluginManager: Mounting plugin GoogleCloudMessaging
LogPluginManager: Mounting plugin IOSDeviceProfileSelector
LogPluginManager: Mounting plugin LinuxDeviceProfileSelector
LogPluginManager: Mounting plugin LocationServicesBPLibrary
LogPluginManager: Mounting plugin MobilePatchingUtils
LogPluginManager: Mounting plugin OculusVR
LogPluginManager: Mounting plugin PhysXVehicles
LogPluginManager: Mounting plugin ProceduralMeshComponent
LogPluginManager: Mounting plugin RuntimePhysXCooking
LogPluginManager: Mounting plugin SignificanceManager
LogPluginManager: Mounting plugin SteamVR
LogPluginManager: Mounting plugin WebMMoviePlayer
LogPluginManager: Mounting plugin WindowsMoviePlayer
LogInit: Using libcurl 7.55.1-DEV
LogInit:  - built for x86_64-pc-win32
LogInit:  - supports SSL with OpenSSL/1.1.1
LogInit:  - supports HTTP deflate (compression) using libz 1.2.8
LogInit:  - other features:
LogInit:      CURL_VERSION_SSL
LogInit:      CURL_VERSION_LIBZ
LogInit:      CURL_VERSION_IPV6
LogInit:      CURL_VERSION_ASYNCHDNS
LogInit:      CURL_VERSION_LARGEFILE
LogInit:      CURL_VERSION_IDN
LogInit:  CurlRequestOptions (configurable via config and command line):
LogInit:  - bVerifyPeer = true  - Libcurl will verify peer certificate
LogInit:  - bUseHttpProxy = false  - Libcurl will NOT use HTTP proxy
LogInit:  - bDontReuseConnections = false  - Libcurl will reuse connections
LogInit:  - MaxHostConnections = 16  - Libcurl will limit the number of connections to a host
LogInit:  - LocalHostAddr = Default
LogInit:  - BufferSize = 65536
LogInit: WinSock: version 1.1 (2.2), MaxSocks=32767, MaxUdp=65467
LogInit: Build: ++UE4+Release-4.22-CL-7053642
LogInit: Engine Version: 4.22.3-7053642+++UE4+Release-4.22
LogInit: Compatible Engine Version: 4.22.0-5660361+++UE4+Release-4.22
LogInit: Net CL: 5660361
LogInit: OS: Windows 10 (Release 2009) (), CPU: Intel(R) Core(TM) i7-8750H CPU @ 2.20GHz, GPU: Intel(R) UHD Graphics 630
LogInit: Compiled (64-bit): Jun 18 2019 03:09:11
LogInit: Compiled with Visual C++: 19.16.27025.01
LogInit: Build Configuration: Development
LogInit: Branch Name: ++UE4+Release-4.22
LogInit: Command Line: 
LogInit: Base Directory: D:/UE_4.22/Engine/Binaries/Win64/
LogInit: Installed Engine Build: 1
LogDevObjectVersion: Number of dev versions registered: 23
LogDevObjectVersion:   Dev-Blueprints (B0D832E4-1F89-4F0D-ACCF-7EB736FD4AA2): 10
LogDevObjectVersion:   Dev-Build (E1C64328-A22C-4D53-A36C-8E866417BD8C): 0
LogDevObjectVersion:   Dev-Core (375EC13C-06E4-48FB-B500-84F0262A717E): 3
LogDevObjectVersion:   Dev-Editor (E4B068ED-F494-42E9-A231-DA0B2E46BB41): 30
LogDevObjectVersion:   Dev-Framework (CFFC743F-43B0-4480-9391-14DF171D2073): 35
LogDevObjectVersion:   Dev-Mobile (B02B49B5-BB20-44E9-A304-32B752E40360): 2
LogDevObjectVersion:   Dev-Networking (A4E4105C-59A1-49B5-A7C5-40C4547EDFEE): 0
LogDevObjectVersion:   Dev-Online (39C831C9-5AE6-47DC-9A44-9C173E1C8E7C): 0
LogDevObjectVersion:   Dev-Physics (78F01B33-EBEA-4F98-B9B4-84EACCB95AA2): 0
LogDevObjectVersion:   Dev-Platform (6631380F-2D4D-43E0-8009-CF276956A95A): 0
LogDevObjectVersion:   Dev-Rendering (12F88B9F-8875-4AFC-A67C-D90C383ABD29): 28
LogDevObjectVersion:   Dev-Sequencer (7B5AE74C-D270-4C10-A958-57980B212A5A): 11
LogDevObjectVersion:   Dev-VR (D7296918-1DD6-4BDD-9DE2-64A83CC13884): 2
LogDevObjectVersion:   Dev-LoadTimes (C2A15278-BFE7-4AFE-6C17-90FF531DF755): 1
LogDevObjectVersion:   Private-Geometry (6EACA3D4-40EC-4CC1-B786-8BED09428FC5): 3
LogDevObjectVersion:   Dev-AnimPhys (29E575DD-E0A3-4627-9D10-D276232CDCEA): 17
LogDevObjectVersion:   Dev-Anim (AF43A65D-7FD3-4947-9873-3E8ED9C1BB05): 2
LogDevObjectVersion:   Dev-ReflectionCapture (6B266CEC-1EC7-4B8F-A30B-E4D90942FC07): 1
LogDevObjectVersion:   Dev-Automation (0DF73D61-A23F-47EA-B727-89E90C41499A): 1
LogDevObjectVersion:   FortniteMain (601D1886-AC64-4F84-AA16-D3DE0DEAC7D6): 25
LogDevObjectVersion:   Dev-Enterprise (9DFFBCD6-494F-0158-E221-12823C92A888): 6
LogDevObjectVersion:   Dev-Niagara (F2AED0AC-9AFE-416F-8664-AA7FFA26D6FC): 1
LogDevObjectVersion:   Dev-Destruction (174F1F0B-B4C6-45A5-B13F-2EE8D0FB917D): 2
LogInit: Presizing for max 16777216 objects, including 0 objects not considered by GC, pre-allocating 0 bytes for permanent pool.
LogInit: Object subsystem initialized
LogConfig: Setting CVar [[con.DebugEarlyDefault:1]]
LogConfig: Setting CVar [[r.setres:1280x720]]
[2023.09.22-03.36.38:248][  0]LogConfig: Setting CVar [[r.VSync:0]]
[2023.09.22-03.36.38:248][  0]LogConfig: Setting CVar [[r.RHICmdBypass:0]]
[2023.09.22-03.36.38:248][  0]LogConfig: Applying CVar settings from Section [/Script/Engine.RendererSettings] File [D:/Learn-Unreal-s-Blueprint-Visual-Scripting/14. 데이터 주도형 게임플레이/Saved/Config/Windows/Engine.ini]
[2023.09.22-03.36.38:248][  0]LogConfig: Setting CVar [[r.GPUCrashDebugging:0]]
[2023.09.22-03.36.38:248][  0]LogConfig: Applying CVar settings from Section [/Script/Engine.RendererOverrideSettings] File [D:/Learn-Unreal-s-Blueprint-Visual-Scripting/14. 데이터 주도형 게임플레이/Saved/Config/Windows/Engine.ini]
[2023.09.22-03.36.38:248][  0]LogConfig: Applying CVar settings from Section [/Script/Engine.StreamingSettings] File [D:/Learn-Unreal-s-Blueprint-Visual-Scripting/14. 데이터 주도형 게임플레이/Saved/Config/Windows/Engine.ini]
[2023.09.22-03.36.38:248][  0]LogConfig: Setting CVar [[s.MinBulkDataSizeForAsyncLoading:131072]]
[2023.09.22-03.36.38:248][  0]LogConfig: Setting CVar [[s.AsyncLoadingThreadEnabled:0]]
[2023.09.22-03.36.38:248][  0]LogConfig: Setting CVar [[s.EventDrivenLoaderEnabled:1]]
[2023.09.22-03.36.38:248][  0]LogConfig: Setting CVar [[s.WarnIfTimeLimitExceeded:0]]
[2023.09.22-03.36.38:248][  0]LogConfig: Setting CVar [[s.TimeLimitExceededMultiplier:1.5]]
[2023.09.22-03.36.38:248][  0]LogConfig: Setting CVar [[s.TimeLimitExceededMinTime:0.005]]
[2023.09.22-03.36.38:248][  0]LogConfig: Setting CVar [[s.UseBackgroundLevelStreaming:1]]
[2023.09.22-03.36.38:248][  0]LogConfig: Setting CVar [[s.PriorityAsyncLoadingExtraTime:15.0]]
[2023.09.22-03.36.38:248][  0]LogConfig: Setting CVar [[s.LevelStreamingActorsUpdateTimeLimit:5.0]]
[2023.09.22-03.36.38:248][  0]LogConfig: Setting CVar [[s.PriorityLevelStreamingActorsUpdateExtraTime:5.0]]
[2023.09.22-03.36.38:248][  0]LogConfig: Setting CVar [[s.LevelStreamingComponentsRegistrationGranularity:10]]
[2023.09.22-03.36.38:248][  0]LogConfig: Setting CVar [[s.UnregisterComponentsTimeLimit:1.0]]
[2023.09.22-03.36.38:248][  0]LogConfig: Setting CVar [[s.LevelStreamingComponentsUnregistrationGranularity:5]]
[2023.09.22-03.36.38:248][  0]LogConfig: Applying CVar settings from Section [/Script/Engine.GarbageCollectionSettings] File [D:/Learn-Unreal-s-Blueprint-Visual-Scripting/14. 데이터 주도형 게임플레이/Saved/Config/Windows/Engine.ini]
[2023.09.22-03.36.38:248][  0]LogConfig: Setting CVar [[gc.MaxObjectsNotConsideredByGC:1]]
[2023.09.22-03.36.38:248][  0]LogConfig: Setting CVar [[gc.SizeOfPermanentObjectPool:0]]
[2023.09.22-03.36.38:248][  0]LogConfig: Setting CVar [[gc.FlushStreamingOnGC:0]]
[2023.09.22-03.36.38:248][  0]LogConfig: Setting CVar [[gc.NumRetriesBeforeForcingGC:10]]
[2023.09.22-03.36.38:248][  0]LogConfig: Setting CVar [[gc.AllowParallelGC:1]]
[2023.09.22-03.36.38:248][  0]LogConfig: Setting CVar [[gc.TimeBetweenPurgingPendingKillObjects:61.1]]
[2023.09.22-03.36.38:248][  0]LogConfig: Setting CVar [[gc.MaxObjectsInEditor:16777216]]
[2023.09.22-03.36.38:248][  0]LogConfig: Setting CVar [[gc.IncrementalBeginDestroyEnabled:1]]
[2023.09.22-03.36.38:248][  0]LogConfig: Setting CVar [[gc.CreateGCClusters:1]]
[2023.09.22-03.36.38:248][  0]LogConfig: Setting CVar [[gc.MinGCClusterSize:5]]
[2023.09.22-03.36.38:248][  0]LogConfig: Setting CVar [[gc.ActorClusteringEnabled:0]]
[2023.09.22-03.36.38:248][  0]LogConfig: Setting CVar [[gc.BlueprintClusteringEnabled:0]]
[2023.09.22-03.36.38:248][  0]LogConfig: Setting CVar [[gc.UseDisregardForGCOnDedicatedServers:0]]
[2023.09.22-03.36.38:248][  0]LogConfig: Applying CVar settings from Section [/Script/Engine.NetworkSettings] File [D:/Learn-Unreal-s-Blueprint-Visual-Scripting/14. 데이터 주도형 게임플레이/Saved/Config/Windows/Engine.ini]
[2023.09.22-03.36.38:248][  0]LogConfig: Applying CVar settings from Section [/Script/UnrealEd.CookerSettings] File [D:/Learn-Unreal-s-Blueprint-Visual-Scripting/14. 데이터 주도형 게임플레이/Saved/Config/Windows/Engine.ini]
[2023.09.22-03.36.38:250][  0]LogConfig: Applying CVar settings from Section [ViewDistanceQuality@3] File [D:/Learn-Unreal-s-Blueprint-Visual-Scripting/14. 데이터 주도형 게임플레이/Saved/Config/Windows/Scalability.ini]
[2023.09.22-03.36.38:250][  0]LogConfig: Setting CVar [[r.SkeletalMeshLODBias:0]]
[2023.09.22-03.36.38:250][  0]LogConfig: Setting CVar [[r.ViewDistanceScale:1.0]]
[2023.09.22-03.36.38:250][  0]LogConfig: Applying CVar settings from Section [AntiAliasingQuality@3] File [D:/Learn-Unreal-s-Blueprint-Visual-Scripting/14. 데이터 주도형 게임플레이/Saved/Config/Windows/Scalability.ini]
[2023.09.22-03.36.38:251][  0]LogConfig: Setting CVar [[r.PostProcessAAQuality:4]]
[2023.09.22-03.36.38:251][  0]LogConfig: Applying CVar settings from Section [ShadowQuality@3] File [D:/Learn-Unreal-s-Blueprint-Visual-Scripting/14. 데이터 주도형 게임플레이/Saved/Config/Windows/Scalability.ini]
[2023.09.22-03.36.38:251][  0]LogConfig: Setting CVar [[r.LightFunctionQuality:1]]
[2023.09.22-03.36.38:251][  0]LogConfig: Setting CVar [[r.ShadowQuality:5]]
[2023.09.22-03.36.38:251][  0]LogConfig: Setting CVar [[r.Shadow.CSM.MaxCascades:10]]
[2023.09.22-03.36.38:251][  0]LogConfig: Setting CVar [[r.Shadow.MaxResolution:2048]]
[2023.09.22-03.36.38:251][  0]LogConfig: Setting CVar [[r.Shadow.MaxCSMResolution:2048]]
[2023.09.22-03.36.38:251][  0]LogConfig: Setting CVar [[r.Shadow.RadiusThreshold:0.01]]
[2023.09.22-03.36.38:251][  0]LogConfig: Setting CVar [[r.Shadow.DistanceScale:1.0]]
[2023.09.22-03.36.38:251][  0]LogConfig: Setting CVar [[r.Shadow.CSM.TransitionScale:1.0]]
[2023.09.22-03.36.38:251][  0]LogConfig: Setting CVar [[r.Shadow.PreShadowResolutionFactor:1.0]]
[2023.09.22-03.36.38:251][  0]LogConfig: Setting CVar [[r.DistanceFieldShadowing:1]]
[2023.09.22-03.36.38:251][  0]LogConfig: Setting CVar [[r.DistanceFieldAO:1]]
[2023.09.22-03.36.38:251][  0]LogConfig: Setting CVar [[r.AOQuality:2]]
[2023.09.22-03.36.38:251][  0]LogConfig: Setting CVar [[r.VolumetricFog:1]]
[2023.09.22-03.36.38:251][  0]LogConfig: Setting CVar [[r.VolumetricFog.GridPixelSize:8]]
[2023.09.22-03.36.38:251][  0]LogConfig: Setting CVar [[r.VolumetricFog.GridSizeZ:128]]
[2023.09.22-03.36.38:251][  0]LogConfig: Setting CVar [[r.VolumetricFog.HistoryMissSupersampleCount:4]]
[2023.09.22-03.36.38:251][  0]LogConfig: Setting CVar [[r.LightMaxDrawDistanceScale:1]]
[2023.09.22-03.36.38:251][  0]LogConfig: Setting CVar [[r.CapsuleShadows:1]]
[2023.09.22-03.36.38:251][  0]LogConfig: Applying CVar settings from Section [PostProcessQuality@3] File [D:/Learn-Unreal-s-Blueprint-Visual-Scripting/14. 데이터 주도형 게임플레이/Saved/Config/Windows/Scalability.ini]
[2023.09.22-03.36.38:251][  0]LogConfig: Setting CVar [[r.MotionBlurQuality:4]]
[2023.09.22-03.36.38:251][  0]LogConfig: Setting CVar [[r.AmbientOcclusionMipLevelFactor:0.4]]
[2023.09.22-03.36.38:251][  0]LogConfig: Setting CVar [[r.AmbientOcclusionMaxQuality:100]]
[2023.09.22-03.36.38:251][  0]LogConfig: Setting CVar [[r.AmbientOcclusionLevels:-1]]
[2023.09.22-03.36.38:251][  0]LogConfig: Setting CVar [[r.AmbientOcclusionRadiusScale:1.0]]
[2023.09.22-03.36.38:251][  0]LogConfig: Setting CVar [[r.DepthOfFieldQuality:2]]
[2023.09.22-03.36.38:251][  0]LogConfig: Setting CVar [[r.RenderTargetPoolMin:400]]
[2023.09.22-03.36.38:251][  0]LogConfig: Setting CVar [[r.LensFlareQuality:2]]
[2023.09.22-03.36.38:251][  0]LogConfig: Setting CVar [[r.SceneColorFringeQuality:1]]
[2023.09.22-03.36.38:251][  0]LogConfig: Setting CVar [[r.EyeAdaptationQuality:2]]
[2023.09.22-03.36.38:251][  0]LogConfig: Setting CVar [[r.BloomQuality:5]]
[2023.09.22-03.36.38:251][  0]LogConfig: Setting CVar [[r.FastBlurThreshold:100]]
[2023.09.22-03.36.38:251][  0]LogConfig: Setting CVar [[r.Upscale.Quality:3]]
[2023.09.22-03.36.38:251][  0]LogConfig: Setting CVar [[r.Tonemapper.GrainQuantization:1]]
[2023.09.22-03.36.38:251][  0]LogConfig: Setting CVar [[r.LightShaftQuality:1]]
[2023.09.22-03.36.38:251][  0]LogConfig: Setting CVar [[r.Filter.SizeScale:1]]
[2023.09.22-03.36.38:251][  0]LogConfig: Setting CVar [[r.Tonemapper.Quality:5]]
[2023.09.22-03.36.38:251][  0]LogConfig: Setting CVar [[r.DOF.Gather.AccumulatorQuality:1        ; higher gathering accumulator quality]]
[2023.09.22-03.36.38:251][  0]LogConfig: Setting CVar [[r.DOF.Gather.PostfilterMethod:1          ; Median3x3 postfilering method]]
[2023.09.22-03.36.38:251][  0]LogConfig: Setting CVar [[r.DOF.Gather.EnableBokehSettings:0       ; no bokeh simulation when gathering]]
[2023.09.22-03.36.38:251][  0]LogConfig: Setting CVar [[r.DOF.Gather.RingCount:4                 ; medium number of samples when gathering]]
[2023.09.22-03.36.38:251][  0]LogConfig: Setting CVar [[r.DOF.Scatter.ForegroundCompositing:1    ; additive foreground scattering]]
[2023.09.22-03.36.38:251][  0]LogConfig: Setting CVar [[r.DOF.Scatter.BackgroundCompositing:2    ; additive background scattering]]
[2023.09.22-03.36.38:251][  0]LogConfig: Setting CVar [[r.DOF.Scatter.EnableBokehSettings:1      ; bokeh simulation when scattering]]
[2023.09.22-03.36.38:251][  0]LogConfig: Setting CVar [[r.DOF.Scatter.MaxSpriteRatio:0.1         ; only a maximum of 10% of scattered bokeh]]
[2023.09.22-03.36.38:251][  0]LogConfig: Setting CVar [[r.DOF.Recombine.Quality:1                ; cheap slight out of focus]]
[2023.09.22-03.36.38:251][  0]LogConfig: Setting CVar [[r.DOF.Recombine.EnableBokehSettings:0    ; no bokeh simulation on slight out of focus]]
[2023.09.22-03.36.38:251][  0]LogConfig: Setting CVar [[r.DOF.TemporalAAQuality:1                ; more stable temporal accumulation]]
[2023.09.22-03.36.38:251][  0]LogConfig: Setting CVar [[r.DOF.Kernel.MaxForegroundRadius:0.025]]
[2023.09.22-03.36.38:251][  0]LogConfig: Setting CVar [[r.DOF.Kernel.MaxBackgroundRadius:0.025]]
[2023.09.22-03.36.38:251][  0]LogConfig: Applying CVar settings from Section [TextureQuality@3] File [D:/Learn-Unreal-s-Blueprint-Visual-Scripting/14. 데이터 주도형 게임플레이/Saved/Config/Windows/Scalability.ini]
[2023.09.22-03.36.38:251][  0]LogConfig: Setting CVar [[r.Streaming.MipBias:0]]
[2023.09.22-03.36.38:251][  0]LogConfig: Setting CVar [[r.Streaming.AmortizeCPUToGPUCopy:0]]
[2023.09.22-03.36.38:251][  0]LogConfig: Setting CVar [[r.Streaming.MaxNumTexturesToStreamPerFrame:0]]
[2023.09.22-03.36.38:251][  0]LogConfig: Setting CVar [[r.Streaming.Boost:1]]
[2023.09.22-03.36.38:251][  0]LogConfig: Setting CVar [[r.MaxAnisotropy:8]]
[2023.09.22-03.36.38:251][  0]LogConfig: Setting CVar [[r.Streaming.LimitPoolSizeToVRAM:0]]
[2023.09.22-03.36.38:251][  0]LogConfig: Setting CVar [[r.Streaming.PoolSize:1000]]
[2023.09.22-03.36.38:251][  0]LogConfig: Setting CVar [[r.Streaming.MaxEffectiveScreenSize:0]]
[2023.09.22-03.36.38:251][  0]LogConfig: Applying CVar settings from Section [EffectsQuality@3] File [D:/Learn-Unreal-s-Blueprint-Visual-Scripting/14. 데이터 주도형 게임플레이/Saved/Config/Windows/Scalability.ini]
[2023.09.22-03.36.38:251][  0]LogConfig: Setting CVar [[r.TranslucencyLightingVolumeDim:64]]
[2023.09.22-03.36.38:251][  0]LogConfig: Setting CVar [[r.RefractionQuality:2]]
[2023.09.22-03.36.38:251][  0]LogConfig: Setting CVar [[r.SSR.Quality:3]]
[2023.09.22-03.36.38:251][  0]LogConfig: Setting CVar [[r.SceneColorFormat:4]]
[2023.09.22-03.36.38:251][  0]LogConfig: Setting CVar [[r.DetailMode:2]]
[2023.09.22-03.36.38:251][  0]LogConfig: Setting CVar [[r.TranslucencyVolumeBlur:1]]
[2023.09.22-03.36.38:251][  0]LogConfig: Setting CVar [[r.MaterialQualityLevel:1 ; High quality]]
[2023.09.22-03.36.38:251][  0]LogConfig: Setting CVar [[r.SSS.Scale:1]]
[2023.09.22-03.36.38:251][  0]LogConfig: Setting CVar [[r.SSS.SampleSet:2]]
[2023.09.22-03.36.38:251][  0]LogConfig: Setting CVar [[r.SSS.Quality:1]]
[2023.09.22-03.36.38:251][  0]LogConfig: Setting CVar [[r.SSS.HalfRes:1]]
[2023.09.22-03.36.38:251][  0]LogConfig: Setting CVar [[r.EmitterSpawnRateScale:1.0]]
[2023.09.22-03.36.38:251][  0]LogConfig: Setting CVar [[r.ParticleLightQuality:2]]
[2023.09.22-03.36.38:251][  0]LogConfig: Applying CVar settings from Section [FoliageQuality@3] File [D:/Learn-Unreal-s-Blueprint-Visual-Scripting/14. 데이터 주도형 게임플레이/Saved/Config/Windows/Scalability.ini]
[2023.09.22-03.36.38:251][  0]LogConfig: Setting CVar [[foliage.DensityScale:1.0]]
[2023.09.22-03.36.38:251][  0]LogConfig: Setting CVar [[grass.DensityScale:1.0]]
[2023.09.22-03.36.38:252][  0]LogInit: Selected Device Profile: [Windows]
[2023.09.22-03.36.38:252][  0]LogInit: Applying CVar settings loaded from the selected device profile: [Windows]
[2023.09.22-03.36.38:281][  0]LogHAL: Display: Platform has ~ 16 GB [17016332288 / 17179869184 / 16], which maps to Larger [LargestMinGB=32, LargerMinGB=12, DefaultMinGB=8, SmallerMinGB=6, SmallestMinGB=0)
[2023.09.22-03.36.38:281][  0]LogConfig: Setting CVar [[r.Vulkan.UseRealUBs:0		; Required until we fix HLR fall-out]]
[2023.09.22-03.36.38:281][  0]LogInit: Going up to parent DeviceProfile []
[2023.09.22-03.36.38:281][  0]LogConfig: Applying CVar settings from Section [ViewDistanceQuality@3] File [D:/Learn-Unreal-s-Blueprint-Visual-Scripting/14. 데이터 주도형 게임플레이/Saved/Config/Windows/Scalability.ini]
[2023.09.22-03.36.38:281][  0]LogConfig: Setting CVar [[r.SkeletalMeshLODBias:0]]
[2023.09.22-03.36.38:281][  0]LogConfig: Setting CVar [[r.ViewDistanceScale:1.0]]
[2023.09.22-03.36.38:281][  0]LogConfig: Applying CVar settings from Section [AntiAliasingQuality@3] File [D:/Learn-Unreal-s-Blueprint-Visual-Scripting/14. 데이터 주도형 게임플레이/Saved/Config/Windows/Scalability.ini]
[2023.09.22-03.36.38:281][  0]LogConfig: Setting CVar [[r.PostProcessAAQuality:4]]
[2023.09.22-03.36.38:282][  0]LogConfig: Applying CVar settings from Section [ShadowQuality@3] File [D:/Learn-Unreal-s-Blueprint-Visual-Scripting/14. 데이터 주도형 게임플레이/Saved/Config/Windows/Scalability.ini]
[2023.09.22-03.36.38:282][  0]LogConfig: Setting CVar [[r.LightFunctionQuality:1]]
[2023.09.22-03.36.38:282][  0]LogConfig: Setting CVar [[r.ShadowQuality:5]]
[2023.09.22-03.36.38:282][  0]LogConfig: Setting CVar [[r.Shadow.CSM.MaxCascades:10]]
[2023.09.22-03.36.38:282][  0]LogConfig: Setting CVar [[r.Shadow.MaxResolution:2048]]
[2023.09.22-03.36.38:282][  0]LogConfig: Setting CVar [[r.Shadow.MaxCSMResolution:2048]]
[2023.09.22-03.36.38:282][  0]LogConfig: Setting CVar [[r.Shadow.RadiusThreshold:0.01]]
[2023.09.22-03.36.38:282][  0]LogConfig: Setting CVar [[r.Shadow.DistanceScale:1.0]]
[2023.09.22-03.36.38:282][  0]LogConfig: Setting CVar [[r.Shadow.CSM.TransitionScale:1.0]]
[2023.09.22-03.36.38:282][  0]LogConfig: Setting CVar [[r.Shadow.PreShadowResolutionFactor:1.0]]
[2023.09.22-03.36.38:282][  0]LogConfig: Setting CVar [[r.DistanceFieldShadowing:1]]
[2023.09.22-03.36.38:282][  0]LogConfig: Setting CVar [[r.DistanceFieldAO:1]]
[2023.09.22-03.36.38:282][  0]LogConfig: Setting CVar [[r.AOQuality:2]]
[2023.09.22-03.36.38:282][  0]LogConfig: Setting CVar [[r.VolumetricFog:1]]
[2023.09.22-03.36.38:282][  0]LogConfig: Setting CVar [[r.VolumetricFog.GridPixelSize:8]]
[2023.09.22-03.36.38:282][  0]LogConfig: Setting CVar [[r.VolumetricFog.GridSizeZ:128]]
[2023.09.22-03.36.38:282][  0]LogConfig: Setting CVar [[r.VolumetricFog.HistoryMissSupersampleCount:4]]
[2023.09.22-03.36.38:282][  0]LogConfig: Setting CVar [[r.LightMaxDrawDistanceScale:1]]
[2023.09.22-03.36.38:282][  0]LogConfig: Setting CVar [[r.CapsuleShadows:1]]
[2023.09.22-03.36.38:282][  0]LogConfig: Applying CVar settings from Section [PostProcessQuality@3] File [D:/Learn-Unreal-s-Blueprint-Visual-Scripting/14. 데이터 주도형 게임플레이/Saved/Config/Windows/Scalability.ini]
[2023.09.22-03.36.38:282][  0]LogConfig: Setting CVar [[r.MotionBlurQuality:4]]
[2023.09.22-03.36.38:282][  0]LogConfig: Setting CVar [[r.AmbientOcclusionMipLevelFactor:0.4]]
[2023.09.22-03.36.38:282][  0]LogConfig: Setting CVar [[r.AmbientOcclusionMaxQuality:100]]
[2023.09.22-03.36.38:282][  0]LogConfig: Setting CVar [[r.AmbientOcclusionLevels:-1]]
[2023.09.22-03.36.38:282][  0]LogConfig: Setting CVar [[r.AmbientOcclusionRadiusScale:1.0]]
[2023.09.22-03.36.38:282][  0]LogConfig: Setting CVar [[r.DepthOfFieldQuality:2]]
[2023.09.22-03.36.38:282][  0]LogConfig: Setting CVar [[r.RenderTargetPoolMin:400]]
[2023.09.22-03.36.38:282][  0]LogConfig: Setting CVar [[r.LensFlareQuality:2]]
[2023.09.22-03.36.38:282][  0]LogConfig: Setting CVar [[r.SceneColorFringeQuality:1]]
[2023.09.22-03.36.38:282][  0]LogConfig: Setting CVar [[r.EyeAdaptationQuality:2]]
[2023.09.22-03.36.38:282][  0]LogConfig: Setting CVar [[r.BloomQuality:5]]
[2023.09.22-03.36.38:282][  0]LogConfig: Setting CVar [[r.FastBlurThreshold:100]]
[2023.09.22-03.36.38:282][  0]LogConfig: Setting CVar [[r.Upscale.Quality:3]]
[2023.09.22-03.36.38:282][  0]LogConfig: Setting CVar [[r.Tonemapper.GrainQuantization:1]]
[2023.09.22-03.36.38:282][  0]LogConfig: Setting CVar [[r.LightShaftQuality:1]]
[2023.09.22-03.36.38:282][  0]LogConfig: Setting CVar [[r.Filter.SizeScale:1]]
[2023.09.22-03.36.38:282][  0]LogConfig: Setting CVar [[r.Tonemapper.Quality:5]]
[2023.09.22-03.36.38:282][  0]LogConfig: Setting CVar [[r.DOF.Gather.AccumulatorQuality:1        ; higher gathering accumulator quality]]
[2023.09.22-03.36.38:282][  0]LogConfig: Setting CVar [[r.DOF.Gather.PostfilterMethod:1          ; Median3x3 postfilering method]]
[2023.09.22-03.36.38:282][  0]LogConfig: Setting CVar [[r.DOF.Gather.EnableBokehSettings:0       ; no bokeh simulation when gathering]]
[2023.09.22-03.36.38:282][  0]LogConfig: Setting CVar [[r.DOF.Gather.RingCount:4                 ; medium number of samples when gathering]]
[2023.09.22-03.36.38:282][  0]LogConfig: Setting CVar [[r.DOF.Scatter.ForegroundCompositing:1    ; additive foreground scattering]]
[2023.09.22-03.36.38:282][  0]LogConfig: Setting CVar [[r.DOF.Scatter.BackgroundCompositing:2    ; additive background scattering]]
[2023.09.22-03.36.38:282][  0]LogConfig: Setting CVar [[r.DOF.Scatter.EnableBokehSettings:1      ; bokeh simulation when scattering]]
[2023.09.22-03.36.38:282][  0]LogConfig: Setting CVar [[r.DOF.Scatter.MaxSpriteRatio:0.1         ; only a maximum of 10% of scattered bokeh]]
[2023.09.22-03.36.38:282][  0]LogConfig: Setting CVar [[r.DOF.Recombine.Quality:1                ; cheap slight out of focus]]
[2023.09.22-03.36.38:282][  0]LogConfig: Setting CVar [[r.DOF.Recombine.EnableBokehSettings:0    ; no bokeh simulation on slight out of focus]]
[2023.09.22-03.36.38:282][  0]LogConfig: Setting CVar [[r.DOF.TemporalAAQuality:1                ; more stable temporal accumulation]]
[2023.09.22-03.36.38:282][  0]LogConfig: Setting CVar [[r.DOF.Kernel.MaxForegroundRadius:0.025]]
[2023.09.22-03.36.38:282][  0]LogConfig: Setting CVar [[r.DOF.Kernel.MaxBackgroundRadius:0.025]]
[2023.09.22-03.36.38:282][  0]LogConfig: Applying CVar settings from Section [TextureQuality@3] File [D:/Learn-Unreal-s-Blueprint-Visual-Scripting/14. 데이터 주도형 게임플레이/Saved/Config/Windows/Scalability.ini]
[2023.09.22-03.36.38:282][  0]LogConfig: Setting CVar [[r.Streaming.MipBias:0]]
[2023.09.22-03.36.38:282][  0]LogConfig: Setting CVar [[r.Streaming.AmortizeCPUToGPUCopy:0]]
[2023.09.22-03.36.38:282][  0]LogConfig: Setting CVar [[r.Streaming.MaxNumTexturesToStreamPerFrame:0]]
[2023.09.22-03.36.38:282][  0]LogConfig: Setting CVar [[r.Streaming.Boost:1]]
[2023.09.22-03.36.38:282][  0]LogConfig: Setting CVar [[r.MaxAnisotropy:8]]
[2023.09.22-03.36.38:282][  0]LogConfig: Setting CVar [[r.Streaming.LimitPoolSizeToVRAM:0]]
[2023.09.22-03.36.38:282][  0]LogConfig: Setting CVar [[r.Streaming.PoolSize:1000]]
[2023.09.22-03.36.38:282][  0]LogConfig: Setting CVar [[r.Streaming.MaxEffectiveScreenSize:0]]
[2023.09.22-03.36.38:282][  0]LogConfig: Applying CVar settings from Section [EffectsQuality@3] File [D:/Learn-Unreal-s-Blueprint-Visual-Scripting/14. 데이터 주도형 게임플레이/Saved/Config/Windows/Scalability.ini]
[2023.09.22-03.36.38:282][  0]LogConfig: Setting CVar [[r.TranslucencyLightingVolumeDim:64]]
[2023.09.22-03.36.38:282][  0]LogConfig: Setting CVar [[r.RefractionQuality:2]]
[2023.09.22-03.36.38:282][  0]LogConfig: Setting CVar [[r.SSR.Quality:3]]
[2023.09.22-03.36.38:282][  0]LogConfig: Setting CVar [[r.SceneColorFormat:4]]
[2023.09.22-03.36.38:282][  0]LogConfig: Setting CVar [[r.DetailMode:2]]
[2023.09.22-03.36.38:282][  0]LogConfig: Setting CVar [[r.TranslucencyVolumeBlur:1]]
[2023.09.22-03.36.38:282][  0]LogConfig: Setting CVar [[r.MaterialQualityLevel:1 ; High quality]]
[2023.09.22-03.36.38:282][  0]LogConfig: Setting CVar [[r.SSS.Scale:1]]
[2023.09.22-03.36.38:282][  0]LogConfig: Setting CVar [[r.SSS.SampleSet:2]]
[2023.09.22-03.36.38:282][  0]LogConfig: Setting CVar [[r.SSS.Quality:1]]
[2023.09.22-03.36.38:282][  0]LogConfig: Setting CVar [[r.SSS.HalfRes:1]]
[2023.09.22-03.36.38:282][  0]LogConfig: Setting CVar [[r.EmitterSpawnRateScale:1.0]]
[2023.09.22-03.36.38:282][  0]LogConfig: Setting CVar [[r.ParticleLightQuality:2]]
[2023.09.22-03.36.38:282][  0]LogConfig: Applying CVar settings from Section [FoliageQuality@3] File [D:/Learn-Unreal-s-Blueprint-Visual-Scripting/14. 데이터 주도형 게임플레이/Saved/Config/Windows/Scalability.ini]
[2023.09.22-03.36.38:282][  0]LogConfig: Setting CVar [[foliage.DensityScale:1.0]]
[2023.09.22-03.36.38:282][  0]LogConfig: Setting CVar [[grass.DensityScale:1.0]]
[2023.09.22-03.36.38:283][  0]LogConfig: Applying CVar settings from Section [Startup] File [../../../Engine/Config/ConsoleVariables.ini]
[2023.09.22-03.36.38:299][  0]LogConfig: Setting CVar [[net.UseAdaptiveNetUpdateFrequency:0]]
[2023.09.22-03.36.38:299][  0]LogConfig: Setting CVar [[p.chaos.AllowCreatePhysxBodies:1]]
[2023.09.22-03.36.38:299][  0]LogConfig: Applying CVar settings from Section [ConsoleVariables] File [D:/Learn-Unreal-s-Blueprint-Visual-Scripting/14. 데이터 주도형 게임플레이/Saved/Config/Windows/Engine.ini]
[2023.09.22-03.36.38:299][  0]LogInit: Computer: DESKTOP-FVBURUN
[2023.09.22-03.36.38:299][  0]LogInit: User: MDC
[2023.09.22-03.36.38:299][  0]LogInit: CPU Page size=4096, Cores=6
[2023.09.22-03.36.38:299][  0]LogInit: High frequency timer resolution =10.000000 MHz
[2023.09.22-03.36.38:300][  0]LogMemory: Memory total: Physical=15.8GB (16GB approx)
[2023.09.22-03.36.38:300][  0]LogMemory: Platform Memory Stats for Windows
[2023.09.22-03.36.38:300][  0]LogMemory: Process Physical Memory: 100.54 MB used, 100.54 MB peak
[2023.09.22-03.36.38:300][  0]LogMemory: Process Virtual Memory: 90.11 MB used, 90.11 MB peak
[2023.09.22-03.36.38:300][  0]LogMemory: Physical Memory: 8196.44 MB used,  8031.60 MB free, 16228.04 MB total
[2023.09.22-03.36.38:300][  0]LogMemory: Virtual Memory: 4668.27 MB used,  134213056.00 MB free, 134217728.00 MB total
[2023.09.22-03.36.39:090][  0]LogDirectoryWatcher: Warning: Failed to begin reading directory changes for ../../../../Learn-Unreal-s-Blueprint-Visual-Scripting/14. 데이터 주도형 게임플레이/Content/. Error: 지정된 파일을 찾을 수 없습니다. (0x00000002)
[2023.09.22-03.36.39:091][  0]LogInit: Using OS detected language (ko-KR).
[2023.09.22-03.36.39:091][  0]LogInit: Using OS detected locale (ko-KR).
[2023.09.22-03.36.39:121][  0]LogTextLocalizationManager: No specific localization for 'ko-KR' exists, so the 'ko' localization will be used.
[2023.09.22-03.36.39:651][  0]LogInit: Setting process to per monitor DPI aware
[2023.09.22-03.36.39:969][  0]LogSlate: New Slate User Created.  User Index 0, Is Virtual User: 0
[2023.09.22-03.36.39:969][  0]LogSlate: Slate User Registered.  User Index 0, Is Virtual User: 0
[2023.09.22-03.36.44:411][  0]LogHMD: Failed to initialize OpenVR with code 110
[2023.09.22-03.36.44:411][  0]LogD3D11RHI: D3D11 adapters:
[2023.09.22-03.36.44:537][  0]LogD3D11RHI:    0. 'NVIDIA GeForce GTX 1060' (Feature Level 11_0)
[2023.09.22-03.36.44:537][  0]LogD3D11RHI:       6043/0/8114 MB DedicatedVideo/DedicatedSystem/SharedSystem, Outputs:1, VendorId:0x10de
[2023.09.22-03.36.44:564][  0]LogD3D11RHI:    1. 'Intel(R) UHD Graphics 630' (Feature Level 11_0)
[2023.09.22-03.36.44:564][  0]LogD3D11RHI:       128/0/8114 MB DedicatedVideo/DedicatedSystem/SharedSystem, Outputs:0, VendorId:0x8086
[2023.09.22-03.36.44:566][  0]LogD3D11RHI:    2. 'Microsoft Basic Render Driver' (Feature Level 11_0)
[2023.09.22-03.36.44:566][  0]LogD3D11RHI:       0/0/8114 MB DedicatedVideo/DedicatedSystem/SharedSystem, Outputs:0, VendorId:0x1414
[2023.09.22-03.36.44:566][  0]LogD3D11RHI: Chosen D3D11 Adapter: 0
[2023.09.22-03.36.44:572][  0]LogD3D11RHI: Creating new Direct3DDevice
[2023.09.22-03.36.44:573][  0]LogD3D11RHI:     GPU DeviceId: 0x1c20 (for the marketing name, search the web for "GPU Device Id")
[2023.09.22-03.36.44:573][  0]LogWindows: EnumDisplayDevices:
[2023.09.22-03.36.44:573][  0]LogWindows:    0. 'Intel(R) UHD Graphics 630' (P:1 D:1)
[2023.09.22-03.36.44:573][  0]LogWindows:    1. 'Intel(R) UHD Graphics 630' (P:0 D:0)
[2023.09.22-03.36.44:573][  0]LogWindows:    2. 'Intel(R) UHD Graphics 630' (P:0 D:0)
[2023.09.22-03.36.44:573][  0]LogWindows:    3. 'NVIDIA GeForce GTX 1060' (P:0 D:0)
[2023.09.22-03.36.44:574][  0]LogWindows:    4. 'NVIDIA GeForce GTX 1060' (P:0 D:0)
[2023.09.22-03.36.44:574][  0]LogWindows:    5. 'NVIDIA GeForce GTX 1060' (P:0 D:0)
[2023.09.22-03.36.44:574][  0]LogWindows:    6. 'NVIDIA GeForce GTX 1060' (P:0 D:0)
[2023.09.22-03.36.44:574][  0]LogWindows: DebugString: PrimaryIsNotTheChoosenAdapter PrimaryIsNotTheChoosenAdapter PrimaryIsNotTheChoosenAdapter FoundDriverCount:4 
[2023.09.22-03.36.44:574][  0]LogD3D11RHI:     Adapter Name: NVIDIA GeForce GTX 1060
[2023.09.22-03.36.44:574][  0]LogD3D11RHI:   Driver Version: 536.99 (internal:31.0.15.3699, unified:536.99)
[2023.09.22-03.36.44:574][  0]LogD3D11RHI:      Driver Date: 8-4-2023
[2023.09.22-03.36.44:574][  0]LogRHI: Texture pool is 4230 MB (70% of 6043 MB)
[2023.09.22-03.36.44:643][  0]LogD3D11RHI: Async texture creation enabled
[2023.09.22-03.36.44:652][  0]LogRendererCore: FGlobalReadBuffer::InitRHI
[2023.09.22-03.36.44:652][  0]LogRendererCore: FGlobalReadBuffer::InitRHI
[2023.09.22-03.36.44:652][  0]LogRendererCore: FGlobalReadBuffer::InitRHI
[2023.09.22-03.36.44:661][  0]LogD3D11RHI: GPU Timing Frequency: 1000.000000 (Debug: 2 1)
[2023.09.22-03.36.45:786][  0]LogTemp: Display: Module 'AllDesktopTargetPlatform' loaded TargetPlatform 'AllDesktop'
[2023.09.22-03.36.45:848][  0]LogTemp: Display: Module 'MacClientTargetPlatform' loaded TargetPlatform 'MacClient'
[2023.09.22-03.36.45:893][  0]LogTemp: Display: Module 'MacNoEditorTargetPlatform' loaded TargetPlatform 'MacNoEditor'
[2023.09.22-03.36.45:941][  0]LogTemp: Display: Module 'MacServerTargetPlatform' loaded TargetPlatform 'MacServer'
[2023.09.22-03.36.46:029][  0]LogTemp: Display: Module 'MacTargetPlatform' loaded TargetPlatform 'Mac'
[2023.09.22-03.36.46:089][  0]LogTemp: Display: Module 'WindowsClientTargetPlatform' loaded TargetPlatform 'WindowsClient'
[2023.09.22-03.36.46:144][  0]LogTemp: Display: Module 'WindowsNoEditorTargetPlatform' loaded TargetPlatform 'WindowsNoEditor'
[2023.09.22-03.36.46:188][  0]LogTemp: Display: Module 'WindowsServerTargetPlatform' loaded TargetPlatform 'WindowsServer'
[2023.09.22-03.36.46:224][  0]LogTemp: Display: Module 'WindowsTargetPlatform' loaded TargetPlatform 'Windows'
[2023.09.22-03.36.46:404][  0]LogTemp: Display: Module 'AndroidTargetPlatform' loaded TargetPlatform 'Android'
[2023.09.22-03.36.46:404][  0]LogTemp: Display: Module 'AndroidTargetPlatform' loaded TargetPlatform 'Android_ASTC'
[2023.09.22-03.36.46:404][  0]LogTemp: Display: Module 'AndroidTargetPlatform' loaded TargetPlatform 'Android_ATC'
[2023.09.22-03.36.46:404][  0]LogTemp: Display: Module 'AndroidTargetPlatform' loaded TargetPlatform 'Android_DXT'
[2023.09.22-03.36.46:404][  0]LogTemp: Display: Module 'AndroidTargetPlatform' loaded TargetPlatform 'Android_ETC1'
[2023.09.22-03.36.46:404][  0]LogTemp: Display: Module 'AndroidTargetPlatform' loaded TargetPlatform 'Android_ETC1a'
[2023.09.22-03.36.46:404][  0]LogTemp: Display: Module 'AndroidTargetPlatform' loaded TargetPlatform 'Android_ETC2'
[2023.09.22-03.36.46:404][  0]LogTemp: Display: Module 'AndroidTargetPlatform' loaded TargetPlatform 'Android_PVRTC'
[2023.09.22-03.36.46:404][  0]LogTemp: Display: Module 'AndroidTargetPlatform' loaded TargetPlatform 'AndroidClient'
[2023.09.22-03.36.46:404][  0]LogTemp: Display: Module 'AndroidTargetPlatform' loaded TargetPlatform 'Android_ASTCClient'
[2023.09.22-03.36.46:404][  0]LogTemp: Display: Module 'AndroidTargetPlatform' loaded TargetPlatform 'Android_ATCClient'
[2023.09.22-03.36.46:404][  0]LogTemp: Display: Module 'AndroidTargetPlatform' loaded TargetPlatform 'Android_DXTClient'
[2023.09.22-03.36.46:404][  0]LogTemp: Display: Module 'AndroidTargetPlatform' loaded TargetPlatform 'Android_ETC1Client'
[2023.09.22-03.36.46:404][  0]LogTemp: Display: Module 'AndroidTargetPlatform' loaded TargetPlatform 'Android_ETC1aClient'
[2023.09.22-03.36.46:404][  0]LogTemp: Display: Module 'AndroidTargetPlatform' loaded TargetPlatform 'Android_ETC2Client'
[2023.09.22-03.36.46:404][  0]LogTemp: Display: Module 'AndroidTargetPlatform' loaded TargetPlatform 'Android_PVRTCClient'
[2023.09.22-03.36.46:404][  0]LogTemp: Display: Module 'AndroidTargetPlatform' loaded TargetPlatform 'Android_Multi'
[2023.09.22-03.36.46:404][  0]LogTemp: Display: Module 'AndroidTargetPlatform' loaded TargetPlatform 'Android_MultiClient'
[2023.09.22-03.36.46:432][  0]LogTemp: Display: Module 'HTML5TargetPlatform' loaded TargetPlatform 'HTML5'
[2023.09.22-03.36.46:636][  0]LogTemp: Display: Module 'IOSTargetPlatform' loaded TargetPlatform 'IOSClient'
[2023.09.22-03.36.46:636][  0]LogTemp: Display: Module 'IOSTargetPlatform' loaded TargetPlatform 'IOS'
[2023.09.22-03.36.46:690][  0]LogTemp: Display: Module 'TVOSTargetPlatform' loaded TargetPlatform 'TVOSClient'
[2023.09.22-03.36.46:690][  0]LogTemp: Display: Module 'TVOSTargetPlatform' loaded TargetPlatform 'TVOS'
[2023.09.22-03.36.46:744][  0]LogTemp: Display: Module 'LinuxClientTargetPlatform' loaded TargetPlatform 'LinuxClient'
[2023.09.22-03.36.46:787][  0]LogTemp: Display: Module 'LinuxNoEditorTargetPlatform' loaded TargetPlatform 'LinuxNoEditor'
[2023.09.22-03.36.46:843][  0]LogTemp: Display: Module 'LinuxServerTargetPlatform' loaded TargetPlatform 'LinuxServer'
[2023.09.22-03.36.46:894][  0]LogTemp: Display: Module 'LinuxTargetPlatform' loaded TargetPlatform 'Linux'
[2023.09.22-03.36.46:983][  0]LogTemp: Display: Module 'LuminTargetPlatform' loaded TargetPlatform 'Lumin'
[2023.09.22-03.36.46:983][  0]LogTemp: Display: Module 'LuminTargetPlatform' loaded TargetPlatform 'LuminClient'
[2023.09.22-03.36.46:983][  0]LogTargetPlatformManager: Display: Building Assets For Windows
[2023.09.22-03.36.47:187][  0]LogAudioDebug: Display: Lib vorbis DLL was dynamically loaded.
[2023.09.22-03.36.48:262][  0]LogShaderCompilers: Guid format shader working directory is -28 characters bigger than the processId version (../../../../Learn-Unreal-s-Blueprint-Visual-Scripting/14. 데이터 주도형 게임플레이/Intermediate/Shaders/WorkingDirectory/16440/).
[2023.09.22-03.36.48:262][  0]LogShaderCompilers: Cleaned the shader compiler working directory 'C:/Users/MDC/AppData/Local/Temp/UnrealShaderWorkingDir/31A872DC4B428BA28DC90EBD2EB0C0EF/'.
[2023.09.22-03.36.48:263][  0]LogXGEController: Cleaning working directory: C:/Users/MDC/AppData/Local/Temp/UnrealXGEWorkingDir/
[2023.09.22-03.36.48:264][  0]LogXGEController: Cannot use XGE Controller as Incredibuild is not installed on this machine.
[2023.09.22-03.36.48:264][  0]LogShaderCompilers: Cannot use XGE Shader Compiler as Incredibuild is not installed on this machine.
[2023.09.22-03.36.48:264][  0]LogShaderCompilers: Display: Using Local Shader Compiler.
[2023.09.22-03.36.51:587][  0]LogDerivedDataCache: Display: Max Cache Size: 512 MB
[2023.09.22-03.36.51:804][  0]LogDerivedDataCache: Loaded boot cache 0.22s 72MB C:/Users/MDC/AppData/Local/UnrealEngine/4.22/DerivedDataCache/Boot.ddc.
[2023.09.22-03.36.51:804][  0]LogDerivedDataCache: Display: Loaded Boot cache: C:/Users/MDC/AppData/Local/UnrealEngine/4.22/DerivedDataCache/Boot.ddc
[2023.09.22-03.36.51:804][  0]LogDerivedDataCache: FDerivedDataBackendGraph:  Pak pak cache file ../../../../Learn-Unreal-s-Blueprint-Visual-Scripting/14. 데이터 주도형 게임플레이/DerivedDataCache/DDC.ddp not found, will not use a pak cache.
[2023.09.22-03.36.51:804][  0]LogDerivedDataCache: Unable to find inner node Pak for hierarchical cache Hierarchy.
[2023.09.22-03.36.51:804][  0]LogDerivedDataCache: FDerivedDataBackendGraph:  CompressedPak pak cache file ../../../../Learn-Unreal-s-Blueprint-Visual-Scripting/14. 데이터 주도형 게임플레이/DerivedDataCache/Compressed.ddp not found, will not use a pak cache.
[2023.09.22-03.36.51:804][  0]LogDerivedDataCache: Unable to find inner node CompressedPak for hierarchical cache Hierarchy.
[2023.09.22-03.36.51:912][  0]LogDerivedDataCache: Display: Pak cache opened for reading ../../../Engine/DerivedDataCache/Compressed.ddp.
[2023.09.22-03.36.51:913][  0]LogDerivedDataCache: FDerivedDataBackendGraph:  EnterprisePak pak cache file ../../../Enterprise/DerivedDataCache/Compressed.ddp not found, will not use a pak cache.
[2023.09.22-03.36.51:913][  0]LogDerivedDataCache: Unable to find inner node EnterprisePak for hierarchical cache Hierarchy.
[2023.09.22-03.36.51:929][  0]LogDerivedDataCache: Using Local data cache path C:/Users/MDC/AppData/Local/UnrealEngine/Common/DerivedDataCache: Writable
[2023.09.22-03.36.51:929][  0]LogDerivedDataCache: Shared data cache path not found in *engine.ini, will not use an Shared cache.
[2023.09.22-03.36.51:929][  0]LogDerivedDataCache: Unable to find inner node Shared for hierarchical cache Hierarchy.
[2023.09.22-03.36.51:959][  0]LogMaterial: Verifying Global Shaders for PCD3D_SM5
[2023.09.22-03.36.51:965][  0]LogSlate: Using FreeType 2.6.0
[2023.09.22-03.36.52:042][  0]LogSlate: SlateFontServices - WITH_FREETYPE: 1, WITH_HARFBUZZ: 1
[2023.09.22-03.36.54:486][  0]LogAssetRegistry: FAssetRegistry took 0.0382 seconds to start up
[2023.09.22-03.36.54:862][  0]LogInit: Selected Device Profile: [Windows]
[2023.09.22-03.36.57:624][  0]LogMeshReduction: Using QuadricMeshReduction for automatic static mesh reduction
[2023.09.22-03.36.57:624][  0]LogMeshReduction: Using SimplygonMeshReduction for automatic skeletal mesh reduction
[2023.09.22-03.36.57:624][  0]LogMeshReduction: Using ProxyLODMeshReduction for automatic mesh merging
[2023.09.22-03.36.57:624][  0]LogMeshReduction: No distributed automatic mesh merging module available
[2023.09.22-03.36.57:624][  0]LogMeshMerging: No distributed automatic mesh merging module available
[2023.09.22-03.36.57:884][  0]LogNetVersion: MultiplayerGame 1.0.0, NetCL: 5660361, EngineNetVer: 10, GameNetVer: 0 (Checksum: 3130223680)
[2023.09.22-03.37.01:481][  0]LogPackageLocalizationCache: Processed 10 localized package path(s) for 1 prioritized culture(s) in 0.039653 seconds
[2023.09.22-03.37.01:486][  0]LogUObjectArray: 42205 objects as part of root set at end of initial load.
[2023.09.22-03.37.01:487][  0]LogUObjectAllocator: 7325032 out of 0 bytes used by permanent object pool.
[2023.09.22-03.37.01:487][  0]LogUObjectArray: CloseDisregardForGC: 0/0 objects in disregard for GC pool
[2023.09.22-03.37.52:254][  0]LogTcpMessaging: Initializing TcpMessaging bridge
[2023.09.22-03.37.52:458][  0]LogUdpMessaging: Initializing bridge on interface 0.0.0.0:0 to multicast group 230.0.0.1:6666.
[2023.09.22-03.37.54:797][  0]SourceControl: 소스 컨트롤이 꺼져 있습니다.
[2023.09.22-03.37.54:797][  0]SourceControl: 소스 컨트롤이 꺼져 있습니다.
[2023.09.22-03.37.55:208][  0]SourceControl: 소스 컨트롤이 꺼져 있습니다.
[2023.09.22-03.37.55:306][  0]SourceControl: 소스 컨트롤이 꺼져 있습니다.
[2023.09.22-03.37.59:326][  0]LogAndroidPermission: UAndroidPermissionCallbackProxy::GetInstance
[2023.09.22-03.38.01:335][  0]LogOcInput: OculusInput pre-init called
[2023.09.22-03.38.04:578][  0]LogEngine: Initializing Engine...
[2023.09.22-03.38.04:633][  0]LogHMD: Failed to initialize OpenVR with code 110
[2023.09.22-03.38.04:677][  0]LogStats: UGameplayTagsManager::InitializeManager -  0.003 s
[2023.09.22-03.38.05:351][  0]LogInit: Initializing FReadOnlyCVARCache
[2023.09.22-03.38.06:100][  0]LogAIModule: Creating AISystem for world Untitled
[2023.09.22-03.38.06:483][  0]LogInit: XAudio2 using '헤드폰(Galaxy Buds+ (6D4C))' : 2 channels at 48 kHz using 16 bits per sample (channel mask 0x3)
[2023.09.22-03.38.06:500][  0]LogInit: FAudioDevice initialized.
[2023.09.22-03.38.06:501][  0]LogNetVersion: Set ProjectVersion to 1.0.0.0. Version Checksum will be recalculated on next use.
[2023.09.22-03.38.06:575][  0]LogDerivedDataCache: Saved boot cache 0.07s 79MB C:/Users/MDC/AppData/Local/UnrealEngine/4.22/DerivedDataCache/Boot.ddc.
[2023.09.22-03.38.06:583][  0]LogInit: Texture streaming: Enabled
[2023.09.22-03.38.06:815][  0]LogEngineSessionManager: EngineSessionManager initialized
[2023.09.22-03.38.07:246][  0]LogInit: Transaction tracking system initialized
[2023.09.22-03.38.08:021][  0]BlueprintLog: New page: 에디터 로드
[2023.09.22-03.38.10:270][  0]LocalizationService: 현지화 서비스가 비활성화되었습니다.
[2023.09.22-03.38.13:459][  0]LogAutoReimportManager: Warning: Unable to watch directory ../../../../Learn-Unreal-s-Blueprint-Visual-Scripting/14. 데이터 주도형 게임플레이/Content/ as it doesn't exist.
[2023.09.22-03.38.13:487][  0]LogCook: Display: Max memory allowance for cook 16384mb min free memory 0mb
[2023.09.22-03.38.13:487][  0]LogCook: Display: Mobile HDR setting 1
[2023.09.22-03.38.17:336][  0]SourceControl: 소스 컨트롤이 꺼져 있습니다.
[2023.09.22-03.38.17:363][  0]Cmd: MAP LOAD FILE="../../../../Learn-Unreal-s-Blueprint-Visual-Scripting/14. 데이터 주도형 게임플레이/Content/ThirdPersonBP/Maps/ThirdPersonExampleMap.umap" TEMPLATE=0 SHOWPROGRESS=1 FEATURELEVEL=3
[2023.09.22-03.38.17:363][  0]LogEditorServer: Warning: Can't find file '../../../../Learn-Unreal-s-Blueprint-Visual-Scripting/14. 데이터 주도형 게임플레이/Content/ThirdPersonBP/Maps/ThirdPersonExampleMap.umap'
[2023.09.22-03.38.17:388][  0]Cmd: MAP CHECKDEP NOCLEARLOG
[2023.09.22-03.38.17:572][  0]MapCheck: 맵 체크 완료: 오류 0 회, 경고 0 회, 소요 시간 170.37ms.
[2023.09.22-03.38.17:572][  0]LogFileHelpers: Loading map 'ThirdPersonExampleMap' took 0.213
[2023.09.22-03.38.20:100][  0]LogWindowsTextInputMethodSystem: Display: IME system now activated using TSF (Microsoft 입력기).
[2023.09.22-03.38.25:763][  0]LogSlate: Only BGRA pngs, bmps or icos are supported in by External Image Picker
[2023.09.22-03.38.26:589][  0]LogSlate: Updating window title bar state: overlay mode, drag disabled, window buttons hidden, title bar hidden
[2023.09.22-03.38.26:607][  0]LogSlate: Updating window title bar state: overlay mode, drag disabled, window buttons hidden, title bar hidden
[2023.09.22-03.38.26:614][  0]LogSlate: Updating window title bar state: overlay mode, drag disabled, window buttons hidden, title bar hidden
[2023.09.22-03.38.26:621][  0]LogSlate: Updating window title bar state: overlay mode, drag disabled, window buttons hidden, title bar hidden
[2023.09.22-03.38.26:840][  0]LogCollectionManager: Loaded 0 collections in 0.000725 seconds
[2023.09.22-03.38.27:141][  0]LogFileCache: Scanning file cache for directory 'D:/Learn-Unreal-s-Blueprint-Visual-Scripting/14. 데이터 주도형 게임플레이/Saved/Collections/' took 0.01s
[2023.09.22-03.38.27:141][  0]LogFileCache: Scanning file cache for directory 'D:/Learn-Unreal-s-Blueprint-Visual-Scripting/14. 데이터 주도형 게임플레이/Content/Developers/MDC/Collections/' took 0.01s
[2023.09.22-03.38.27:141][  0]LogFileCache: Scanning file cache for directory 'D:/Learn-Unreal-s-Blueprint-Visual-Scripting/14. 데이터 주도형 게임플레이/Content/Collections/' took 0.01s
[2023.09.22-03.38.27:141][  0]LogCollectionManager: Rebuilt the GUID cache for 0 collections in 0.000001 seconds
[2023.09.22-03.38.27:201][  0]LogContentBrowser: Native class hierarchy populated in 0.0571 seconds. Added 2732 classes and 659 folders.
[2023.09.22-03.38.27:480][  0]LogContentBrowser: Native class hierarchy updated for 'WidgetCarousel' in 0.0003 seconds. Added 0 classes and 0 folders.
[2023.09.22-03.38.27:605][  0]LogPakFile: Registered encryption key '00000000000000000000000000000000': 0 pak files mounted, 0 remain pending
[2023.09.22-03.38.27:722][  0]LogPakFile: Registered encryption key '00000000000000000000000000000000': 0 pak files mounted, 0 remain pending
[2023.09.22-03.38.27:759][  0]LogPakFile: Registered encryption key '00000000000000000000000000000000': 0 pak files mounted, 0 remain pending
[2023.09.22-03.38.27:792][  0]LogPakFile: Registered encryption key '00000000000000000000000000000000': 0 pak files mounted, 0 remain pending
[2023.09.22-03.38.27:808][  0]LogPakFile: Registered encryption key '00000000000000000000000000000000': 0 pak files mounted, 0 remain pending
[2023.09.22-03.38.27:835][  0]LogPakFile: Registered encryption key '00000000000000000000000000000000': 0 pak files mounted, 0 remain pending
[2023.09.22-03.38.27:856][  0]LogPakFile: Registered encryption key '00000000000000000000000000000000': 0 pak files mounted, 0 remain pending
[2023.09.22-03.38.27:888][  0]LogPakFile: Registered encryption key '00000000000000000000000000000000': 0 pak files mounted, 0 remain pending
[2023.09.22-03.38.28:000][  0]LogPakFile: Registered encryption key '00000000000000000000000000000000': 0 pak files mounted, 0 remain pending
[2023.09.22-03.38.28:021][  0]LogPakFile: Registered encryption key '00000000000000000000000000000000': 0 pak files mounted, 0 remain pending
[2023.09.22-03.38.28:028][  0]LogPakFile: Registered encryption key '00000000000000000000000000000000': 0 pak files mounted, 0 remain pending
[2023.09.22-03.38.28:061][  0]LogPakFile: Registered encryption key '00000000000000000000000000000000': 0 pak files mounted, 0 remain pending
[2023.09.22-03.38.28:084][  0]LogPakFile: Registered encryption key '00000000000000000000000000000000': 0 pak files mounted, 0 remain pending
[2023.09.22-03.38.28:091][  0]LogPakFile: Registered encryption key '00000000000000000000000000000000': 0 pak files mounted, 0 remain pending
[2023.09.22-03.38.28:107][  0]LogPakFile: Registered encryption key '00000000000000000000000000000000': 0 pak files mounted, 0 remain pending
[2023.09.22-03.38.28:130][  0]LogPakFile: Registered encryption key '00000000000000000000000000000000': 0 pak files mounted, 0 remain pending
[2023.09.22-03.38.28:171][  0]LogPakFile: Registered encryption key '00000000000000000000000000000000': 0 pak files mounted, 0 remain pending
[2023.09.22-03.38.28:192][  0]LogPakFile: Registered encryption key '00000000000000000000000000000000': 0 pak files mounted, 0 remain pending
[2023.09.22-03.38.28:248][  0]LogPakFile: Registered encryption key '00000000000000000000000000000000': 0 pak files mounted, 0 remain pending
[2023.09.22-03.38.28:263][  0]LogPakFile: Registered encryption key '00000000000000000000000000000000': 0 pak files mounted, 0 remain pending
[2023.09.22-03.38.28:289][  0]LogPakFile: Registered encryption key '00000000000000000000000000000000': 0 pak files mounted, 0 remain pending
[2023.09.22-03.38.28:296][  0]LogPakFile: Registered encryption key '00000000000000000000000000000000': 0 pak files mounted, 0 remain pending
[2023.09.22-03.38.28:315][  0]LogPakFile: Registered encryption key '00000000000000000000000000000000': 0 pak files mounted, 0 remain pending
[2023.09.22-03.38.28:342][  0]LogPakFile: Registered encryption key '00000000000000000000000000000000': 0 pak files mounted, 0 remain pending
[2023.09.22-03.38.28:355][  0]LogPakFile: Registered encryption key '00000000000000000000000000000000': 0 pak files mounted, 0 remain pending
[2023.09.22-03.38.28:365][  0]LogPakFile: Registered encryption key '00000000000000000000000000000000': 0 pak files mounted, 0 remain pending
[2023.09.22-03.38.29:265][  0]LogContentBrowser: Native class hierarchy updated for 'AddContentDialog' in 0.0003 seconds. Added 0 classes and 0 folders.
[2023.09.22-03.38.29:359][  0]LogContentBrowser: Native class hierarchy updated for 'SceneOutliner' in 0.0002 seconds. Added 1 classes and 2 folders.
[2023.09.22-03.38.30:465][  0]LogSlate: Took 0.018846 seconds to synchronously load lazily loaded font '../../../Engine/Content/Slate/Fonts/Roboto-Regular.ttf' (155K)
[2023.09.22-03.38.30:689][  0]LogSlate: Took 0.203900 seconds to synchronously load lazily loaded font '../../../Engine/Content/Editor/Slate/Fonts/NanumGothic.ttf' (4243K)
[2023.09.22-03.38.30:913][  0]LogSlate: Took 0.105867 seconds to synchronously load lazily loaded font '../../../Engine/Content/Editor/Slate/Fonts/NanumGothicBold.ttf' (4188K)
[2023.09.22-03.38.30:936][  0]LogSlate: Took 0.022846 seconds to synchronously load lazily loaded font '../../../Engine/Content/Slate/Fonts/Roboto-Bold.ttf' (160K)
[2023.09.22-03.38.31:138][  0]LogSlate: Took 0.021868 seconds to synchronously load lazily loaded font '../../../Engine/Content/Editor/Slate/Fonts/FontAwesome.ttf' (139K)
[2023.09.22-03.38.31:918][  0]LogRenderer: Reallocating scene render targets to support 1208x568 Format 10 NumSamples 1 (Frame:1).
[2023.09.22-03.38.32:937][  0]LogContentBrowser: Native class hierarchy updated for 'HierarchicalLODOutliner' in 0.0003 seconds. Added 0 classes and 0 folders.
[2023.09.22-03.38.32:937][  0]LogLoad: (Engine Initialization) Total time: 129.04 seconds
[2023.09.22-03.38.32:937][  0]LogLoad: (Engine Initialization) Total Blueprint compile time: 0.00 seconds
[2023.09.22-03.38.33:626][  0]LogContentStreaming: Texture pool size now 1000 MB
[2023.09.22-03.38.34:261][  2]LogAssetRegistry: Asset discovery search completed in 99.8047 seconds
[2023.09.22-03.38.34:279][  2]LogCollectionManager: Rebuilt the object cache for 0 collections in 0.000001 seconds (found 0 objects)
[2023.09.22-03.38.34:279][  2]LogCollectionManager: Fixed up redirectors for 0 collections in 0.000439 seconds (updated 0 objects)
[2023.09.22-03.57.32:722][564]LogSlate: FSceneViewport::OnFocusLost() reason 0
[2023.09.22-03.57.42:985][778]LogUObjectHash: Compacting FUObjectHashTables data took   1.66ms
[2023.09.22-03.57.43:202][778]LogSlate: Window 'MultiplayerGame - 언리얼 에디터' being destroyed
[2023.09.22-03.57.44:099][779]Cmd: QUIT_EDITOR
[2023.09.22-03.57.44:384][779]LogWindowsTextInputMethodSystem: Display: IME system now activated using TSF (Microsoft 입력기).
[2023.09.22-03.57.44:472][779]LogExit: Preparing to exit.
[2023.09.22-03.57.46:025][779]LogExit: Editor shut down
[2023.09.22-03.57.46:026][779]LogExit: Transaction tracking system shut down
[2023.09.22-03.57.47:696][779]LogExit: Object subsystem successfully closed.
[2023.09.22-03.57.48:191][779]LogShaderCompilers: Display: Shaders left to compile 0
[2023.09.22-03.57.48:262][779]LogD3D11RHI: Shutdown
[2023.09.22-03.57.48:262][779]LogD3D11RHI: CleanupD3DDevice
[2023.09.22-03.57.48:284][779]LogRendererCore: FGlobalReadBuffer::ReleaseRHI
[2023.09.22-03.57.48:285][779]LogRendererCore: FGlobalDynamicReadBuffer::Cleanup()
[2023.09.22-03.57.48:354][779]LogRendererCore: FGlobalReadBuffer::ReleaseRHI
[2023.09.22-03.57.48:354][779]LogRendererCore: FGlobalDynamicReadBuffer::Cleanup()
[2023.09.22-03.57.48:354][779]LogRendererCore: FGlobalReadBuffer::ReleaseRHI
[2023.09.22-03.57.48:354][779]LogRendererCore: FGlobalDynamicReadBuffer::Cleanup()
[2023.09.22-03.57.48:456][779]LogD3D11RHI: ~FD3D11DynamicRHI
[2023.09.22-03.57.50:538][779]LogModuleManager: Shutting down and abandoning module HierarchicalLODOutliner (642)
[2023.09.22-03.57.50:538][779]LogModuleManager: Shutting down and abandoning module SceneOutliner (640)
[2023.09.22-03.57.50:538][779]LogModuleManager: Shutting down and abandoning module AddContentDialog (638)
[2023.09.22-03.57.50:565][779]LogModuleManager: Shutting down and abandoning module WidgetCarousel (637)
[2023.09.22-03.57.50:565][779]LogModuleManager: Shutting down and abandoning module EditorWidgets (634)
[2023.09.22-03.57.50:565][779]LogModuleManager: Shutting down and abandoning module CollectionManager (632)
[2023.09.22-03.57.50:571][779]LogModuleManager: Shutting down and abandoning module ExternalImagePicker (630)
[2023.09.22-03.57.50:571][779]LogModuleManager: Shutting down and abandoning module FoliageEdit (628)
[2023.09.22-03.57.50:571][779]LogModuleManager: Shutting down and abandoning module LandscapeEditor (626)
[2023.09.22-03.57.50:572][779]LogModuleManager: Shutting down and abandoning module MeshPaintMode (624)
[2023.09.22-03.57.50:572][779]LogModuleManager: Shutting down and abandoning module SceneDepthPickerMode (622)
[2023.09.22-03.57.50:572][779]LogModuleManager: Shutting down and abandoning module ActorPickerMode (620)
[2023.09.22-03.57.50:572][779]LogModuleManager: Shutting down and abandoning module GeometryMode (618)
[2023.09.22-03.57.50:572][779]LogModuleManager: Shutting down and abandoning module TextureAlignMode (616)
[2023.09.22-03.57.50:572][779]LogModuleManager: Shutting down and abandoning module BspMode (614)
[2023.09.22-03.57.50:572][779]LogModuleManager: Shutting down and abandoning module PIEPreviewDeviceProfileSelector (612)
[2023.09.22-03.57.50:573][779]LogModuleManager: Shutting down and abandoning module SequenceRecorderSections (610)
[2023.09.22-03.57.50:585][779]LogModuleManager: Shutting down and abandoning module AutomationWorker (608)
[2023.09.22-03.57.50:593][779]LogModuleManager: Shutting down and abandoning module OculusMR (606)
[2023.09.22-03.57.50:593][779]LogModuleManager: Shutting down and abandoning module AudioCaptureEditor (604)
[2023.09.22-03.57.50:595][779]LogModuleManager: Shutting down and abandoning module MatineeToLevelSequence (602)
[2023.09.22-03.57.50:617][779]LogModuleManager: Shutting down and abandoning module LevelSequenceEditor (600)
[2023.09.22-03.57.50:799][779]LogModuleManager: Shutting down and abandoning module PlacementMode (599)
[2023.09.22-03.57.50:799][779]LogModuleManager: Shutting down and abandoning module MaterialEditor (598)
[2023.09.22-03.57.50:852][779]LogModuleManager: Shutting down and abandoning module ActorSequenceEditor (594)
[2023.09.22-03.57.50:862][779]LogModuleManager: Shutting down and abandoning module WmfMediaFactory (592)
[2023.09.22-03.57.50:862][779]LogModuleManager: Shutting down and abandoning module WmfMediaEditor (590)
[2023.09.22-03.57.50:862][779]LogModuleManager: Shutting down and abandoning module WebMMediaFactory (588)
[2023.09.22-03.57.50:862][779]LogModuleManager: Shutting down and abandoning module WebMMediaEditor (586)
[2023.09.22-03.57.50:862][779]LogModuleManager: Shutting down and abandoning module WebMMedia (584)
[2023.09.22-03.57.50:872][779]LogModuleManager: Shutting down and abandoning module MediaPlayerEditor (582)
[2023.09.22-03.57.50:918][779]LogModuleManager: Shutting down and abandoning module MediaCompositingEditor (580)
[2023.09.22-03.57.50:930][779]LogModuleManager: Shutting down and abandoning module SequenceRecorder (579)
[2023.09.22-03.57.50:930][779]LogModuleManager: Shutting down and abandoning module OpenExrWrapper (576)
[2023.09.22-03.57.50:930][779]LogModuleManager: Shutting down and abandoning module ImgMediaFactory (574)
[2023.09.22-03.57.50:930][779]LogModuleManager: Shutting down and abandoning module ImgMediaEditor (572)
[2023.09.22-03.57.50:930][779]LogModuleManager: Shutting down and abandoning module AvfMediaFactory (570)
[2023.09.22-03.57.50:930][779]LogModuleManager: Shutting down and abandoning module AvfMediaEditor (568)
[2023.09.22-03.57.50:930][779]LogModuleManager: Shutting down and abandoning module AndroidMediaFactory (566)
[2023.09.22-03.57.50:930][779]LogModuleManager: Shutting down and abandoning module AndroidMediaEditor (564)
[2023.09.22-03.57.50:930][779]LogModuleManager: Shutting down and abandoning module MagicLeapCameraPreviewFactory (562)
[2023.09.22-03.57.50:930][779]LogModuleManager: Shutting down and abandoning module MagicLeapMediaCodecFactory (560)
[2023.09.22-03.57.50:930][779]LogModuleManager: Shutting down and abandoning module MagicLeapMediaFactory (558)
[2023.09.22-03.57.50:930][779]LogModuleManager: Shutting down and abandoning module MagicLeapMediaEditor (556)
[2023.09.22-03.57.50:930][779]LogModuleManager: Shutting down and abandoning module CharacterAI (554)
[2023.09.22-03.57.50:930][779]LogModuleManager: Shutting down and abandoning module SmartSnapping (552)
[2023.09.22-03.57.50:930][779]LogModuleManager: Shutting down and abandoning module SessionServices (550)
[2023.09.22-03.57.50:930][779]LogModuleManager: Shutting down and abandoning module MeshPaint (548)
[2023.09.22-03.57.50:942][779]LogModuleManager: Shutting down and abandoning module ViewportSnapping (546)
[2023.09.22-03.57.50:942][779]LogModuleManager: Shutting down and abandoning module ViewportInteraction (544)
[2023.09.22-03.57.50:942][779]LogModuleManager: Shutting down and abandoning module ClothPainter (542)
[2023.09.22-03.57.50:994][779]LogModuleManager: Shutting down and abandoning module SkeletalMeshEditor (541)
[2023.09.22-03.57.51:015][779]LogModuleManager: Shutting down and abandoning module LogVisualizer (538)
[2023.09.22-03.57.51:036][779]LogModuleManager: Shutting down and abandoning module IntroTutorials (536)
[2023.09.22-03.57.51:049][779]LogModuleManager: Shutting down and abandoning module GameProjectGeneration (535)
[2023.09.22-03.57.51:075][779]LogModuleManager: Shutting down and abandoning module LuminPlatformEditor (532)
[2023.09.22-03.57.51:075][779]LogModuleManager: Shutting down and abandoning module IOSPlatformEditor (530)
[2023.09.22-03.57.51:075][779]LogModuleManager: Shutting down and abandoning module HTML5PlatformEditor (528)
[2023.09.22-03.57.51:075][779]LogModuleManager: Shutting down and abandoning module AndroidPlatformEditor (526)
[2023.09.22-03.57.51:075][779]LogModuleManager: Shutting down and abandoning module AndroidDeviceDetection (525)
[2023.09.22-03.57.51:732][779]LogModuleManager: Shutting down and abandoning module WindowsPlatformEditor (522)
[2023.09.22-03.57.51:733][779]LogModuleManager: Shutting down and abandoning module LuminRuntimeSettings (520)
[2023.09.22-03.57.51:733][779]LogModuleManager: Shutting down and abandoning module IOSRuntimeSettings (518)
[2023.09.22-03.57.51:733][779]LogModuleManager: Shutting down and abandoning module AndroidRuntimeSettings (516)
[2023.09.22-03.57.51:733][779]LogModuleManager: Shutting down and abandoning module TimeManagementEditor (514)
[2023.09.22-03.57.51:733][779]LogModuleManager: Shutting down and abandoning module InputBindingEditor (512)
[2023.09.22-03.57.51:766][779]LogModuleManager: Shutting down and abandoning module MergeActors (510)
[2023.09.22-03.57.51:803][779]LogModuleManager: Shutting down and abandoning module LocalizationDashboard (508)
[2023.09.22-03.57.51:824][779]LogModuleManager: Shutting down and abandoning module LocalizationService (507)
[2023.09.22-03.57.51:835][779]LogModuleManager: Shutting down and abandoning module HardwareTargeting (504)
[2023.09.22-03.57.51:835][779]LogModuleManager: Shutting down and abandoning module DeviceProfileEditor (502)
[2023.09.22-03.57.51:836][779]LogModuleManager: Shutting down and abandoning module UndoHistory (500)
[2023.09.22-03.57.51:836][779]LogModuleManager: Shutting down and abandoning module XmlParser (498)
[2023.09.22-03.57.51:836][779]LogModuleManager: Shutting down and abandoning module Blutility (496)
[2023.09.22-03.57.51:853][779]LogModuleManager: Shutting down and abandoning module ProjectSettingsViewer (494)
[2023.09.22-03.57.51:853][779]LogModuleManager: Shutting down and abandoning module ProjectTargetPlatformEditor (493)
[2023.09.22-03.57.51:853][779]LogModuleManager: Shutting down and abandoning module EditorSettingsViewer (490)
[2023.09.22-03.57.51:853][779]LogModuleManager: Shutting down and abandoning module SettingsEditor (488)
[2023.09.22-03.57.51:853][779]LogModuleManager: Shutting down and abandoning module ProjectLauncher (486)
[2023.09.22-03.57.51:873][779]LogModuleManager: Shutting down and abandoning module SessionFrontend (484)
[2023.09.22-03.57.51:881][779]LogModuleManager: Shutting down and abandoning module ProfilerClient (482)
[2023.09.22-03.57.51:882][779]LogModuleManager: Shutting down and abandoning module DeviceManager (480)
[2023.09.22-03.57.51:891][779]LogModuleManager: Shutting down and abandoning module TargetDeviceServices (479)
[2023.09.22-03.57.51:932][779]LogModuleManager: Shutting down and abandoning module AutomationController (476)
[2023.09.22-03.57.51:946][779]LogModuleManager: Shutting down and abandoning module AutomationWindow (474)
[2023.09.22-03.57.51:962][779]LogModuleManager: Shutting down and abandoning module Layers (472)
[2023.09.22-03.57.51:995][779]LogModuleManager: Shutting down and abandoning module ComponentVisualizers (470)
[2023.09.22-03.57.51:995][779]LogModuleManager: Shutting down and abandoning module DetailCustomizations (468)
[2023.09.22-03.57.52:013][779]LogModuleManager: Shutting down and abandoning module PackagesDialog (466)
[2023.09.22-03.57.52:062][779]LogModuleManager: Shutting down and abandoning module AnimationBlueprintEditor (464)
[2023.09.22-03.57.52:064][779]LogModuleManager: Shutting down and abandoning module Persona (462)
[2023.09.22-03.57.52:101][779]LogModuleManager: Shutting down and abandoning module AdvancedPreviewScene (461)
[2023.09.22-03.57.52:101][779]LogModuleManager: Shutting down and abandoning module AnimGraph (459)
[2023.09.22-03.57.52:101][779]LogModuleManager: Shutting down and abandoning module Kismet (456)
[2023.09.22-03.57.52:147][779]LogModuleManager: Shutting down and abandoning module GraphEditor (454)
[2023.09.22-03.57.52:210][779]LogModuleManager: Shutting down and abandoning module ClassViewer (452)
[2023.09.22-03.57.52:210][779]LogModuleManager: Shutting down and abandoning module Toolbox (450)
[2023.09.22-03.57.52:210][779]LogModuleManager: Shutting down and abandoning module ModuleUI (448)
[2023.09.22-03.57.52:226][779]LogModuleManager: Shutting down and abandoning module MovieSceneTools (446)
[2023.09.22-03.57.52:227][779]LogModuleManager: Shutting down and abandoning module OutputLog (444)
[2023.09.22-03.57.52:227][779]LogModuleManager: Shutting down and abandoning module GammaUI (442)
[2023.09.22-03.57.52:235][779]LogModuleManager: Shutting down and abandoning module Documentation (440)
[2023.09.22-03.57.52:235][779]LogModuleManager: Shutting down and abandoning module LiveCoding (438)
[2023.09.22-03.57.52:235][779]LogModuleManager: Shutting down and abandoning module LevelSequence (436)
[2023.09.22-03.57.52:235][779]LogModuleManager: Shutting down and abandoning module MovieSceneTracks (434)
[2023.09.22-03.57.52:235][779]LogModuleManager: Shutting down and abandoning module MovieScene (432)
[2023.09.22-03.57.52:247][779]LogModuleManager: Shutting down and abandoning module StreamingPauseRendering (430)
[2023.09.22-03.57.52:254][779]LogModuleManager: Shutting down and abandoning module LauncherPlatform (428)
[2023.09.22-03.57.52:254][779]LogModuleManager: Shutting down and abandoning module AnalyticsET (426)
[2023.09.22-03.57.52:254][779]LogModuleManager: Shutting down and abandoning module PortalServices (424)
[2023.09.22-03.57.52:254][779]LogModuleManager: Shutting down and abandoning module PortalRpc (422)
[2023.09.22-03.57.52:254][779]LogModuleManager: Shutting down and abandoning module MessagingRpc (420)
[2023.09.22-03.57.52:254][779]LogModuleManager: Shutting down and abandoning module AIModule (418)
[2023.09.22-03.57.52:261][779]LogModuleManager: Shutting down and abandoning module GameplayDebugger (417)
[2023.09.22-03.57.52:273][779]LogModuleManager: Shutting down and abandoning module AITestSuite (415)
[2023.09.22-03.57.52:297][779]LogModuleManager: Shutting down and abandoning module NavigationSystem (413)
[2023.09.22-03.57.52:299][779]LogModuleManager: Shutting down and abandoning module DesktopPlatform (410)
[2023.09.22-03.57.52:299][779]LogModuleManager: Shutting down and abandoning module ImageWriteQueue (408)
[2023.09.22-03.57.52:303][779]LogModuleManager: Shutting down and abandoning module ProfilerService (406)
[2023.09.22-03.57.52:484][779]LogModuleManager: Shutting down and abandoning module TaskGraph (404)
[2023.09.22-03.57.52:485][779]LogModuleManager: Shutting down and abandoning module SteamVRController (402)
[2023.09.22-03.57.52:485][779]LogModuleManager: Shutting down and abandoning module ProceduralMeshComponentEditor (400)
[2023.09.22-03.57.52:519][779]LogModuleManager: Shutting down and abandoning module ProceduralMeshComponent (398)
[2023.09.22-03.57.52:531][779]LogModuleManager: Shutting down and abandoning module OculusEditor (396)
[2023.09.22-03.57.52:556][779]LogModuleManager: Shutting down and abandoning module OculusInput (394)
[2023.09.22-03.57.52:556][779]LogModuleManager: Shutting down and abandoning module MobilePatchingUtils (392)
[2023.09.22-03.57.52:556][779]LogModuleManager: Shutting down and abandoning module EditableMesh (390)
[2023.09.22-03.57.52:602][779]LogModuleManager: Shutting down and abandoning module CustomMeshComponent (388)
[2023.09.22-03.57.52:602][779]LogModuleManager: Shutting down and abandoning module CableComponent (386)
[2023.09.22-03.57.52:609][779]LogModuleManager: Shutting down and abandoning module AudioCapture (384)
[2023.09.22-03.57.52:610][779]LogModuleManager: Shutting down and abandoning module ArchVisCharacter (382)
[2023.09.22-03.57.52:610][779]LogModuleManager: Shutting down and abandoning module AndroidPermission (380)
[2023.09.22-03.57.52:610][779]LogModuleManager: Shutting down and abandoning module NUTUnrealEngine4 (378)
[2023.09.22-03.57.52:610][779]LogModuleManager: Shutting down and abandoning module NetcodeUnitTest (376)
[2023.09.22-03.57.52:622][779]LogModuleManager: Shutting down and abandoning module MediaCompositing (374)
[2023.09.22-03.57.52:622][779]LogModuleManager: Shutting down and abandoning module LinearTimecode (372)
[2023.09.22-03.57.52:622][779]LogModuleManager: Shutting down and abandoning module ImgMedia (370)
[2023.09.22-03.57.52:622][779]LogModuleManager: Shutting down and abandoning module MagicLeapHelperVulkan (368)
[2023.09.22-03.57.52:622][779]LogModuleManager: Shutting down and abandoning module MagicLeapHelperOpenGL (366)
[2023.09.22-03.57.52:640][779]LogModuleManager: Shutting down and abandoning module MagicLeapAudio (364)
[2023.09.22-03.57.52:646][779]LogModuleManager: Shutting down and abandoning module HTML5Networking (362)
[2023.09.22-03.57.52:646][779]LogModuleManager: Shutting down and abandoning module GeometryCacheTracks (360)
[2023.09.22-03.57.52:646][779]LogModuleManager: Shutting down and abandoning module GeometryCacheSequencer (358)
[2023.09.22-03.57.52:646][779]LogModuleManager: Shutting down and abandoning module BackChannel (356)
[2023.09.22-03.57.52:655][779]LogModuleManager: Shutting down and abandoning module AppleVision (354)
[2023.09.22-03.57.52:655][779]LogModuleManager: Shutting down and abandoning module AppleImageUtilsBlueprintSupport (352)
[2023.09.22-03.57.52:655][779]LogModuleManager: Shutting down and abandoning module AppleImageUtils (350)
[2023.09.22-03.57.52:655][779]LogModuleManager: Shutting down and abandoning module AlembicImporter (348)
[2023.09.22-03.57.52:655][779]LogModuleManager: Shutting down and abandoning module AlembicLibrary (347)
[2023.09.22-03.57.52:655][779]LogModuleManager: Shutting down and abandoning module GeometryCache (346)
[2023.09.22-03.57.52:655][779]LogModuleManager: Shutting down and abandoning module GeometryCacheEd (345)
[2023.09.22-03.57.52:655][779]LogModuleManager: Shutting down and abandoning module VariantManagerContent (340)
[2023.09.22-03.57.52:655][779]LogModuleManager: Shutting down and abandoning module DatasmithContentEditor (338)
[2023.09.22-03.57.52:656][779]LogModuleManager: Shutting down and abandoning module SpeedTreeImporter (336)
[2023.09.22-03.57.52:656][779]LogModuleManager: Shutting down and abandoning module PluginBrowser (334)
[2023.09.22-03.57.52:671][779]LogModuleManager: Shutting down and abandoning module MobileLauncherProfileWizard (332)
[2023.09.22-03.57.52:672][779]LogModuleManager: Shutting down and abandoning module MaterialAnalyzer (330)
[2023.09.22-03.57.52:672][779]LogModuleManager: Shutting down and abandoning module CryptoKeysOpenSSL (328)
[2023.09.22-03.57.52:672][779]LogModuleManager: Shutting down and abandoning module CryptoKeys (326)
[2023.09.22-03.57.52:672][779]LogModuleManager: Shutting down and abandoning module VisualStudioSourceCodeAccess (324)
[2023.09.22-03.57.52:678][779]LogModuleManager: Shutting down and abandoning module VisualStudioCodeSourceCodeAccess (322)
[2023.09.22-03.57.52:678][779]LogModuleManager: Shutting down and abandoning module UObjectPlugin (320)
[2023.09.22-03.57.52:678][779]LogModuleManager: Shutting down and abandoning module SubversionSourceControl (318)
[2023.09.22-03.57.52:690][779]LogModuleManager: Shutting down and abandoning module PerforceSourceControl (316)
[2023.09.22-03.57.52:691][779]LogModuleManager: Shutting down and abandoning module GitSourceControl (314)
[2023.09.22-03.57.52:709][779]LogModuleManager: Shutting down and abandoning module SourceControl (313)
[2023.09.22-03.57.52:720][779]LogModuleManager: Shutting down and abandoning module CLionSourceCodeAccess (310)
[2023.09.22-03.57.52:720][779]LogModuleManager: Shutting down and abandoning module AnimationSharingEd (308)
[2023.09.22-03.57.52:720][779]LogModuleManager: Shutting down and abandoning module ActorLayerUtilitiesEditor (306)
[2023.09.22-03.57.52:720][779]LogModuleManager: Shutting down and abandoning module ActorLayerUtilities (304)
[2023.09.22-03.57.52:720][779]LogModuleManager: Shutting down and abandoning module LightPropagationVolumeEditor (302)
[2023.09.22-03.57.52:720][779]LogModuleManager: Shutting down and abandoning module PaperTiledImporter (300)
[2023.09.22-03.57.52:720][779]LogModuleManager: Shutting down and abandoning module PaperSpriteSheetImporter (298)
[2023.09.22-03.57.52:720][779]LogModuleManager: Shutting down and abandoning module Paper2DEditor (296)
[2023.09.22-03.57.52:739][779]LogModuleManager: Shutting down and abandoning module SignificanceManager (294)
[2023.09.22-03.57.52:739][779]LogModuleManager: Shutting down and abandoning module RuntimePhysXCooking (292)
[2023.09.22-03.57.52:739][779]LogModuleManager: Shutting down and abandoning module PhysXVehiclesEditor (290)
[2023.09.22-03.57.52:739][779]LogModuleManager: Shutting down and abandoning module PhysXVehicles (288)
[2023.09.22-03.57.52:739][779]LogModuleManager: Shutting down and abandoning module LocationServicesBPLibrary (286)
[2023.09.22-03.57.52:739][779]LogModuleManager: Shutting down and abandoning module ActorSequence (284)
[2023.09.22-03.57.52:739][779]LogModuleManager: Shutting down and abandoning module UdpMessaging (282)
[2023.09.22-03.57.52:840][779]LogModuleManager: Shutting down and abandoning module TcpMessaging (280)
[2023.09.22-03.57.52:962][779]LogModuleManager: Shutting down and abandoning module MagicLeapIdentity (278)
[2023.09.22-03.57.52:962][779]LogModuleManager: Shutting down and abandoning module MagicLeapSecureStorage (276)
[2023.09.22-03.57.52:962][779]LogModuleManager: Shutting down and abandoning module MagicLeapHandTracking (274)
[2023.09.22-03.57.52:979][779]LogModuleManager: Shutting down and abandoning module MagicLeapEyeTracker (272)
[2023.09.22-03.57.52:979][779]LogModuleManager: Shutting down and abandoning module MagicLeapController (270)
[2023.09.22-03.57.52:989][779]LogSlate: Slate User Destroyed.  User Index 0, Is Virtual User: 0
[2023.09.22-03.57.52:989][779]LogModuleManager: Shutting down and abandoning module MagicLeapAR (268)
[2023.09.22-03.57.52:989][779]LogModuleManager: Shutting down and abandoning module AugmentedReality (267)
[2023.09.22-03.57.52:989][779]LogModuleManager: Shutting down and abandoning module GameplayTagsEditor (264)
[2023.09.22-03.57.52:989][779]LogModuleManager: Shutting down and abandoning module FacialAnimationEditor (262)
[2023.09.22-03.57.52:989][779]LogModuleManager: Shutting down and abandoning module FacialAnimation (260)
[2023.09.22-03.57.52:989][779]LogModuleManager: Shutting down and abandoning module DataValidation (258)
[2023.09.22-03.57.52:989][779]LogModuleManager: Shutting down and abandoning module AssetManagerEditor (256)
[2023.09.22-03.57.52:999][779]LogModuleManager: Shutting down and abandoning module LevelEditor (255)
[2023.09.22-03.57.53:008][779]LogModuleManager: Shutting down and abandoning module PixelInspectorModule (254)
[2023.09.22-03.57.53:019][779]LogModuleManager: Shutting down and abandoning module CommonMenuExtensions (252)
[2023.09.22-03.57.53:020][779]LogModuleManager: Shutting down and abandoning module MainFrame (250)
[2023.09.22-03.57.53:020][779]LogModuleManager: Shutting down and abandoning module HotReload (249)
[2023.09.22-03.57.53:025][779]LogModuleManager: Shutting down and abandoning module ContentBrowser (245)
[2023.09.22-03.57.53:026][779]LogModuleManager: Shutting down and abandoning module TreeMap (243)
[2023.09.22-03.57.53:047][779]LogModuleManager: Shutting down and abandoning module AnimationSharing (240)
[2023.09.22-03.57.53:047][779]LogModuleManager: Shutting down and abandoning module LightPropagationVolumeRuntime (238)
[2023.09.22-03.57.53:047][779]LogModuleManager: Shutting down and abandoning module AISupportModule (236)
[2023.09.22-03.57.53:047][779]LogModuleManager: Shutting down and abandoning module Paper2D (234)
[2023.09.22-03.57.53:053][779]LogModuleManager: Shutting down and abandoning module WindowsMoviePlayer (232)
[2023.09.22-03.57.53:087][779]LogModuleManager: Shutting down and abandoning module WebMMoviePlayer (230)
[2023.09.22-03.57.53:094][779]LogModuleManager: Shutting down and abandoning module PacketHandler (228)
[2023.09.22-03.57.53:094][779]LogModuleManager: Shutting down and abandoning module ClothingSystemEditor (226)
[2023.09.22-03.57.53:094][779]LogModuleManager: Shutting down and abandoning module ClothingSystemRuntime (224)
[2023.09.22-03.57.53:116][779]LogModuleManager: Shutting down and abandoning module MediaAssets (222)
[2023.09.22-03.57.53:116][779]LogModuleManager: Shutting down and abandoning module Overlay (220)
[2023.09.22-03.57.53:116][779]LogModuleManager: Shutting down and abandoning module OverlayEditor (219)
[2023.09.22-03.57.53:116][779]LogModuleManager: Shutting down and abandoning module VREditor (216)
[2023.09.22-03.57.53:122][779]LogModuleManager: Shutting down and abandoning module StringTableEditor (214)
[2023.09.22-03.57.53:133][779]LogModuleManager: Shutting down and abandoning module GameplayTasksEditor (212)
[2023.09.22-03.57.53:133][779]LogModuleManager: Shutting down and abandoning module BehaviorTreeEditor (210)
[2023.09.22-03.57.53:148][779]LogModuleManager: Shutting down and abandoning module FunctionalTesting (208)
[2023.09.22-03.57.53:154][779]LogModuleManager: Shutting down and abandoning module CollisionAnalyzer (206)
[2023.09.22-03.57.53:182][779]LogModuleManager: Shutting down and abandoning module WorkspaceMenuStructure (205)
[2023.09.22-03.57.53:182][779]LogModuleManager: Shutting down and abandoning module UMG (202)
[2023.09.22-03.57.53:197][779]LogModuleManager: Shutting down and abandoning module UMGEditor (201)
[2023.09.22-03.57.53:233][779]LogModuleManager: Shutting down and abandoning module Sequencer (200)
[2023.09.22-03.57.53:295][779]LogModuleManager: Shutting down and abandoning module MessageLog (197)
[2023.09.22-03.57.53:295][779]LogModuleManager: Shutting down and abandoning module SlateReflector (192)
[2023.09.22-03.57.53:357][779]LogModuleManager: Shutting down and abandoning module Slate (190)
[2023.09.22-03.57.53:357][779]LogModuleManager: Shutting down and abandoning module EditorStyle (188)
[2023.09.22-03.57.53:358][779]LogModuleManager: Shutting down and abandoning module UnrealEd (186)
[2023.09.22-03.57.53:373][779]LogModuleManager: Shutting down and abandoning module MRMesh (184)
[2023.09.22-03.57.53:373][779]LogModuleManager: Shutting down and abandoning module SourceCodeAccess (182)
[2023.09.22-03.57.53:373][779]LogModuleManager: Shutting down and abandoning module HeadMountedDisplay (180)
[2023.09.22-03.57.53:373][779]LogModuleManager: Shutting down and abandoning module XAudio2 (178)
[2023.09.22-03.57.53:373][779]LogModuleManager: Shutting down and abandoning module Networking (176)
[2023.09.22-03.57.53:373][779]LogModuleManager: Shutting down and abandoning module Core (174)
[2023.09.22-03.57.53:373][779]LogModuleManager: Shutting down and abandoning module KismetCompiler (172)
[2023.09.22-03.57.53:373][779]LogModuleManager: Shutting down and abandoning module MeshUtilities (170)
[2023.09.22-03.57.53:373][779]LogModuleManager: Shutting down and abandoning module MeshMergeUtilities (169)
[2023.09.22-03.57.53:380][779]LogModuleManager: Shutting down and abandoning module MeshReductionInterface (168)
[2023.09.22-03.57.53:380][779]LogModuleManager: Shutting down and abandoning module SkeletalMeshReduction (167)
[2023.09.22-03.57.53:392][779]LogModuleManager: Shutting down and abandoning module ProxyLODMeshReduction (165)
[2023.09.22-03.57.53:425][779]LogModuleManager: Shutting down and abandoning module QuadricMeshReduction (163)
[2023.09.22-03.57.53:436][779]LogModuleManager: Shutting down and abandoning module MaterialBaking (159)
[2023.09.22-03.57.53:483][779]LogModuleManager: Shutting down and abandoning module DerivedDataCache (154)
[2023.09.22-03.57.53:569][779]LogDerivedDataCache: Shutdown
[2023.09.22-03.57.53:569][779]LogModuleManager: Shutting down and abandoning module XGEController (152)
[2023.09.22-03.57.53:569][779]LogXGEController: Cleaning working directory: C:/Users/MDC/AppData/Local/Temp/UnrealXGEWorkingDir/
[2023.09.22-03.57.53:598][779]LogModuleManager: Shutting down and abandoning module TargetPlatform (150)
[2023.09.22-03.57.53:613][779]LogModuleManager: Shutting down and abandoning module VulkanShaderFormat (149)
[2023.09.22-03.57.53:620][779]LogModuleManager: Shutting down and abandoning module ShaderFormatVectorVM (147)
[2023.09.22-03.57.53:633][779]LogModuleManager: Shutting down and abandoning module ShaderFormatOpenGL (145)
[2023.09.22-03.57.53:641][779]LogModuleManager: Shutting down and abandoning module ShaderFormatD3D (143)
[2023.09.22-03.57.53:645][779]LogModuleManager: Shutting down and abandoning module MetalShaderFormat (141)
[2023.09.22-03.57.53:661][779]LogModuleManager: Shutting down and abandoning module TextureFormatUncompressed (139)
[2023.09.22-03.57.53:662][779]LogModuleManager: Shutting down and abandoning module TextureFormatPVR (137)
[2023.09.22-03.57.53:662][779]LogModuleManager: Shutting down and abandoning module TextureFormatDXT (135)
[2023.09.22-03.57.53:662][779]LogModuleManager: Shutting down and abandoning module TextureFormatIntelISPCTexComp (133)
[2023.09.22-03.57.53:672][779]LogModuleManager: Shutting down and abandoning module TextureFormatASTC (131)
[2023.09.22-03.57.53:672][779]LogModuleManager: Shutting down and abandoning module ImageWrapper (130)
[2023.09.22-03.57.53:672][779]LogModuleManager: Shutting down and abandoning module TextureFormatAndroid (127)
[2023.09.22-03.57.53:672][779]LogModuleManager: Shutting down and abandoning module AudioFormatOpus (125)
[2023.09.22-03.57.53:690][779]LogModuleManager: Shutting down and abandoning module AudioFormatOgg (123)
[2023.09.22-03.57.53:691][779]LogModuleManager: Shutting down and abandoning module AudioFormatADPCM (121)
[2023.09.22-03.57.53:738][779]LogModuleManager: Shutting down and abandoning module LuminTargetPlatform (119)
[2023.09.22-03.57.53:741][779]LogModuleManager: Shutting down and abandoning module LinuxTargetPlatform (117)
[2023.09.22-03.57.53:741][779]LogModuleManager: Shutting down and abandoning module LinuxServerTargetPlatform (115)
[2023.09.22-03.57.53:766][779]LogModuleManager: Shutting down and abandoning module LinuxNoEditorTargetPlatform (113)
[2023.09.22-03.57.53:783][779]LogModuleManager: Shutting down and abandoning module LinuxClientTargetPlatform (111)
[2023.09.22-03.57.53:794][779]LogModuleManager: Shutting down and abandoning module TVOSTargetPlatform (109)
[2023.09.22-03.57.53:796][779]LogModuleManager: Shutting down and abandoning module Messaging (107)
[2023.09.22-03.57.53:796][779]LogModuleManager: Shutting down and abandoning module IOSTargetPlatform (105)
[2023.09.22-03.57.53:796][779]LogModuleManager: Shutting down and abandoning module HTML5TargetPlatform (103)
[2023.09.22-03.57.53:796][779]LogModuleManager: Shutting down and abandoning module AndroidTargetPlatform (101)
[2023.09.22-03.57.53:803][779]LogModuleManager: Shutting down and abandoning module WindowsTargetPlatform (99)
[2023.09.22-03.57.53:803][779]LogModuleManager: Shutting down and abandoning module WindowsServerTargetPlatform (97)
[2023.09.22-03.57.53:803][779]LogModuleManager: Shutting down and abandoning module WindowsNoEditorTargetPlatform (95)
[2023.09.22-03.57.53:803][779]LogModuleManager: Shutting down and abandoning module WindowsClientTargetPlatform (93)
[2023.09.22-03.57.53:803][779]LogModuleManager: Shutting down and abandoning module MacTargetPlatform (91)
[2023.09.22-03.57.53:803][779]LogModuleManager: Shutting down and abandoning module MacServerTargetPlatform (89)
[2023.09.22-03.57.53:803][779]LogModuleManager: Shutting down and abandoning module MacNoEditorTargetPlatform (87)
[2023.09.22-03.57.53:803][779]LogModuleManager: Shutting down and abandoning module MacClientTargetPlatform (85)
[2023.09.22-03.57.53:804][779]LogModuleManager: Shutting down and abandoning module AllDesktopTargetPlatform (83)
[2023.09.22-03.57.53:804][779]LogModuleManager: Shutting down and abandoning module InputCore (80)
[2023.09.22-03.57.53:804][779]LogModuleManager: Shutting down and abandoning module Settings (78)
[2023.09.22-03.57.53:804][779]LogModuleManager: Shutting down and abandoning module DirectoryWatcher (76)
[2023.09.22-03.57.53:804][779]LogModuleManager: Shutting down and abandoning module PhysXCooking (74)
[2023.09.22-03.57.53:804][779]LogModuleManager: Shutting down and abandoning module SteamVR (72)
[2023.09.22-03.57.53:862][779]LogHMD: Freeing OpenVRDLLHandle.
[2023.09.22-03.57.53:862][779]LogModuleManager: Shutting down and abandoning module OculusHMD (70)
[2023.09.22-03.57.53:863][779]LogModuleManager: Shutting down and abandoning module ExampleDeviceProfileSelector (68)
[2023.09.22-03.57.53:863][779]LogModuleManager: Shutting down and abandoning module LauncherChunkInstaller (66)
[2023.09.22-03.57.53:863][779]LogModuleManager: Shutting down and abandoning module OnlineBlueprintSupport (64)
[2023.09.22-03.57.53:863][779]LogModuleManager: Shutting down and abandoning module OnlineSubsystem (60)
[2023.09.22-03.57.53:891][779]LogModuleManager: Shutting down and abandoning module XMPP (55)
[2023.09.22-03.57.53:906][779]LogModuleManager: Shutting down and abandoning module WebSockets (54)
[2023.09.22-03.57.53:965][779]LogModuleManager: Shutting down and abandoning module HTTP (51)
[2023.09.22-03.57.53:965][779]LogHttp: Display: Http module shutting down, but needs to wait on 1 outstanding Http requests:
[2023.09.22-03.57.53:965][779]LogHttp: Display: 	verb=[POST] url=[https://datarouter.ol.epicgames.com/datarouter/api/v1/public/data?SessionID=%7B2FD34D32-4631-6DD7-C1F5-238E1E7ABEA4%7D&AppID=UEEditor.Rocket.Release&AppVersion=4.22.3-7053642%2B%2B%2BUE4%2BRelease-4.22&UserID=ff739b8e43ec5d403d10d68f035ba25e%7Cc49c3256390546089380b1b73475d0fb%7Cf3a8d8ce-d39b-479b-a3ba-2e4dac082b5a&AppEnvironment=datacollector-binary&UploadType=eteventstream] status=Processing
[2023.09.22-03.57.53:983][779]LogModuleManager: Shutting down and abandoning module SSL (50)
[2023.09.22-03.57.53:983][779]LogModuleManager: Shutting down and abandoning module WmfMedia (46)
[2023.09.22-03.57.54:000][779]LogModuleManager: Shutting down and abandoning module Media (45)
[2023.09.22-03.57.54:006][779]LogModuleManager: Shutting down and abandoning module MagicLeap (42)
[2023.09.22-03.57.54:007][779]LogModuleManager: Shutting down and abandoning module DatasmithContent (40)
[2023.09.22-03.57.54:007][779]LogModuleManager: Shutting down and abandoning module AnimationModifiers (38)
[2023.09.22-03.57.54:007][779]LogModuleManager: Shutting down and abandoning module PropertyEditor (37)
[2023.09.22-03.57.54:060][779]LogModuleManager: Shutting down and abandoning module AudioEditor (34)
[2023.09.22-03.57.54:216][779]LogModuleManager: Shutting down and abandoning module TextureCompressor (32)
[2023.09.22-03.57.54:217][779]LogModuleManager: Shutting down and abandoning module RenderCore (30)
[2023.09.22-03.57.54:217][779]LogModuleManager: Shutting down and abandoning module Landscape (28)
[2023.09.22-03.57.54:217][779]LogModuleManager: Shutting down and abandoning module SlateRHIRenderer (26)
[2023.09.22-03.57.54:238][779]LogModuleManager: Shutting down and abandoning module OpenGLDrv (24)
[2023.09.22-03.57.54:281][779]LogModuleManager: Shutting down and abandoning module D3D11RHI (22)
[2023.09.22-03.57.54:281][779]LogModuleManager: Shutting down and abandoning module AnimGraphRuntime (20)
[2023.09.22-03.57.54:281][779]LogModuleManager: Shutting down and abandoning module Renderer (18)
[2023.09.22-03.57.54:281][779]LogModuleManager: Shutting down and abandoning module Engine (16)
[2023.09.22-03.57.54:281][779]LogModuleManager: Shutting down and abandoning module CoreUObject (14)
[2023.09.22-03.57.54:281][779]LogModuleManager: Shutting down and abandoning module NetworkFile (12)
[2023.09.22-03.57.54:306][779]LogModuleManager: Shutting down and abandoning module CookedIterativeFile (10)
[2023.09.22-03.57.54:306][779]LogModuleManager: Shutting down and abandoning module StreamingFile (8)
[2023.09.22-03.57.54:326][779]LogModuleManager: Shutting down and abandoning module SandboxFile (6)
[2023.09.22-03.57.54:326][779]LogModuleManager: Shutting down and abandoning module PakFile (4)
[2023.09.22-03.57.54:349][779]LogModuleManager: Shutting down and abandoning module RSA (3)
[2023.09.22-03.57.54:467][779]LogExit: Exiting.
[2023.09.22-03.57.54:526][779]Log file closed, 09/22/23 12:57:54
