Log file open, 09/15/23 14:10:11
LogWindows: Failed to load 'aqProf.dll' (GetLastError=126)
LogWindows: File 'aqProf.dll' does not exist
LogWindows: Failed to load 'VtuneApi.dll' (GetLastError=126)
LogWindows: File 'VtuneApi.dll' does not exist
LogWindows: Failed to load 'VtuneApi32e.dll' (GetLastError=126)
LogWindows: File 'VtuneApi32e.dll' does not exist
LogConsoleResponse: Display: Failed to find resolution value strings in scalability ini. Falling back to default.
LogInit: Display: Running engine for game: SurvivalMazeExplorer
LogPakFile: Registered encryption key '00000000000000000000000000000000': 0 pak files mounted, 0 remain pending
LogPlatformFile: Not using cached read wrapper
LogTaskGraph: Started task graph with 5 named threads and 35 total threads with 3 sets of task threads.
LogStats: Stats thread started at 0.545270
LogD3D11RHI: Loaded GFSDK_Aftermath_Lib.x64.dll
LogICUInternationalization: ICU TimeZone Detection - Raw Offset: +9:00, Platform Override: ''
LogPluginManager: Mounting plugin Paper2D
LogPluginManager: Mounting plugin AISupport
LogPluginManager: Mounting plugin LightPropagationVolume
LogPluginManager: Mounting plugin ActorLayerUtilities
LogPluginManager: Mounting plugin AnimationSharing
LogPluginManager: Mounting plugin CLionSourceCodeAccess
LogPluginManager: Mounting plugin CodeLiteSourceCodeAccess
LogPluginManager: Mounting plugin GitSourceControl
LogPluginManager: Mounting plugin KDevelopSourceCodeAccess
LogPluginManager: Mounting plugin NullSourceCodeAccess
LogPluginManager: Mounting plugin PerforceSourceControl
LogPluginManager: Mounting plugin SubversionSourceControl
LogPluginManager: Mounting plugin UObjectPlugin
LogPluginManager: Mounting plugin VisualStudioCodeSourceCodeAccess
LogPluginManager: Mounting plugin VisualStudioSourceCodeAccess
LogPluginManager: Mounting plugin XCodeSourceCodeAccess
LogPluginManager: Mounting plugin AssetManagerEditor
LogPluginManager: Mounting plugin CryptoKeys
LogPluginManager: Mounting plugin DataValidation
LogPluginManager: Mounting plugin FacialAnimation
LogPluginManager: Mounting plugin GameplayTagsEditor
LogPluginManager: Mounting plugin MacGraphicsSwitching
LogPluginManager: Mounting plugin MaterialAnalyzer
LogPluginManager: Mounting plugin MobileLauncherProfileWizard
LogPluginManager: Mounting plugin PluginBrowser
LogPluginManager: Mounting plugin SpeedTreeImporter
LogPluginManager: Mounting plugin DatasmithContent
LogPluginManager: Mounting plugin VariantManagerContent
LogPluginManager: Mounting plugin AlembicImporter
LogPluginManager: Mounting plugin AppleImageUtils
LogPluginManager: Mounting plugin AppleVision
LogPluginManager: Mounting plugin BackChannel
LogPluginManager: Mounting plugin CharacterAI
LogPluginManager: Mounting plugin GeometryCache
LogPluginManager: Mounting plugin HTML5Networking
LogPluginManager: Mounting plugin ProxyLODPlugin
LogPluginManager: Mounting plugin SkeletalReduction
LogPluginManager: Mounting plugin MagicLeap
LogPluginManager: Mounting plugin MagicLeapMedia
LogPluginManager: Mounting plugin AndroidMedia
LogPluginManager: Mounting plugin AvfMedia
LogPluginManager: Mounting plugin ImgMedia
LogPluginManager: Mounting plugin LinearTimecode
LogPluginManager: Mounting plugin MediaCompositing
LogPluginManager: Mounting plugin MediaPlayerEditor
LogPluginManager: Mounting plugin WebMMedia
LogPluginManager: Mounting plugin WmfMedia
LogPluginManager: Mounting plugin TcpMessaging
LogPluginManager: Mounting plugin UdpMessaging
LogPluginManager: Mounting plugin ActorSequence
LogPluginManager: Mounting plugin LevelSequenceEditor
LogPluginManager: Mounting plugin MatineeToLevelSequence
LogPluginManager: Mounting plugin NetcodeUnitTest
LogPluginManager: Mounting plugin NUTUnrealEngine4
LogPluginManager: Mounting plugin OnlineSubsystemGooglePlay
LogPluginManager: Mounting plugin OnlineSubsystemIOS
LogPluginManager: Mounting plugin OnlineSubsystem
LogPluginManager: Mounting plugin OnlineSubsystemNull
LogPluginManager: Mounting plugin OnlineSubsystemUtils
LogPluginManager: Mounting plugin LauncherChunkInstaller
LogPluginManager: Mounting plugin AndroidDeviceProfileSelector
LogPluginManager: Mounting plugin AndroidMoviePlayer
LogPluginManager: Mounting plugin AndroidPermission
LogPluginManager: Mounting plugin AppleMoviePlayer
LogPluginManager: Mounting plugin ArchVisCharacter
LogPluginManager: Mounting plugin AudioCapture
LogPluginManager: Mounting plugin CableComponent
LogPluginManager: Mounting plugin CustomMeshComponent
LogPluginManager: Mounting plugin EditableMesh
LogPluginManager: Mounting plugin ExampleDeviceProfileSelector
LogPluginManager: Mounting plugin Firebase
LogPluginManager: Mounting plugin GoogleCloudMessaging
LogPluginManager: Mounting plugin IOSDeviceProfileSelector
LogPluginManager: Mounting plugin LinuxDeviceProfileSelector
LogPluginManager: Mounting plugin LocationServicesBPLibrary
LogPluginManager: Mounting plugin MobilePatchingUtils
LogPluginManager: Mounting plugin OculusVR
LogPluginManager: Mounting plugin PhysXVehicles
LogPluginManager: Mounting plugin ProceduralMeshComponent
LogPluginManager: Mounting plugin RuntimePhysXCooking
LogPluginManager: Mounting plugin SignificanceManager
LogPluginManager: Mounting plugin SteamVR
LogPluginManager: Mounting plugin WebMMoviePlayer
LogPluginManager: Mounting plugin WindowsMoviePlayer
LogInit: Using libcurl 7.55.1-DEV
LogInit:  - built for x86_64-pc-win32
LogInit:  - supports SSL with OpenSSL/1.1.1
LogInit:  - supports HTTP deflate (compression) using libz 1.2.8
LogInit:  - other features:
LogInit:      CURL_VERSION_SSL
LogInit:      CURL_VERSION_LIBZ
LogInit:      CURL_VERSION_IPV6
LogInit:      CURL_VERSION_ASYNCHDNS
LogInit:      CURL_VERSION_LARGEFILE
LogInit:      CURL_VERSION_IDN
LogInit:  CurlRequestOptions (configurable via config and command line):
LogInit:  - bVerifyPeer = true  - Libcurl will verify peer certificate
LogInit:  - bUseHttpProxy = false  - Libcurl will NOT use HTTP proxy
LogInit:  - bDontReuseConnections = false  - Libcurl will reuse connections
LogInit:  - MaxHostConnections = 16  - Libcurl will limit the number of connections to a host
LogInit:  - LocalHostAddr = Default
LogInit:  - BufferSize = 65536
LogInit: WinSock: version 1.1 (2.2), MaxSocks=32767, MaxUdp=65467
LogInit: Build: ++UE4+Release-4.22-CL-7053642
LogInit: Engine Version: 4.22.3-7053642+++UE4+Release-4.22
LogInit: Compatible Engine Version: 4.22.0-5660361+++UE4+Release-4.22
LogInit: Net CL: 5660361
LogInit: OS: Windows 10 (Release 2009) (), CPU: Intel(R) Core(TM) i7-8750H CPU @ 2.20GHz, GPU: Intel(R) UHD Graphics 630
LogInit: Compiled (64-bit): Jun 18 2019 03:09:11
LogInit: Compiled with Visual C++: 19.16.27025.01
LogInit: Build Configuration: Development
LogInit: Branch Name: ++UE4+Release-4.22
LogInit: Command Line: 
LogInit: Base Directory: D:/UE_4.22/Engine/Binaries/Win64/
LogInit: Installed Engine Build: 1
LogDevObjectVersion: Number of dev versions registered: 23
LogDevObjectVersion:   Dev-Blueprints (B0D832E4-1F89-4F0D-ACCF-7EB736FD4AA2): 10
LogDevObjectVersion:   Dev-Build (E1C64328-A22C-4D53-A36C-8E866417BD8C): 0
LogDevObjectVersion:   Dev-Core (375EC13C-06E4-48FB-B500-84F0262A717E): 3
LogDevObjectVersion:   Dev-Editor (E4B068ED-F494-42E9-A231-DA0B2E46BB41): 30
LogDevObjectVersion:   Dev-Framework (CFFC743F-43B0-4480-9391-14DF171D2073): 35
LogDevObjectVersion:   Dev-Mobile (B02B49B5-BB20-44E9-A304-32B752E40360): 2
LogDevObjectVersion:   Dev-Networking (A4E4105C-59A1-49B5-A7C5-40C4547EDFEE): 0
LogDevObjectVersion:   Dev-Online (39C831C9-5AE6-47DC-9A44-9C173E1C8E7C): 0
LogDevObjectVersion:   Dev-Physics (78F01B33-EBEA-4F98-B9B4-84EACCB95AA2): 0
LogDevObjectVersion:   Dev-Platform (6631380F-2D4D-43E0-8009-CF276956A95A): 0
LogDevObjectVersion:   Dev-Rendering (12F88B9F-8875-4AFC-A67C-D90C383ABD29): 28
LogDevObjectVersion:   Dev-Sequencer (7B5AE74C-D270-4C10-A958-57980B212A5A): 11
LogDevObjectVersion:   Dev-VR (D7296918-1DD6-4BDD-9DE2-64A83CC13884): 2
LogDevObjectVersion:   Dev-LoadTimes (C2A15278-BFE7-4AFE-6C17-90FF531DF755): 1
LogDevObjectVersion:   Private-Geometry (6EACA3D4-40EC-4CC1-B786-8BED09428FC5): 3
LogDevObjectVersion:   Dev-AnimPhys (29E575DD-E0A3-4627-9D10-D276232CDCEA): 17
LogDevObjectVersion:   Dev-Anim (AF43A65D-7FD3-4947-9873-3E8ED9C1BB05): 2
LogDevObjectVersion:   Dev-ReflectionCapture (6B266CEC-1EC7-4B8F-A30B-E4D90942FC07): 1
LogDevObjectVersion:   Dev-Automation (0DF73D61-A23F-47EA-B727-89E90C41499A): 1
LogDevObjectVersion:   FortniteMain (601D1886-AC64-4F84-AA16-D3DE0DEAC7D6): 25
LogDevObjectVersion:   Dev-Enterprise (9DFFBCD6-494F-0158-E221-12823C92A888): 6
LogDevObjectVersion:   Dev-Niagara (F2AED0AC-9AFE-416F-8664-AA7FFA26D6FC): 1
LogDevObjectVersion:   Dev-Destruction (174F1F0B-B4C6-45A5-B13F-2EE8D0FB917D): 2
LogInit: Presizing for max 16777216 objects, including 0 objects not considered by GC, pre-allocating 0 bytes for permanent pool.
LogInit: Object subsystem initialized
LogConfig: Setting CVar [[con.DebugEarlyDefault:1]]
LogConfig: Setting CVar [[r.setres:1280x720]]
[2023.09.15-05.10.11:958][  0]LogConfig: Setting CVar [[r.VSync:0]]
[2023.09.15-05.10.11:958][  0]LogConfig: Setting CVar [[r.RHICmdBypass:0]]
[2023.09.15-05.10.11:958][  0]LogConfig: Applying CVar settings from Section [/Script/Engine.RendererSettings] File [D:/Learn-Unreal-s-Blueprint-Visual-Scripting/9. AI 업그레이드/Saved/Config/Windows/Engine.ini]
[2023.09.15-05.10.11:958][  0]LogConfig: Setting CVar [[r.GPUCrashDebugging:0]]
[2023.09.15-05.10.11:958][  0]LogConfig: Applying CVar settings from Section [/Script/Engine.RendererOverrideSettings] File [D:/Learn-Unreal-s-Blueprint-Visual-Scripting/9. AI 업그레이드/Saved/Config/Windows/Engine.ini]
[2023.09.15-05.10.11:958][  0]LogConfig: Applying CVar settings from Section [/Script/Engine.StreamingSettings] File [D:/Learn-Unreal-s-Blueprint-Visual-Scripting/9. AI 업그레이드/Saved/Config/Windows/Engine.ini]
[2023.09.15-05.10.11:958][  0]LogConfig: Setting CVar [[s.MinBulkDataSizeForAsyncLoading:131072]]
[2023.09.15-05.10.11:958][  0]LogConfig: Setting CVar [[s.AsyncLoadingThreadEnabled:0]]
[2023.09.15-05.10.11:958][  0]LogConfig: Setting CVar [[s.EventDrivenLoaderEnabled:1]]
[2023.09.15-05.10.11:958][  0]LogConfig: Setting CVar [[s.WarnIfTimeLimitExceeded:0]]
[2023.09.15-05.10.11:958][  0]LogConfig: Setting CVar [[s.TimeLimitExceededMultiplier:1.5]]
[2023.09.15-05.10.11:958][  0]LogConfig: Setting CVar [[s.TimeLimitExceededMinTime:0.005]]
[2023.09.15-05.10.11:958][  0]LogConfig: Setting CVar [[s.UseBackgroundLevelStreaming:1]]
[2023.09.15-05.10.11:958][  0]LogConfig: Setting CVar [[s.PriorityAsyncLoadingExtraTime:15.0]]
[2023.09.15-05.10.11:958][  0]LogConfig: Setting CVar [[s.LevelStreamingActorsUpdateTimeLimit:5.0]]
[2023.09.15-05.10.11:958][  0]LogConfig: Setting CVar [[s.PriorityLevelStreamingActorsUpdateExtraTime:5.0]]
[2023.09.15-05.10.11:958][  0]LogConfig: Setting CVar [[s.LevelStreamingComponentsRegistrationGranularity:10]]
[2023.09.15-05.10.11:958][  0]LogConfig: Setting CVar [[s.UnregisterComponentsTimeLimit:1.0]]
[2023.09.15-05.10.11:958][  0]LogConfig: Setting CVar [[s.LevelStreamingComponentsUnregistrationGranularity:5]]
[2023.09.15-05.10.11:958][  0]LogConfig: Applying CVar settings from Section [/Script/Engine.GarbageCollectionSettings] File [D:/Learn-Unreal-s-Blueprint-Visual-Scripting/9. AI 업그레이드/Saved/Config/Windows/Engine.ini]
[2023.09.15-05.10.11:958][  0]LogConfig: Setting CVar [[gc.MaxObjectsNotConsideredByGC:1]]
[2023.09.15-05.10.11:958][  0]LogConfig: Setting CVar [[gc.SizeOfPermanentObjectPool:0]]
[2023.09.15-05.10.11:959][  0]LogConfig: Setting CVar [[gc.FlushStreamingOnGC:0]]
[2023.09.15-05.10.11:959][  0]LogConfig: Setting CVar [[gc.NumRetriesBeforeForcingGC:10]]
[2023.09.15-05.10.11:959][  0]LogConfig: Setting CVar [[gc.AllowParallelGC:1]]
[2023.09.15-05.10.11:959][  0]LogConfig: Setting CVar [[gc.TimeBetweenPurgingPendingKillObjects:61.1]]
[2023.09.15-05.10.11:959][  0]LogConfig: Setting CVar [[gc.MaxObjectsInEditor:16777216]]
[2023.09.15-05.10.11:959][  0]LogConfig: Setting CVar [[gc.IncrementalBeginDestroyEnabled:1]]
[2023.09.15-05.10.11:959][  0]LogConfig: Setting CVar [[gc.CreateGCClusters:1]]
[2023.09.15-05.10.11:959][  0]LogConfig: Setting CVar [[gc.MinGCClusterSize:5]]
[2023.09.15-05.10.11:959][  0]LogConfig: Setting CVar [[gc.ActorClusteringEnabled:0]]
[2023.09.15-05.10.11:959][  0]LogConfig: Setting CVar [[gc.BlueprintClusteringEnabled:0]]
[2023.09.15-05.10.11:959][  0]LogConfig: Setting CVar [[gc.UseDisregardForGCOnDedicatedServers:0]]
[2023.09.15-05.10.11:959][  0]LogConfig: Applying CVar settings from Section [/Script/Engine.NetworkSettings] File [D:/Learn-Unreal-s-Blueprint-Visual-Scripting/9. AI 업그레이드/Saved/Config/Windows/Engine.ini]
[2023.09.15-05.10.11:959][  0]LogConfig: Applying CVar settings from Section [/Script/UnrealEd.CookerSettings] File [D:/Learn-Unreal-s-Blueprint-Visual-Scripting/9. AI 업그레이드/Saved/Config/Windows/Engine.ini]
[2023.09.15-05.10.11:960][  0]LogConfig: Applying CVar settings from Section [ViewDistanceQuality@3] File [D:/Learn-Unreal-s-Blueprint-Visual-Scripting/9. AI 업그레이드/Saved/Config/Windows/Scalability.ini]
[2023.09.15-05.10.11:960][  0]LogConfig: Setting CVar [[r.SkeletalMeshLODBias:0]]
[2023.09.15-05.10.11:960][  0]LogConfig: Setting CVar [[r.ViewDistanceScale:1.0]]
[2023.09.15-05.10.11:960][  0]LogConfig: Applying CVar settings from Section [AntiAliasingQuality@3] File [D:/Learn-Unreal-s-Blueprint-Visual-Scripting/9. AI 업그레이드/Saved/Config/Windows/Scalability.ini]
[2023.09.15-05.10.11:960][  0]LogConfig: Setting CVar [[r.PostProcessAAQuality:4]]
[2023.09.15-05.10.11:960][  0]LogConfig: Applying CVar settings from Section [ShadowQuality@3] File [D:/Learn-Unreal-s-Blueprint-Visual-Scripting/9. AI 업그레이드/Saved/Config/Windows/Scalability.ini]
[2023.09.15-05.10.11:960][  0]LogConfig: Setting CVar [[r.LightFunctionQuality:1]]
[2023.09.15-05.10.11:960][  0]LogConfig: Setting CVar [[r.ShadowQuality:5]]
[2023.09.15-05.10.11:960][  0]LogConfig: Setting CVar [[r.Shadow.CSM.MaxCascades:10]]
[2023.09.15-05.10.11:960][  0]LogConfig: Setting CVar [[r.Shadow.MaxResolution:2048]]
[2023.09.15-05.10.11:960][  0]LogConfig: Setting CVar [[r.Shadow.MaxCSMResolution:2048]]
[2023.09.15-05.10.11:960][  0]LogConfig: Setting CVar [[r.Shadow.RadiusThreshold:0.01]]
[2023.09.15-05.10.11:960][  0]LogConfig: Setting CVar [[r.Shadow.DistanceScale:1.0]]
[2023.09.15-05.10.11:960][  0]LogConfig: Setting CVar [[r.Shadow.CSM.TransitionScale:1.0]]
[2023.09.15-05.10.11:960][  0]LogConfig: Setting CVar [[r.Shadow.PreShadowResolutionFactor:1.0]]
[2023.09.15-05.10.11:960][  0]LogConfig: Setting CVar [[r.DistanceFieldShadowing:1]]
[2023.09.15-05.10.11:960][  0]LogConfig: Setting CVar [[r.DistanceFieldAO:1]]
[2023.09.15-05.10.11:960][  0]LogConfig: Setting CVar [[r.AOQuality:2]]
[2023.09.15-05.10.11:961][  0]LogConfig: Setting CVar [[r.VolumetricFog:1]]
[2023.09.15-05.10.11:961][  0]LogConfig: Setting CVar [[r.VolumetricFog.GridPixelSize:8]]
[2023.09.15-05.10.11:961][  0]LogConfig: Setting CVar [[r.VolumetricFog.GridSizeZ:128]]
[2023.09.15-05.10.11:961][  0]LogConfig: Setting CVar [[r.VolumetricFog.HistoryMissSupersampleCount:4]]
[2023.09.15-05.10.11:961][  0]LogConfig: Setting CVar [[r.LightMaxDrawDistanceScale:1]]
[2023.09.15-05.10.11:961][  0]LogConfig: Setting CVar [[r.CapsuleShadows:1]]
[2023.09.15-05.10.11:961][  0]LogConfig: Applying CVar settings from Section [PostProcessQuality@3] File [D:/Learn-Unreal-s-Blueprint-Visual-Scripting/9. AI 업그레이드/Saved/Config/Windows/Scalability.ini]
[2023.09.15-05.10.11:961][  0]LogConfig: Setting CVar [[r.MotionBlurQuality:4]]
[2023.09.15-05.10.11:961][  0]LogConfig: Setting CVar [[r.AmbientOcclusionMipLevelFactor:0.4]]
[2023.09.15-05.10.11:961][  0]LogConfig: Setting CVar [[r.AmbientOcclusionMaxQuality:100]]
[2023.09.15-05.10.11:961][  0]LogConfig: Setting CVar [[r.AmbientOcclusionLevels:-1]]
[2023.09.15-05.10.11:961][  0]LogConfig: Setting CVar [[r.AmbientOcclusionRadiusScale:1.0]]
[2023.09.15-05.10.11:961][  0]LogConfig: Setting CVar [[r.DepthOfFieldQuality:2]]
[2023.09.15-05.10.11:961][  0]LogConfig: Setting CVar [[r.RenderTargetPoolMin:400]]
[2023.09.15-05.10.11:961][  0]LogConfig: Setting CVar [[r.LensFlareQuality:2]]
[2023.09.15-05.10.11:961][  0]LogConfig: Setting CVar [[r.SceneColorFringeQuality:1]]
[2023.09.15-05.10.11:961][  0]LogConfig: Setting CVar [[r.EyeAdaptationQuality:2]]
[2023.09.15-05.10.11:961][  0]LogConfig: Setting CVar [[r.BloomQuality:5]]
[2023.09.15-05.10.11:961][  0]LogConfig: Setting CVar [[r.FastBlurThreshold:100]]
[2023.09.15-05.10.11:961][  0]LogConfig: Setting CVar [[r.Upscale.Quality:3]]
[2023.09.15-05.10.11:961][  0]LogConfig: Setting CVar [[r.Tonemapper.GrainQuantization:1]]
[2023.09.15-05.10.11:961][  0]LogConfig: Setting CVar [[r.LightShaftQuality:1]]
[2023.09.15-05.10.11:961][  0]LogConfig: Setting CVar [[r.Filter.SizeScale:1]]
[2023.09.15-05.10.11:961][  0]LogConfig: Setting CVar [[r.Tonemapper.Quality:5]]
[2023.09.15-05.10.11:961][  0]LogConfig: Setting CVar [[r.DOF.Gather.AccumulatorQuality:1        ; higher gathering accumulator quality]]
[2023.09.15-05.10.11:961][  0]LogConfig: Setting CVar [[r.DOF.Gather.PostfilterMethod:1          ; Median3x3 postfilering method]]
[2023.09.15-05.10.11:961][  0]LogConfig: Setting CVar [[r.DOF.Gather.EnableBokehSettings:0       ; no bokeh simulation when gathering]]
[2023.09.15-05.10.11:961][  0]LogConfig: Setting CVar [[r.DOF.Gather.RingCount:4                 ; medium number of samples when gathering]]
[2023.09.15-05.10.11:961][  0]LogConfig: Setting CVar [[r.DOF.Scatter.ForegroundCompositing:1    ; additive foreground scattering]]
[2023.09.15-05.10.11:961][  0]LogConfig: Setting CVar [[r.DOF.Scatter.BackgroundCompositing:2    ; additive background scattering]]
[2023.09.15-05.10.11:961][  0]LogConfig: Setting CVar [[r.DOF.Scatter.EnableBokehSettings:1      ; bokeh simulation when scattering]]
[2023.09.15-05.10.11:961][  0]LogConfig: Setting CVar [[r.DOF.Scatter.MaxSpriteRatio:0.1         ; only a maximum of 10% of scattered bokeh]]
[2023.09.15-05.10.11:961][  0]LogConfig: Setting CVar [[r.DOF.Recombine.Quality:1                ; cheap slight out of focus]]
[2023.09.15-05.10.11:961][  0]LogConfig: Setting CVar [[r.DOF.Recombine.EnableBokehSettings:0    ; no bokeh simulation on slight out of focus]]
[2023.09.15-05.10.11:961][  0]LogConfig: Setting CVar [[r.DOF.TemporalAAQuality:1                ; more stable temporal accumulation]]
[2023.09.15-05.10.11:961][  0]LogConfig: Setting CVar [[r.DOF.Kernel.MaxForegroundRadius:0.025]]
[2023.09.15-05.10.11:961][  0]LogConfig: Setting CVar [[r.DOF.Kernel.MaxBackgroundRadius:0.025]]
[2023.09.15-05.10.11:961][  0]LogConfig: Applying CVar settings from Section [TextureQuality@3] File [D:/Learn-Unreal-s-Blueprint-Visual-Scripting/9. AI 업그레이드/Saved/Config/Windows/Scalability.ini]
[2023.09.15-05.10.11:961][  0]LogConfig: Setting CVar [[r.Streaming.MipBias:0]]
[2023.09.15-05.10.11:961][  0]LogConfig: Setting CVar [[r.Streaming.AmortizeCPUToGPUCopy:0]]
[2023.09.15-05.10.11:961][  0]LogConfig: Setting CVar [[r.Streaming.MaxNumTexturesToStreamPerFrame:0]]
[2023.09.15-05.10.11:961][  0]LogConfig: Setting CVar [[r.Streaming.Boost:1]]
[2023.09.15-05.10.11:961][  0]LogConfig: Setting CVar [[r.MaxAnisotropy:8]]
[2023.09.15-05.10.11:961][  0]LogConfig: Setting CVar [[r.Streaming.LimitPoolSizeToVRAM:0]]
[2023.09.15-05.10.11:961][  0]LogConfig: Setting CVar [[r.Streaming.PoolSize:1000]]
[2023.09.15-05.10.11:961][  0]LogConfig: Setting CVar [[r.Streaming.MaxEffectiveScreenSize:0]]
[2023.09.15-05.10.11:961][  0]LogConfig: Applying CVar settings from Section [EffectsQuality@3] File [D:/Learn-Unreal-s-Blueprint-Visual-Scripting/9. AI 업그레이드/Saved/Config/Windows/Scalability.ini]
[2023.09.15-05.10.11:961][  0]LogConfig: Setting CVar [[r.TranslucencyLightingVolumeDim:64]]
[2023.09.15-05.10.11:961][  0]LogConfig: Setting CVar [[r.RefractionQuality:2]]
[2023.09.15-05.10.11:961][  0]LogConfig: Setting CVar [[r.SSR.Quality:3]]
[2023.09.15-05.10.11:961][  0]LogConfig: Setting CVar [[r.SceneColorFormat:4]]
[2023.09.15-05.10.11:961][  0]LogConfig: Setting CVar [[r.DetailMode:2]]
[2023.09.15-05.10.11:961][  0]LogConfig: Setting CVar [[r.TranslucencyVolumeBlur:1]]
[2023.09.15-05.10.11:961][  0]LogConfig: Setting CVar [[r.MaterialQualityLevel:1 ; High quality]]
[2023.09.15-05.10.11:961][  0]LogConfig: Setting CVar [[r.SSS.Scale:1]]
[2023.09.15-05.10.11:961][  0]LogConfig: Setting CVar [[r.SSS.SampleSet:2]]
[2023.09.15-05.10.11:961][  0]LogConfig: Setting CVar [[r.SSS.Quality:1]]
[2023.09.15-05.10.11:961][  0]LogConfig: Setting CVar [[r.SSS.HalfRes:1]]
[2023.09.15-05.10.11:961][  0]LogConfig: Setting CVar [[r.EmitterSpawnRateScale:1.0]]
[2023.09.15-05.10.11:961][  0]LogConfig: Setting CVar [[r.ParticleLightQuality:2]]
[2023.09.15-05.10.11:961][  0]LogConfig: Applying CVar settings from Section [FoliageQuality@3] File [D:/Learn-Unreal-s-Blueprint-Visual-Scripting/9. AI 업그레이드/Saved/Config/Windows/Scalability.ini]
[2023.09.15-05.10.11:961][  0]LogConfig: Setting CVar [[foliage.DensityScale:1.0]]
[2023.09.15-05.10.11:961][  0]LogConfig: Setting CVar [[grass.DensityScale:1.0]]
[2023.09.15-05.10.11:961][  0]LogInit: Selected Device Profile: [Windows]
[2023.09.15-05.10.11:961][  0]LogInit: Applying CVar settings loaded from the selected device profile: [Windows]
[2023.09.15-05.10.11:968][  0]LogHAL: Display: Platform has ~ 16 GB [17016332288 / 17179869184 / 16], which maps to Larger [LargestMinGB=32, LargerMinGB=12, DefaultMinGB=8, SmallerMinGB=6, SmallestMinGB=0)
[2023.09.15-05.10.11:968][  0]LogConfig: Setting CVar [[r.Vulkan.UseRealUBs:0		; Required until we fix HLR fall-out]]
[2023.09.15-05.10.11:968][  0]LogInit: Going up to parent DeviceProfile []
[2023.09.15-05.10.11:968][  0]LogConfig: Applying CVar settings from Section [ViewDistanceQuality@3] File [D:/Learn-Unreal-s-Blueprint-Visual-Scripting/9. AI 업그레이드/Saved/Config/Windows/Scalability.ini]
[2023.09.15-05.10.11:968][  0]LogConfig: Setting CVar [[r.SkeletalMeshLODBias:0]]
[2023.09.15-05.10.11:968][  0]LogConfig: Setting CVar [[r.ViewDistanceScale:1.0]]
[2023.09.15-05.10.11:968][  0]LogConfig: Applying CVar settings from Section [AntiAliasingQuality@3] File [D:/Learn-Unreal-s-Blueprint-Visual-Scripting/9. AI 업그레이드/Saved/Config/Windows/Scalability.ini]
[2023.09.15-05.10.11:968][  0]LogConfig: Setting CVar [[r.PostProcessAAQuality:4]]
[2023.09.15-05.10.11:968][  0]LogConfig: Applying CVar settings from Section [ShadowQuality@3] File [D:/Learn-Unreal-s-Blueprint-Visual-Scripting/9. AI 업그레이드/Saved/Config/Windows/Scalability.ini]
[2023.09.15-05.10.11:968][  0]LogConfig: Setting CVar [[r.LightFunctionQuality:1]]
[2023.09.15-05.10.11:968][  0]LogConfig: Setting CVar [[r.ShadowQuality:5]]
[2023.09.15-05.10.11:968][  0]LogConfig: Setting CVar [[r.Shadow.CSM.MaxCascades:10]]
[2023.09.15-05.10.11:968][  0]LogConfig: Setting CVar [[r.Shadow.MaxResolution:2048]]
[2023.09.15-05.10.11:968][  0]LogConfig: Setting CVar [[r.Shadow.MaxCSMResolution:2048]]
[2023.09.15-05.10.11:968][  0]LogConfig: Setting CVar [[r.Shadow.RadiusThreshold:0.01]]
[2023.09.15-05.10.11:968][  0]LogConfig: Setting CVar [[r.Shadow.DistanceScale:1.0]]
[2023.09.15-05.10.11:968][  0]LogConfig: Setting CVar [[r.Shadow.CSM.TransitionScale:1.0]]
[2023.09.15-05.10.11:968][  0]LogConfig: Setting CVar [[r.Shadow.PreShadowResolutionFactor:1.0]]
[2023.09.15-05.10.11:968][  0]LogConfig: Setting CVar [[r.DistanceFieldShadowing:1]]
[2023.09.15-05.10.11:968][  0]LogConfig: Setting CVar [[r.DistanceFieldAO:1]]
[2023.09.15-05.10.11:968][  0]LogConfig: Setting CVar [[r.AOQuality:2]]
[2023.09.15-05.10.11:968][  0]LogConfig: Setting CVar [[r.VolumetricFog:1]]
[2023.09.15-05.10.11:968][  0]LogConfig: Setting CVar [[r.VolumetricFog.GridPixelSize:8]]
[2023.09.15-05.10.11:968][  0]LogConfig: Setting CVar [[r.VolumetricFog.GridSizeZ:128]]
[2023.09.15-05.10.11:968][  0]LogConfig: Setting CVar [[r.VolumetricFog.HistoryMissSupersampleCount:4]]
[2023.09.15-05.10.11:968][  0]LogConfig: Setting CVar [[r.LightMaxDrawDistanceScale:1]]
[2023.09.15-05.10.11:968][  0]LogConfig: Setting CVar [[r.CapsuleShadows:1]]
[2023.09.15-05.10.11:968][  0]LogConfig: Applying CVar settings from Section [PostProcessQuality@3] File [D:/Learn-Unreal-s-Blueprint-Visual-Scripting/9. AI 업그레이드/Saved/Config/Windows/Scalability.ini]
[2023.09.15-05.10.11:968][  0]LogConfig: Setting CVar [[r.MotionBlurQuality:4]]
[2023.09.15-05.10.11:968][  0]LogConfig: Setting CVar [[r.AmbientOcclusionMipLevelFactor:0.4]]
[2023.09.15-05.10.11:968][  0]LogConfig: Setting CVar [[r.AmbientOcclusionMaxQuality:100]]
[2023.09.15-05.10.11:968][  0]LogConfig: Setting CVar [[r.AmbientOcclusionLevels:-1]]
[2023.09.15-05.10.11:968][  0]LogConfig: Setting CVar [[r.AmbientOcclusionRadiusScale:1.0]]
[2023.09.15-05.10.11:968][  0]LogConfig: Setting CVar [[r.DepthOfFieldQuality:2]]
[2023.09.15-05.10.11:968][  0]LogConfig: Setting CVar [[r.RenderTargetPoolMin:400]]
[2023.09.15-05.10.11:968][  0]LogConfig: Setting CVar [[r.LensFlareQuality:2]]
[2023.09.15-05.10.11:968][  0]LogConfig: Setting CVar [[r.SceneColorFringeQuality:1]]
[2023.09.15-05.10.11:968][  0]LogConfig: Setting CVar [[r.EyeAdaptationQuality:2]]
[2023.09.15-05.10.11:968][  0]LogConfig: Setting CVar [[r.BloomQuality:5]]
[2023.09.15-05.10.11:968][  0]LogConfig: Setting CVar [[r.FastBlurThreshold:100]]
[2023.09.15-05.10.11:968][  0]LogConfig: Setting CVar [[r.Upscale.Quality:3]]
[2023.09.15-05.10.11:968][  0]LogConfig: Setting CVar [[r.Tonemapper.GrainQuantization:1]]
[2023.09.15-05.10.11:968][  0]LogConfig: Setting CVar [[r.LightShaftQuality:1]]
[2023.09.15-05.10.11:968][  0]LogConfig: Setting CVar [[r.Filter.SizeScale:1]]
[2023.09.15-05.10.11:968][  0]LogConfig: Setting CVar [[r.Tonemapper.Quality:5]]
[2023.09.15-05.10.11:968][  0]LogConfig: Setting CVar [[r.DOF.Gather.AccumulatorQuality:1        ; higher gathering accumulator quality]]
[2023.09.15-05.10.11:969][  0]LogConfig: Setting CVar [[r.DOF.Gather.PostfilterMethod:1          ; Median3x3 postfilering method]]
[2023.09.15-05.10.11:969][  0]LogConfig: Setting CVar [[r.DOF.Gather.EnableBokehSettings:0       ; no bokeh simulation when gathering]]
[2023.09.15-05.10.11:969][  0]LogConfig: Setting CVar [[r.DOF.Gather.RingCount:4                 ; medium number of samples when gathering]]
[2023.09.15-05.10.11:969][  0]LogConfig: Setting CVar [[r.DOF.Scatter.ForegroundCompositing:1    ; additive foreground scattering]]
[2023.09.15-05.10.11:969][  0]LogConfig: Setting CVar [[r.DOF.Scatter.BackgroundCompositing:2    ; additive background scattering]]
[2023.09.15-05.10.11:969][  0]LogConfig: Setting CVar [[r.DOF.Scatter.EnableBokehSettings:1      ; bokeh simulation when scattering]]
[2023.09.15-05.10.11:969][  0]LogConfig: Setting CVar [[r.DOF.Scatter.MaxSpriteRatio:0.1         ; only a maximum of 10% of scattered bokeh]]
[2023.09.15-05.10.11:969][  0]LogConfig: Setting CVar [[r.DOF.Recombine.Quality:1                ; cheap slight out of focus]]
[2023.09.15-05.10.11:969][  0]LogConfig: Setting CVar [[r.DOF.Recombine.EnableBokehSettings:0    ; no bokeh simulation on slight out of focus]]
[2023.09.15-05.10.11:969][  0]LogConfig: Setting CVar [[r.DOF.TemporalAAQuality:1                ; more stable temporal accumulation]]
[2023.09.15-05.10.11:969][  0]LogConfig: Setting CVar [[r.DOF.Kernel.MaxForegroundRadius:0.025]]
[2023.09.15-05.10.11:969][  0]LogConfig: Setting CVar [[r.DOF.Kernel.MaxBackgroundRadius:0.025]]
[2023.09.15-05.10.11:969][  0]LogConfig: Applying CVar settings from Section [TextureQuality@3] File [D:/Learn-Unreal-s-Blueprint-Visual-Scripting/9. AI 업그레이드/Saved/Config/Windows/Scalability.ini]
[2023.09.15-05.10.11:969][  0]LogConfig: Setting CVar [[r.Streaming.MipBias:0]]
[2023.09.15-05.10.11:969][  0]LogConfig: Setting CVar [[r.Streaming.AmortizeCPUToGPUCopy:0]]
[2023.09.15-05.10.11:969][  0]LogConfig: Setting CVar [[r.Streaming.MaxNumTexturesToStreamPerFrame:0]]
[2023.09.15-05.10.11:969][  0]LogConfig: Setting CVar [[r.Streaming.Boost:1]]
[2023.09.15-05.10.11:969][  0]LogConfig: Setting CVar [[r.MaxAnisotropy:8]]
[2023.09.15-05.10.11:969][  0]LogConfig: Setting CVar [[r.Streaming.LimitPoolSizeToVRAM:0]]
[2023.09.15-05.10.11:969][  0]LogConfig: Setting CVar [[r.Streaming.PoolSize:1000]]
[2023.09.15-05.10.11:969][  0]LogConfig: Setting CVar [[r.Streaming.MaxEffectiveScreenSize:0]]
[2023.09.15-05.10.11:969][  0]LogConfig: Applying CVar settings from Section [EffectsQuality@3] File [D:/Learn-Unreal-s-Blueprint-Visual-Scripting/9. AI 업그레이드/Saved/Config/Windows/Scalability.ini]
[2023.09.15-05.10.11:969][  0]LogConfig: Setting CVar [[r.TranslucencyLightingVolumeDim:64]]
[2023.09.15-05.10.11:969][  0]LogConfig: Setting CVar [[r.RefractionQuality:2]]
[2023.09.15-05.10.11:969][  0]LogConfig: Setting CVar [[r.SSR.Quality:3]]
[2023.09.15-05.10.11:969][  0]LogConfig: Setting CVar [[r.SceneColorFormat:4]]
[2023.09.15-05.10.11:969][  0]LogConfig: Setting CVar [[r.DetailMode:2]]
[2023.09.15-05.10.11:969][  0]LogConfig: Setting CVar [[r.TranslucencyVolumeBlur:1]]
[2023.09.15-05.10.11:969][  0]LogConfig: Setting CVar [[r.MaterialQualityLevel:1 ; High quality]]
[2023.09.15-05.10.11:969][  0]LogConfig: Setting CVar [[r.SSS.Scale:1]]
[2023.09.15-05.10.11:969][  0]LogConfig: Setting CVar [[r.SSS.SampleSet:2]]
[2023.09.15-05.10.11:969][  0]LogConfig: Setting CVar [[r.SSS.Quality:1]]
[2023.09.15-05.10.11:969][  0]LogConfig: Setting CVar [[r.SSS.HalfRes:1]]
[2023.09.15-05.10.11:969][  0]LogConfig: Setting CVar [[r.EmitterSpawnRateScale:1.0]]
[2023.09.15-05.10.11:969][  0]LogConfig: Setting CVar [[r.ParticleLightQuality:2]]
[2023.09.15-05.10.11:969][  0]LogConfig: Applying CVar settings from Section [FoliageQuality@3] File [D:/Learn-Unreal-s-Blueprint-Visual-Scripting/9. AI 업그레이드/Saved/Config/Windows/Scalability.ini]
[2023.09.15-05.10.11:969][  0]LogConfig: Setting CVar [[foliage.DensityScale:1.0]]
[2023.09.15-05.10.11:969][  0]LogConfig: Setting CVar [[grass.DensityScale:1.0]]
[2023.09.15-05.10.11:969][  0]LogConfig: Applying CVar settings from Section [Startup] File [../../../Engine/Config/ConsoleVariables.ini]
[2023.09.15-05.10.11:969][  0]LogConfig: Setting CVar [[net.UseAdaptiveNetUpdateFrequency:0]]
[2023.09.15-05.10.11:969][  0]LogConfig: Setting CVar [[p.chaos.AllowCreatePhysxBodies:1]]
[2023.09.15-05.10.11:969][  0]LogConfig: Applying CVar settings from Section [ConsoleVariables] File [D:/Learn-Unreal-s-Blueprint-Visual-Scripting/9. AI 업그레이드/Saved/Config/Windows/Engine.ini]
[2023.09.15-05.10.11:969][  0]LogInit: Computer: DESKTOP-FVBURUN
[2023.09.15-05.10.11:969][  0]LogInit: User: MDC
[2023.09.15-05.10.11:969][  0]LogInit: CPU Page size=4096, Cores=6
[2023.09.15-05.10.11:969][  0]LogInit: High frequency timer resolution =10.000000 MHz
[2023.09.15-05.10.11:969][  0]LogMemory: Memory total: Physical=15.8GB (16GB approx)
[2023.09.15-05.10.11:969][  0]LogMemory: Platform Memory Stats for Windows
[2023.09.15-05.10.11:969][  0]LogMemory: Process Physical Memory: 99.08 MB used, 99.08 MB peak
[2023.09.15-05.10.11:969][  0]LogMemory: Process Virtual Memory: 89.91 MB used, 89.91 MB peak
[2023.09.15-05.10.11:969][  0]LogMemory: Physical Memory: 7415.96 MB used,  8812.07 MB free, 16228.04 MB total
[2023.09.15-05.10.11:969][  0]LogMemory: Virtual Memory: 4668.27 MB used,  134213056.00 MB free, 134217728.00 MB total
[2023.09.15-05.10.12:010][  0]LogInit: Using OS detected language (ko-KR).
[2023.09.15-05.10.12:010][  0]LogInit: Using OS detected locale (ko-KR).
[2023.09.15-05.10.12:011][  0]LogTextLocalizationManager: No specific localization for 'ko-KR' exists, so the 'ko' localization will be used.
[2023.09.15-05.10.12:077][  0]LogInit: Setting process to per monitor DPI aware
[2023.09.15-05.10.12:103][  0]LogSlate: New Slate User Created.  User Index 0, Is Virtual User: 0
[2023.09.15-05.10.12:103][  0]LogSlate: Slate User Registered.  User Index 0, Is Virtual User: 0
[2023.09.15-05.10.12:306][  0]LogHMD: Failed to initialize OpenVR with code 110
[2023.09.15-05.10.12:306][  0]LogD3D11RHI: D3D11 adapters:
[2023.09.15-05.10.12:433][  0]LogD3D11RHI:    0. 'NVIDIA GeForce GTX 1060' (Feature Level 11_0)
[2023.09.15-05.10.12:433][  0]LogD3D11RHI:       6043/0/8114 MB DedicatedVideo/DedicatedSystem/SharedSystem, Outputs:1, VendorId:0x10de
[2023.09.15-05.10.12:460][  0]LogD3D11RHI:    1. 'Intel(R) UHD Graphics 630' (Feature Level 11_0)
[2023.09.15-05.10.12:460][  0]LogD3D11RHI:       128/0/8114 MB DedicatedVideo/DedicatedSystem/SharedSystem, Outputs:0, VendorId:0x8086
[2023.09.15-05.10.12:462][  0]LogD3D11RHI:    2. 'Microsoft Basic Render Driver' (Feature Level 11_0)
[2023.09.15-05.10.12:462][  0]LogD3D11RHI:       0/0/8114 MB DedicatedVideo/DedicatedSystem/SharedSystem, Outputs:0, VendorId:0x1414
[2023.09.15-05.10.12:462][  0]LogD3D11RHI: Chosen D3D11 Adapter: 0
[2023.09.15-05.10.12:468][  0]LogD3D11RHI: Creating new Direct3DDevice
[2023.09.15-05.10.12:468][  0]LogD3D11RHI:     GPU DeviceId: 0x1c20 (for the marketing name, search the web for "GPU Device Id")
[2023.09.15-05.10.12:468][  0]LogWindows: EnumDisplayDevices:
[2023.09.15-05.10.12:468][  0]LogWindows:    0. 'Intel(R) UHD Graphics 630' (P:1 D:1)
[2023.09.15-05.10.12:468][  0]LogWindows:    1. 'Intel(R) UHD Graphics 630' (P:0 D:0)
[2023.09.15-05.10.12:469][  0]LogWindows:    2. 'Intel(R) UHD Graphics 630' (P:0 D:0)
[2023.09.15-05.10.12:469][  0]LogWindows:    3. 'NVIDIA GeForce GTX 1060' (P:0 D:0)
[2023.09.15-05.10.12:469][  0]LogWindows:    4. 'NVIDIA GeForce GTX 1060' (P:0 D:0)
[2023.09.15-05.10.12:469][  0]LogWindows:    5. 'NVIDIA GeForce GTX 1060' (P:0 D:0)
[2023.09.15-05.10.12:470][  0]LogWindows:    6. 'NVIDIA GeForce GTX 1060' (P:0 D:0)
[2023.09.15-05.10.12:470][  0]LogWindows: DebugString: PrimaryIsNotTheChoosenAdapter PrimaryIsNotTheChoosenAdapter PrimaryIsNotTheChoosenAdapter FoundDriverCount:4 
[2023.09.15-05.10.12:470][  0]LogD3D11RHI:     Adapter Name: NVIDIA GeForce GTX 1060
[2023.09.15-05.10.12:470][  0]LogD3D11RHI:   Driver Version: 536.99 (internal:31.0.15.3699, unified:536.99)
[2023.09.15-05.10.12:470][  0]LogD3D11RHI:      Driver Date: 8-4-2023
[2023.09.15-05.10.12:470][  0]LogRHI: Texture pool is 4230 MB (70% of 6043 MB)
[2023.09.15-05.10.12:534][  0]LogD3D11RHI: Async texture creation enabled
[2023.09.15-05.10.12:539][  0]LogRendererCore: FGlobalReadBuffer::InitRHI
[2023.09.15-05.10.12:539][  0]LogRendererCore: FGlobalReadBuffer::InitRHI
[2023.09.15-05.10.12:539][  0]LogRendererCore: FGlobalReadBuffer::InitRHI
[2023.09.15-05.10.12:548][  0]LogD3D11RHI: GPU Timing Frequency: 1000.000000 (Debug: 2 1)
[2023.09.15-05.10.12:844][  0]LogTemp: Display: Module 'AllDesktopTargetPlatform' loaded TargetPlatform 'AllDesktop'
[2023.09.15-05.10.12:855][  0]LogTemp: Display: Module 'MacClientTargetPlatform' loaded TargetPlatform 'MacClient'
[2023.09.15-05.10.12:867][  0]LogTemp: Display: Module 'MacNoEditorTargetPlatform' loaded TargetPlatform 'MacNoEditor'
[2023.09.15-05.10.12:879][  0]LogTemp: Display: Module 'MacServerTargetPlatform' loaded TargetPlatform 'MacServer'
[2023.09.15-05.10.12:890][  0]LogTemp: Display: Module 'MacTargetPlatform' loaded TargetPlatform 'Mac'
[2023.09.15-05.10.12:901][  0]LogTemp: Display: Module 'WindowsClientTargetPlatform' loaded TargetPlatform 'WindowsClient'
[2023.09.15-05.10.12:913][  0]LogTemp: Display: Module 'WindowsNoEditorTargetPlatform' loaded TargetPlatform 'WindowsNoEditor'
[2023.09.15-05.10.12:924][  0]LogTemp: Display: Module 'WindowsServerTargetPlatform' loaded TargetPlatform 'WindowsServer'
[2023.09.15-05.10.12:928][  0]LogTemp: Display: Module 'WindowsTargetPlatform' loaded TargetPlatform 'Windows'
[2023.09.15-05.10.13:012][  0]LogTemp: Display: Module 'AndroidTargetPlatform' loaded TargetPlatform 'Android'
[2023.09.15-05.10.13:013][  0]LogTemp: Display: Module 'AndroidTargetPlatform' loaded TargetPlatform 'Android_ASTC'
[2023.09.15-05.10.13:013][  0]LogTemp: Display: Module 'AndroidTargetPlatform' loaded TargetPlatform 'Android_ATC'
[2023.09.15-05.10.13:013][  0]LogTemp: Display: Module 'AndroidTargetPlatform' loaded TargetPlatform 'Android_DXT'
[2023.09.15-05.10.13:013][  0]LogTemp: Display: Module 'AndroidTargetPlatform' loaded TargetPlatform 'Android_ETC1'
[2023.09.15-05.10.13:013][  0]LogTemp: Display: Module 'AndroidTargetPlatform' loaded TargetPlatform 'Android_ETC1a'
[2023.09.15-05.10.13:013][  0]LogTemp: Display: Module 'AndroidTargetPlatform' loaded TargetPlatform 'Android_ETC2'
[2023.09.15-05.10.13:013][  0]LogTemp: Display: Module 'AndroidTargetPlatform' loaded TargetPlatform 'Android_PVRTC'
[2023.09.15-05.10.13:013][  0]LogTemp: Display: Module 'AndroidTargetPlatform' loaded TargetPlatform 'AndroidClient'
[2023.09.15-05.10.13:013][  0]LogTemp: Display: Module 'AndroidTargetPlatform' loaded TargetPlatform 'Android_ASTCClient'
[2023.09.15-05.10.13:013][  0]LogTemp: Display: Module 'AndroidTargetPlatform' loaded TargetPlatform 'Android_ATCClient'
[2023.09.15-05.10.13:013][  0]LogTemp: Display: Module 'AndroidTargetPlatform' loaded TargetPlatform 'Android_DXTClient'
[2023.09.15-05.10.13:013][  0]LogTemp: Display: Module 'AndroidTargetPlatform' loaded TargetPlatform 'Android_ETC1Client'
[2023.09.15-05.10.13:013][  0]LogTemp: Display: Module 'AndroidTargetPlatform' loaded TargetPlatform 'Android_ETC1aClient'
[2023.09.15-05.10.13:013][  0]LogTemp: Display: Module 'AndroidTargetPlatform' loaded TargetPlatform 'Android_ETC2Client'
[2023.09.15-05.10.13:013][  0]LogTemp: Display: Module 'AndroidTargetPlatform' loaded TargetPlatform 'Android_PVRTCClient'
[2023.09.15-05.10.13:013][  0]LogTemp: Display: Module 'AndroidTargetPlatform' loaded TargetPlatform 'Android_Multi'
[2023.09.15-05.10.13:013][  0]LogTemp: Display: Module 'AndroidTargetPlatform' loaded TargetPlatform 'Android_MultiClient'
[2023.09.15-05.10.13:014][  0]LogTemp: Display: Module 'HTML5TargetPlatform' loaded TargetPlatform 'HTML5'
[2023.09.15-05.10.13:070][  0]LogTemp: Display: Module 'IOSTargetPlatform' loaded TargetPlatform 'IOSClient'
[2023.09.15-05.10.13:070][  0]LogTemp: Display: Module 'IOSTargetPlatform' loaded TargetPlatform 'IOS'
[2023.09.15-05.10.13:099][  0]LogTemp: Display: Module 'TVOSTargetPlatform' loaded TargetPlatform 'TVOSClient'
[2023.09.15-05.10.13:099][  0]LogTemp: Display: Module 'TVOSTargetPlatform' loaded TargetPlatform 'TVOS'
[2023.09.15-05.10.13:114][  0]LogTemp: Display: Module 'LinuxClientTargetPlatform' loaded TargetPlatform 'LinuxClient'
[2023.09.15-05.10.13:129][  0]LogTemp: Display: Module 'LinuxNoEditorTargetPlatform' loaded TargetPlatform 'LinuxNoEditor'
[2023.09.15-05.10.13:142][  0]LogTemp: Display: Module 'LinuxServerTargetPlatform' loaded TargetPlatform 'LinuxServer'
[2023.09.15-05.10.13:159][  0]LogTemp: Display: Module 'LinuxTargetPlatform' loaded TargetPlatform 'Linux'
[2023.09.15-05.10.13:200][  0]LogTemp: Display: Module 'LuminTargetPlatform' loaded TargetPlatform 'Lumin'
[2023.09.15-05.10.13:200][  0]LogTemp: Display: Module 'LuminTargetPlatform' loaded TargetPlatform 'LuminClient'
[2023.09.15-05.10.13:200][  0]LogTargetPlatformManager: Display: Building Assets For Windows
[2023.09.15-05.10.13:206][  0]LogAudioDebug: Display: Lib vorbis DLL was dynamically loaded.
[2023.09.15-05.10.13:261][  0]LogShaderCompilers: Guid format shader working directory is -22 characters bigger than the processId version (../../../../Learn-Unreal-s-Blueprint-Visual-Scripting/9. AI 업그레이드/Intermediate/Shaders/WorkingDirectory/10552/).
[2023.09.15-05.10.13:261][  0]LogShaderCompilers: Cleaned the shader compiler working directory 'C:/Users/MDC/AppData/Local/Temp/UnrealShaderWorkingDir/9FF34709402A08B26FA3D6B9A46B131C/'.
[2023.09.15-05.10.13:262][  0]LogXGEController: Cleaning working directory: C:/Users/MDC/AppData/Local/Temp/UnrealXGEWorkingDir/
[2023.09.15-05.10.13:263][  0]LogXGEController: Cannot use XGE Controller as Incredibuild is not installed on this machine.
[2023.09.15-05.10.13:263][  0]LogShaderCompilers: Cannot use XGE Shader Compiler as Incredibuild is not installed on this machine.
[2023.09.15-05.10.13:263][  0]LogShaderCompilers: Display: Using Local Shader Compiler.
[2023.09.15-05.10.13:802][  0]LogDerivedDataCache: Display: Max Cache Size: 512 MB
[2023.09.15-05.10.13:864][  0]LogDerivedDataCache: Loaded boot cache 0.06s 71MB C:/Users/MDC/AppData/Local/UnrealEngine/4.22/DerivedDataCache/Boot.ddc.
[2023.09.15-05.10.13:864][  0]LogDerivedDataCache: Display: Loaded Boot cache: C:/Users/MDC/AppData/Local/UnrealEngine/4.22/DerivedDataCache/Boot.ddc
[2023.09.15-05.10.13:864][  0]LogDerivedDataCache: FDerivedDataBackendGraph:  Pak pak cache file ../../../../Learn-Unreal-s-Blueprint-Visual-Scripting/9. AI 업그레이드/DerivedDataCache/DDC.ddp not found, will not use a pak cache.
[2023.09.15-05.10.13:864][  0]LogDerivedDataCache: Unable to find inner node Pak for hierarchical cache Hierarchy.
[2023.09.15-05.10.13:864][  0]LogDerivedDataCache: FDerivedDataBackendGraph:  CompressedPak pak cache file ../../../../Learn-Unreal-s-Blueprint-Visual-Scripting/9. AI 업그레이드/DerivedDataCache/Compressed.ddp not found, will not use a pak cache.
[2023.09.15-05.10.13:864][  0]LogDerivedDataCache: Unable to find inner node CompressedPak for hierarchical cache Hierarchy.
[2023.09.15-05.10.13:876][  0]LogDerivedDataCache: Display: Pak cache opened for reading ../../../Engine/DerivedDataCache/Compressed.ddp.
[2023.09.15-05.10.13:876][  0]LogDerivedDataCache: FDerivedDataBackendGraph:  EnterprisePak pak cache file ../../../Enterprise/DerivedDataCache/Compressed.ddp not found, will not use a pak cache.
[2023.09.15-05.10.13:876][  0]LogDerivedDataCache: Unable to find inner node EnterprisePak for hierarchical cache Hierarchy.
[2023.09.15-05.10.13:888][  0]LogDerivedDataCache: Using Local data cache path C:/Users/MDC/AppData/Local/UnrealEngine/Common/DerivedDataCache: Writable
[2023.09.15-05.10.13:888][  0]LogDerivedDataCache: Shared data cache path not found in *engine.ini, will not use an Shared cache.
[2023.09.15-05.10.13:888][  0]LogDerivedDataCache: Unable to find inner node Shared for hierarchical cache Hierarchy.
[2023.09.15-05.10.13:925][  0]LogMaterial: Verifying Global Shaders for PCD3D_SM5
[2023.09.15-05.10.13:927][  0]LogSlate: Using FreeType 2.6.0
[2023.09.15-05.10.13:927][  0]LogSlate: SlateFontServices - WITH_FREETYPE: 1, WITH_HARFBUZZ: 1
[2023.09.15-05.10.14:013][  0]LogAssetRegistry: FAssetRegistry took 0.0336 seconds to start up
[2023.09.15-05.10.14:367][  0]LogInit: Selected Device Profile: [Windows]
[2023.09.15-05.10.14:495][  0]LogMeshReduction: Using QuadricMeshReduction for automatic static mesh reduction
[2023.09.15-05.10.14:495][  0]LogMeshReduction: Using SimplygonMeshReduction for automatic skeletal mesh reduction
[2023.09.15-05.10.14:495][  0]LogMeshReduction: Using ProxyLODMeshReduction for automatic mesh merging
[2023.09.15-05.10.14:495][  0]LogMeshReduction: No distributed automatic mesh merging module available
[2023.09.15-05.10.14:495][  0]LogMeshMerging: No distributed automatic mesh merging module available
[2023.09.15-05.10.14:515][  0]LogNetVersion: SurvivalMazeExplorer 1.0.0, NetCL: 5660361, EngineNetVer: 10, GameNetVer: 0 (Checksum: 2621776053)
[2023.09.15-05.10.14:931][  0]LogPackageLocalizationCache: Processed 10 localized package path(s) for 1 prioritized culture(s) in 0.030031 seconds
[2023.09.15-05.10.14:941][  0]LogUObjectArray: 42205 objects as part of root set at end of initial load.
[2023.09.15-05.10.14:941][  0]LogUObjectAllocator: 7325032 out of 0 bytes used by permanent object pool.
[2023.09.15-05.10.14:941][  0]LogUObjectArray: CloseDisregardForGC: 0/0 objects in disregard for GC pool
[2023.09.15-05.10.15:649][  0]LogTcpMessaging: Initializing TcpMessaging bridge
[2023.09.15-05.10.15:663][  0]LogUdpMessaging: Initializing bridge on interface 0.0.0.0:0 to multicast group 230.0.0.1:6666.
[2023.09.15-05.10.15:759][  0]SourceControl: 소스 컨트롤이 꺼져 있습니다.
[2023.09.15-05.10.15:759][  0]SourceControl: 소스 컨트롤이 꺼져 있습니다.
[2023.09.15-05.10.15:760][  0]SourceControl: 소스 컨트롤이 꺼져 있습니다.
[2023.09.15-05.10.15:761][  0]SourceControl: 소스 컨트롤이 꺼져 있습니다.
[2023.09.15-05.10.15:818][  0]LogAndroidPermission: UAndroidPermissionCallbackProxy::GetInstance
[2023.09.15-05.10.15:889][  0]LogOcInput: OculusInput pre-init called
[2023.09.15-05.10.16:481][  0]LogEngine: Initializing Engine...
[2023.09.15-05.10.16:482][  0]LogHMD: Failed to initialize OpenVR with code 110
[2023.09.15-05.10.16:483][  0]LogStats: UGameplayTagsManager::InitializeManager -  0.000 s
[2023.09.15-05.10.16:683][  0]LogInit: Initializing FReadOnlyCVARCache
[2023.09.15-05.10.16:696][  0]LogAIModule: Creating AISystem for world Untitled
[2023.09.15-05.10.16:776][  0]LogInit: XAudio2 using '헤드폰(Galaxy Buds+ (6D4C))' : 2 channels at 48 kHz using 16 bits per sample (channel mask 0x3)
[2023.09.15-05.10.16:797][  0]LogInit: FAudioDevice initialized.
[2023.09.15-05.10.16:797][  0]LogNetVersion: Set ProjectVersion to 1.0.0.0. Version Checksum will be recalculated on next use.
[2023.09.15-05.10.17:001][  0]LogDerivedDataCache: Saved boot cache 0.20s 71MB C:/Users/MDC/AppData/Local/UnrealEngine/4.22/DerivedDataCache/Boot.ddc.
[2023.09.15-05.10.17:002][  0]LogInit: Texture streaming: Enabled
[2023.09.15-05.10.17:014][  0]LogEngineSessionManager: EngineSessionManager initialized
[2023.09.15-05.10.17:042][  0]LogInit: Transaction tracking system initialized
[2023.09.15-05.10.17:064][  0]BlueprintLog: New page: 에디터 로드
[2023.09.15-05.10.17:149][  0]LocalizationService: 현지화 서비스가 비활성화되었습니다.
[2023.09.15-05.10.17:492][  0]LogCook: Display: Max memory allowance for cook 16384mb min free memory 0mb
[2023.09.15-05.10.17:492][  0]LogCook: Display: Mobile HDR setting 1
[2023.09.15-05.10.17:647][  0]LogFileCache: Scanning file cache for directory 'D:/Learn-Unreal-s-Blueprint-Visual-Scripting/9. AI 업그레이드/Content/' took 0.02s
[2023.09.15-05.10.17:647][  0]SourceControl: 소스 컨트롤이 꺼져 있습니다.
[2023.09.15-05.10.17:647][  0]Cmd: MAP LOAD FILE="../../../../Learn-Unreal-s-Blueprint-Visual-Scripting/9. AI 업그레이드/Content/FirstPersonBP/Maps/MazeSurvivalMap.umap" TEMPLATE=0 SHOWPROGRESS=1 FEATURELEVEL=3
[2023.09.15-05.10.17:647][  0]LightingResults: New page: 라이팅 빌드
[2023.09.15-05.10.17:650][  0]MapCheck: New page: 맵 체크
[2023.09.15-05.10.17:650][  0]LightingResults: New page: 라이팅 빌드
[2023.09.15-05.10.17:679][  0]LogUObjectHash: Compacting FUObjectHashTables data took   1.50ms
[2023.09.15-05.10.18:235][  0]LogAIModule: Creating AISystem for world MazeSurvivalMap
[2023.09.15-05.10.18:247][  0]LogEditorServer: Finished looking for orphan Actors (0.000 secs)
[2023.09.15-05.10.18:286][  0]LogUObjectHash: Compacting FUObjectHashTables data took   2.17ms
[2023.09.15-05.10.18:286][  0]Cmd: MAP CHECKDEP NOCLEARLOG
[2023.09.15-05.10.18:287][  0]MapCheck: 맵 체크 완료: 오류 0 회, 경고 0 회, 소요 시간 0.086ms.
[2023.09.15-05.10.18:287][  0]LogFileHelpers: Loading map 'MazeSurvivalMap' took 0.640
[2023.09.15-05.10.19:396][  0]LogSlate: Only BGRA pngs, bmps or icos are supported in by External Image Picker
[2023.09.15-05.10.19:434][  0]LogSlate: Updating window title bar state: overlay mode, drag disabled, window buttons hidden, title bar hidden
[2023.09.15-05.10.19:441][  0]LogSlate: Updating window title bar state: overlay mode, drag disabled, window buttons hidden, title bar hidden
[2023.09.15-05.10.19:448][  0]LogSlate: Updating window title bar state: overlay mode, drag disabled, window buttons hidden, title bar hidden
[2023.09.15-05.10.19:455][  0]LogSlate: Updating window title bar state: overlay mode, drag disabled, window buttons hidden, title bar hidden
[2023.09.15-05.10.19:459][  0]LogCollectionManager: Loaded 0 collections in 0.000715 seconds
[2023.09.15-05.10.19:486][  0]LogFileCache: Scanning file cache for directory 'D:/Learn-Unreal-s-Blueprint-Visual-Scripting/9. AI 업그레이드/Saved/Collections/' took 0.01s
[2023.09.15-05.10.19:486][  0]LogFileCache: Scanning file cache for directory 'D:/Learn-Unreal-s-Blueprint-Visual-Scripting/9. AI 업그레이드/Content/Developers/MDC/Collections/' took 0.00s
[2023.09.15-05.10.19:486][  0]LogFileCache: Scanning file cache for directory 'D:/Learn-Unreal-s-Blueprint-Visual-Scripting/9. AI 업그레이드/Content/Collections/' took 0.01s
[2023.09.15-05.10.19:486][  0]LogCollectionManager: Rebuilt the GUID cache for 0 collections in 0.000000 seconds
[2023.09.15-05.10.19:495][  0]LogContentBrowser: Native class hierarchy populated in 0.0084 seconds. Added 2732 classes and 659 folders.
[2023.09.15-05.10.19:501][  0]LogContentBrowser: Native class hierarchy updated for 'WidgetCarousel' in 0.0002 seconds. Added 0 classes and 0 folders.
[2023.09.15-05.10.19:503][  0]LogPakFile: Registered encryption key '00000000000000000000000000000000': 0 pak files mounted, 0 remain pending
[2023.09.15-05.10.19:503][  0]LogPakFile: Registered encryption key '00000000000000000000000000000000': 0 pak files mounted, 0 remain pending
[2023.09.15-05.10.19:504][  0]LogPakFile: Registered encryption key '00000000000000000000000000000000': 0 pak files mounted, 0 remain pending
[2023.09.15-05.10.19:504][  0]LogPakFile: Registered encryption key '00000000000000000000000000000000': 0 pak files mounted, 0 remain pending
[2023.09.15-05.10.19:505][  0]LogPakFile: Registered encryption key '00000000000000000000000000000000': 0 pak files mounted, 0 remain pending
[2023.09.15-05.10.19:505][  0]LogPakFile: Registered encryption key '00000000000000000000000000000000': 0 pak files mounted, 0 remain pending
[2023.09.15-05.10.19:506][  0]LogPakFile: Registered encryption key '00000000000000000000000000000000': 0 pak files mounted, 0 remain pending
[2023.09.15-05.10.19:506][  0]LogPakFile: Registered encryption key '00000000000000000000000000000000': 0 pak files mounted, 0 remain pending
[2023.09.15-05.10.19:506][  0]LogPakFile: Registered encryption key '00000000000000000000000000000000': 0 pak files mounted, 0 remain pending
[2023.09.15-05.10.19:507][  0]LogPakFile: Registered encryption key '00000000000000000000000000000000': 0 pak files mounted, 0 remain pending
[2023.09.15-05.10.19:508][  0]LogPakFile: Registered encryption key '00000000000000000000000000000000': 0 pak files mounted, 0 remain pending
[2023.09.15-05.10.19:508][  0]LogPakFile: Registered encryption key '00000000000000000000000000000000': 0 pak files mounted, 0 remain pending
[2023.09.15-05.10.19:508][  0]LogPakFile: Registered encryption key '00000000000000000000000000000000': 0 pak files mounted, 0 remain pending
[2023.09.15-05.10.19:509][  0]LogPakFile: Registered encryption key '00000000000000000000000000000000': 0 pak files mounted, 0 remain pending
[2023.09.15-05.10.19:509][  0]LogPakFile: Registered encryption key '00000000000000000000000000000000': 0 pak files mounted, 0 remain pending
[2023.09.15-05.10.19:510][  0]LogPakFile: Registered encryption key '00000000000000000000000000000000': 0 pak files mounted, 0 remain pending
[2023.09.15-05.10.19:510][  0]LogPakFile: Registered encryption key '00000000000000000000000000000000': 0 pak files mounted, 0 remain pending
[2023.09.15-05.10.19:511][  0]LogPakFile: Registered encryption key '00000000000000000000000000000000': 0 pak files mounted, 0 remain pending
[2023.09.15-05.10.19:511][  0]LogPakFile: Registered encryption key '00000000000000000000000000000000': 0 pak files mounted, 0 remain pending
[2023.09.15-05.10.19:511][  0]LogPakFile: Registered encryption key '00000000000000000000000000000000': 0 pak files mounted, 0 remain pending
[2023.09.15-05.10.19:512][  0]LogPakFile: Registered encryption key '00000000000000000000000000000000': 0 pak files mounted, 0 remain pending
[2023.09.15-05.10.19:512][  0]LogPakFile: Registered encryption key '00000000000000000000000000000000': 0 pak files mounted, 0 remain pending
[2023.09.15-05.10.19:513][  0]LogPakFile: Registered encryption key '00000000000000000000000000000000': 0 pak files mounted, 0 remain pending
[2023.09.15-05.10.19:513][  0]LogPakFile: Registered encryption key '00000000000000000000000000000000': 0 pak files mounted, 0 remain pending
[2023.09.15-05.10.19:513][  0]LogPakFile: Registered encryption key '00000000000000000000000000000000': 0 pak files mounted, 0 remain pending
[2023.09.15-05.10.19:514][  0]LogPakFile: Registered encryption key '00000000000000000000000000000000': 0 pak files mounted, 0 remain pending
[2023.09.15-05.10.19:538][  0]LogContentBrowser: Native class hierarchy updated for 'AddContentDialog' in 0.0004 seconds. Added 0 classes and 0 folders.
[2023.09.15-05.10.19:545][  0]LogContentBrowser: Native class hierarchy updated for 'SceneOutliner' in 0.0003 seconds. Added 1 classes and 2 folders.
[2023.09.15-05.10.19:667][  0]LogContentBrowser: Native class hierarchy updated for 'HierarchicalLODOutliner' in 0.0003 seconds. Added 0 classes and 0 folders.
[2023.09.15-05.10.19:667][  0]LogLoad: (Engine Initialization) Total time: 9.43 seconds
[2023.09.15-05.10.19:667][  0]LogLoad: (Engine Initialization) Total Blueprint compile time: 0.00 seconds
[2023.09.15-05.10.19:752][  0]LogRenderer: Reallocating scene render targets to support 64x64 Format 10 NumSamples 1 (Frame:1).
[2023.09.15-05.10.19:752][  0]LogAssetRegistry: Asset discovery search completed in 5.7615 seconds
[2023.09.15-05.10.19:755][  0]LogCollectionManager: Rebuilt the object cache for 0 collections in 0.000001 seconds (found 0 objects)
[2023.09.15-05.10.19:755][  0]LogCollectionManager: Fixed up redirectors for 0 collections in 0.000097 seconds (updated 0 objects)
[2023.09.15-05.10.19:755][  0]LogContentStreaming: Texture pool size now 1000 MB
[2023.09.15-05.10.19:770][  0]LogSlate: Took 0.000149 seconds to synchronously load lazily loaded font '../../../Engine/Content/Slate/Fonts/Roboto-Regular.ttf' (155K)
[2023.09.15-05.10.19:773][  0]LogSlate: Took 0.002303 seconds to synchronously load lazily loaded font '../../../Engine/Content/Editor/Slate/Fonts/NanumGothic.ttf' (4243K)
[2023.09.15-05.10.19:778][  0]LogSlate: Took 0.003888 seconds to synchronously load lazily loaded font '../../../Engine/Content/Editor/Slate/Fonts/NanumGothicBold.ttf' (4188K)
[2023.09.15-05.10.19:778][  0]LogSlate: Took 0.000130 seconds to synchronously load lazily loaded font '../../../Engine/Content/Slate/Fonts/Roboto-Bold.ttf' (160K)
[2023.09.15-05.10.19:782][  0]LogSlate: Took 0.000238 seconds to synchronously load lazily loaded font '../../../Engine/Content/Editor/Slate/Fonts/FontAwesome.ttf' (139K)
[2023.09.15-05.10.19:887][  0]LogRenderer: Reallocating scene render targets to support 804x360 Format 10 NumSamples 1 (Frame:1).
[2023.09.15-05.10.19:887][  0]LogSlate: Took 0.000147 seconds to synchronously load lazily loaded font '../../../Engine/Content/Slate/Fonts/Roboto-Light.ttf' (167K)
[2023.09.15-05.10.21:040][  4]LogSlate: Took 0.000137 seconds to synchronously load lazily loaded font '../../../Engine/Content/Slate/Fonts/Roboto-Light.ttf' (167K)
